#
# There is insufficient memory for the Java Runtime Environment to continue.
# Native memory allocation (malloc) failed to allocate 1320656 bytes for Chunk::new
# Possible reasons:
#   The system is out of physical RAM or swap space
#   The process is running with CompressedOops enabled, and the Java Heap may be blocking the growth of the native heap
# Possible solutions:
#   Reduce memory load on the system
#   Increase physical memory or swap space
#   Check if swap backing store is full
#   Decrease Java heap size (-Xmx/-Xms)
#   Decrease number of Java threads
#   Decrease Java thread stack sizes (-Xss)
#   Set larger code cache with -XX:ReservedCodeCacheSize=
#   JVM is running with Unscaled Compressed Oops mode in which the Java heap is
#     placed in the first 4GB address space. The Java Heap base address is the
#     maximum limit for the native heap growth. Please use -XX:HeapBaseMinAddress
#     to set the Java Heap base and to place the Java Heap above 4GB virtual address.
# This output file may be truncated or incomplete.
#
#  Out of Memory Error (./src/hotspot/share/memory/arena.cpp:197), pid=4508, tid=2824
#
# JRE version: OpenJDK Runtime Environment (11.0.11+9) (build 11.0.11+9-b60-7590822)
# Java VM: OpenJDK 64-Bit Server VM (11.0.11+9-b60-7590822, mixed mode, tiered, compressed oops, g1 gc, windows-amd64)
# No core dump will be written. Minidumps are not enabled by default on client versions of Windows
#

---------------  S U M M A R Y ------------

Command Line: --add-opens=java.base/java.util=ALL-UNNAMED --add-opens=java.base/java.lang=ALL-UNNAMED --add-opens=java.base/java.lang.invoke=ALL-UNNAMED --add-opens=java.base/java.util=ALL-UNNAMED --add-opens=java.prefs/java.util.prefs=ALL-UNNAMED --add-opens=java.prefs/java.util.prefs=ALL-UNNAMED --add-opens=java.base/java.nio.charset=ALL-UNNAMED --add-opens=java.base/java.net=ALL-UNNAMED --add-opens=java.base/java.util.concurrent.atomic=ALL-UNNAMED -Xmx2048m -Dfile.encoding=UTF-8 -Duser.country=US -Duser.language=en -Duser.variant org.gradle.launcher.daemon.bootstrap.GradleDaemon 7.2

Host: Intel(R) Core(TM) i7-7700 CPU @ 3.60GHz, 8 cores, 15G,  Windows 10 , 64 bit Build 19041 (10.0.19041.1566)
Time: Mon Mar 28 16:50:18 2022 Jordan Daylight Time elapsed time: 586.938375 seconds (0d 0h 9m 46s)

---------------  T H R E A D  ---------------

Current thread (0x00000256c77a2000):  JavaThread "C2 CompilerThread0" daemon [_thread_in_native, id=2824, stack(0x0000006984100000,0x0000006984200000)]


Current CompileTask:
C2: 586938 21478       4       org.gradle.api.internal.artifacts.ivyservice.resolveengine.result.ResolvedVariantResultSerializer::write (150 bytes)

Stack: [0x0000006984100000,0x0000006984200000]
Native frames: (J=compiled Java code, j=interpreted, Vv=VM code, C=native code)
V  [jvm.dll+0x5f214a]
V  [jvm.dll+0x726fb5]
V  [jvm.dll+0x7285cd]
V  [jvm.dll+0x728c83]
V  [jvm.dll+0x243278]
V  [jvm.dll+0xbc53c]
V  [jvm.dll+0xbca3c]
V  [jvm.dll+0x353e3b]
V  [jvm.dll+0x321893]
V  [jvm.dll+0x320d8a]
V  [jvm.dll+0x1fc1e2]
V  [jvm.dll+0x1fb3d4]
V  [jvm.dll+0x183d6c]
V  [jvm.dll+0x209a57]
V  [jvm.dll+0x2082a1]
V  [jvm.dll+0x6ef58f]
V  [jvm.dll+0x6e80b5]
V  [jvm.dll+0x5f1036]
C  [ucrtbase.dll+0x21bb2]
C  [KERNEL32.DLL+0x17034]
C  [ntdll.dll+0x52651]


---------------  P R O C E S S  ---------------

Threads class SMR info:
_java_thread_list=0x00000256d0742210, length=132, elements={
0x00000256ac27c000, 0x00000256c7734800, 0x00000256c7736000, 0x00000256c7799800,
0x00000256c779b000, 0x00000256c779d000, 0x00000256c77a2000, 0x00000256c77ab000,
0x00000256c77ae000, 0x00000256c791e000, 0x00000256c8d73000, 0x00000256c9964000,
0x00000256c9cef000, 0x00000256c9b9e000, 0x00000256c9ba2000, 0x00000256c9ba1000,
0x00000256c9ba3800, 0x00000256c9ba4800, 0x00000256c9854000, 0x00000256c9854800,
0x00000256c9855800, 0x00000256c9852800, 0x00000256c985c000, 0x00000256cea79000,
0x00000256cea7f800, 0x00000256cea80800, 0x00000256ce3a0000, 0x00000256ce3a4000,
0x00000256ce3a1800, 0x00000256cea72800, 0x00000256cea76800, 0x00000256cb243800,
0x00000256cb24a000, 0x00000256cb24e000, 0x00000256cb24a800, 0x00000256cb24d000,
0x00000256cb24c800, 0x00000256d536b000, 0x00000256d5369000, 0x00000256c889a000,
0x00000256c8895000, 0x00000256c8897800, 0x00000256c8896000, 0x00000256c8898800,
0x00000256c8899800, 0x00000256c889b800, 0x00000256c889c800, 0x00000256c8897000,
0x00000256c88a3000, 0x00000256d24ba800, 0x00000256c889d800, 0x00000256d61bc800,
0x00000256c88a0000, 0x00000256c88a4000, 0x00000256c88a1800, 0x00000256c889e000,
0x00000256c889f000, 0x00000256c88a0800, 0x00000256c88a2800, 0x00000256d536a000,
0x00000256d536b800, 0x00000256d536d800, 0x00000256d536c800, 0x00000256d5368800,
0x00000256d5367800, 0x00000256d5373000, 0x00000256d5374000, 0x00000256d536e000,
0x00000256d5374800, 0x00000256d536f000, 0x00000256d5371800, 0x00000256d5370800,
0x00000256d5375800, 0x00000256d5372000, 0x00000256d536f800, 0x00000256d5376800,
0x00000256cea73800, 0x00000256cea77800, 0x00000256cea71800, 0x00000256cea7a000,
0x00000256cea78800, 0x00000256cea74000, 0x00000256cea7a800, 0x00000256cea76000,
0x00000256cea75000, 0x00000256cea7d000, 0x00000256cea7e000, 0x00000256cea7b800,
0x00000256cea7c800, 0x00000256cea7f000, 0x00000256ce3a5000, 0x00000256ce3a3000,
0x00000256ce3a6800, 0x00000256ce3a1000, 0x00000256ce3aa800, 0x00000256ce3a7800,
0x00000256ce3ae000, 0x00000256ce3ab800, 0x00000256ce3ac000, 0x00000256ce3ad000,
0x00000256ce3a8000, 0x00000256ce3ae800, 0x00000256ce3a9000, 0x00000256ce3aa000,
0x00000256cb244000, 0x00000256cb245000, 0x00000256cb240000, 0x00000256cb242800,
0x00000256cb23f800, 0x00000256cb241800, 0x00000256cb24b800, 0x00000256cb246000,
0x00000256cb246800, 0x00000256cb247800, 0x00000256cb248800, 0x00000256cb249000,
0x00000256c9851800, 0x00000256c985b800, 0x00000256c985d800, 0x00000256c985d000,
0x00000256c985e800, 0x00000256c985a800, 0x00000256c9859000, 0x00000256c985f800,
0x00000256c9859800, 0x00000256c9860000, 0x00000256c9b9f800, 0x00000256c9ba0000,
0x00000256c9ba2800, 0x00000256c9b9e800, 0x00000256d4d66000, 0x00000256d4d67800
}

Java Threads: ( => current thread )
  0x00000256ac27c000 JavaThread "main" [_thread_blocked, id=5972, stack(0x0000006983500000,0x0000006983600000)]
  0x00000256c7734800 JavaThread "Reference Handler" daemon [_thread_blocked, id=7428, stack(0x0000006983c00000,0x0000006983d00000)]
  0x00000256c7736000 JavaThread "Finalizer" daemon [_thread_blocked, id=10512, stack(0x0000006983d00000,0x0000006983e00000)]
  0x00000256c7799800 JavaThread "Signal Dispatcher" daemon [_thread_blocked, id=10392, stack(0x0000006983e00000,0x0000006983f00000)]
  0x00000256c779b000 JavaThread "Attach Listener" daemon [_thread_blocked, id=9196, stack(0x0000006983f00000,0x0000006984000000)]
  0x00000256c779d000 JavaThread "Service Thread" daemon [_thread_blocked, id=4460, stack(0x0000006984000000,0x0000006984100000)]
=>0x00000256c77a2000 JavaThread "C2 CompilerThread0" daemon [_thread_in_native, id=2824, stack(0x0000006984100000,0x0000006984200000)]
  0x00000256c77ab000 JavaThread "C1 CompilerThread0" daemon [_thread_blocked, id=10276, stack(0x0000006984200000,0x0000006984300000)]
  0x00000256c77ae000 JavaThread "Sweeper thread" daemon [_thread_blocked, id=10700, stack(0x0000006984300000,0x0000006984400000)]
  0x00000256c791e000 JavaThread "Common-Cleaner" daemon [_thread_blocked, id=3156, stack(0x0000006984400000,0x0000006984500000)]
  0x00000256c8d73000 JavaThread "Daemon health stats" [_thread_blocked, id=5064, stack(0x0000006984d00000,0x0000006984e00000)]
  0x00000256c9964000 JavaThread "Incoming local TCP Connector on port 50684" [_thread_in_native, id=8980, stack(0x0000006984e00000,0x0000006984f00000)]
  0x00000256c9cef000 JavaThread "Daemon periodic checks" [_thread_blocked, id=10944, stack(0x0000006984f00000,0x0000006985000000)]
  0x00000256c9b9e000 JavaThread "Cache worker for journal cache (C:\Users\Shrooq\.gradle\caches\journal-1)" [_thread_blocked, id=828, stack(0x0000006984700000,0x0000006984800000)]
  0x00000256c9ba2000 JavaThread "File lock request listener" [_thread_in_native, id=6752, stack(0x0000006985700000,0x0000006985800000)]
  0x00000256c9ba1000 JavaThread "Cache worker for file hash cache (C:\Users\Shrooq\.gradle\caches\7.2\fileHashes)" [_thread_blocked, id=6704, stack(0x0000006985800000,0x0000006985900000)]
  0x00000256c9ba3800 JavaThread "File watcher server" daemon [_thread_in_native, id=11928, stack(0x0000006985d00000,0x0000006985e00000)]
  0x00000256c9ba4800 JavaThread "File watcher consumer" daemon [_thread_blocked, id=9696, stack(0x0000006985e00000,0x0000006985f00000)]
  0x00000256c9854000 JavaThread "Cache worker for execution history cache (C:\Users\Shrooq\.gradle\caches\7.2\executionHistory)" [_thread_blocked, id=8996, stack(0x0000006986200000,0x0000006986300000)]
  0x00000256c9854800 JavaThread "jar transforms" [_thread_blocked, id=9524, stack(0x0000006986400000,0x0000006986500000)]
  0x00000256c9855800 JavaThread "Cache worker for file content cache (C:\Users\Shrooq\.gradle\caches\7.2\fileContent)" [_thread_blocked, id=1468, stack(0x0000006986500000,0x0000006986600000)]
  0x00000256c9852800 JavaThread "jar transforms Thread 2" [_thread_blocked, id=4612, stack(0x0000006986600000,0x0000006986700000)]
  0x00000256c985c000 JavaThread "jar transforms Thread 3" [_thread_blocked, id=5480, stack(0x0000006986800000,0x0000006986900000)]
  0x00000256cea79000 JavaThread "jar transforms Thread 4" [_thread_blocked, id=11628, stack(0x000000698ba00000,0x000000698bb00000)]
  0x00000256cea7f800 JavaThread "jar transforms Thread 5" [_thread_blocked, id=6684, stack(0x000000698bb00000,0x000000698bc00000)]
  0x00000256cea80800 JavaThread "jar transforms Thread 6" [_thread_blocked, id=8084, stack(0x000000698bc00000,0x000000698bd00000)]
  0x00000256ce3a0000 JavaThread "jar transforms Thread 7" [_thread_blocked, id=4532, stack(0x000000698bd00000,0x000000698be00000)]
  0x00000256ce3a4000 JavaThread "jar transforms Thread 8" [_thread_blocked, id=7112, stack(0x000000698be00000,0x000000698bf00000)]
  0x00000256ce3a1800 JavaThread "Memory manager" [_thread_blocked, id=5600, stack(0x000000698bf00000,0x000000698c000000)]
  0x00000256cea72800 JavaThread "Daemon Thread 3" [_thread_blocked, id=7204, stack(0x0000006983200000,0x0000006983300000)]
  0x00000256cea76800 JavaThread "Daemon worker Thread 3" [_thread_in_Java, id=2756, stack(0x0000006984600000,0x0000006984700000)]
  0x00000256cb243800 JavaThread "Cache worker for Java compile cache (C:\Users\Shrooq\.gradle\caches\7.2\javaCompile)" [_thread_blocked, id=9204, stack(0x000000698cf00000,0x000000698d000000)]
  0x00000256cb24a000 JavaThread "ForkJoinPool.commonPool-worker-3" daemon [_thread_blocked, id=9304, stack(0x000000698dc00000,0x000000698dd00000)]
  0x00000256cb24e000 JavaThread "ForkJoinPool.commonPool-worker-5" daemon [_thread_blocked, id=8212, stack(0x000000698dd00000,0x000000698de00000)]
  0x00000256cb24a800 JavaThread "ForkJoinPool.commonPool-worker-7" daemon [_thread_blocked, id=6736, stack(0x000000698de00000,0x000000698df00000)]
  0x00000256cb24d000 JavaThread "ForkJoinPool.commonPool-worker-9" daemon [_thread_blocked, id=6836, stack(0x000000698df00000,0x000000698e000000)]
  0x00000256cb24c800 JavaThread "ForkJoinPool.commonPool-worker-11" daemon [_thread_blocked, id=9552, stack(0x000000698e000000,0x000000698e100000)]
  0x00000256d536b000 JavaThread "ForkJoinPool.commonPool-worker-13" daemon [_thread_blocked, id=492, stack(0x000000698e100000,0x000000698e200000)]
  0x00000256d5369000 JavaThread "ForkJoinPool.commonPool-worker-15" daemon [_thread_blocked, id=2080, stack(0x000000698e200000,0x000000698e300000)]
  0x00000256c889a000 JavaThread "Handler for socket connection from /127.0.0.1:50684 to /127.0.0.1:50897" [_thread_in_native, id=6928, stack(0x0000006983300000,0x0000006983400000)]
  0x00000256c8895000 JavaThread "Cancel handler" [_thread_blocked, id=6640, stack(0x0000006983400000,0x0000006983500000)]
  0x00000256c8897800 JavaThread "Asynchronous log dispatcher for DefaultDaemonConnection: socket connection from /127.0.0.1:50684 to /127.0.0.1:50897" [_thread_blocked, id=10144, stack(0x0000006985000000,0x0000006985100000)]
  0x00000256c8896000 JavaThread "Stdin handler" [_thread_blocked, id=2652, stack(0x0000006985100000,0x0000006985200000)]
  0x00000256c8898800 JavaThread "Daemon client event forwarder" [_thread_blocked, id=3024, stack(0x0000006985200000,0x0000006985300000)]
  0x00000256c8899800 JavaThread "Cache worker for file hash cache (C:\Users\Shrooq\AndroidStudioProjects\MyApplication\.gradle\7.2\fileHashes)" [_thread_blocked, id=8748, stack(0x0000006985300000,0x0000006985400000)]
  0x00000256c889b800 JavaThread "Cache worker for checksums cache (C:\Users\Shrooq\AndroidStudioProjects\MyApplication\.gradle\checksums)" [_thread_blocked, id=7944, stack(0x0000006985400000,0x0000006985500000)]
  0x00000256c889c800 JavaThread "Cache worker for cache directory md-supplier (C:\Users\Shrooq\.gradle\caches\7.2\md-supplier)" [_thread_blocked, id=8312, stack(0x0000006985600000,0x0000006985700000)]
  0x00000256c8897000 JavaThread "Cache worker for cache directory md-rule (C:\Users\Shrooq\.gradle\caches\7.2\md-rule)" [_thread_blocked, id=1516, stack(0x0000006985f00000,0x0000006986000000)]
  0x00000256c88a3000 JavaThread "Cache worker for dependencies-accessors (C:\Users\Shrooq\AndroidStudioProjects\MyApplication\.gradle\7.2\dependencies-accessors)" [_thread_blocked, id=10544, stack(0x0000006986000000,0x0000006986100000)]
  0x00000256d24ba800 JavaThread "C2 CompilerThread1" daemon [_thread_in_native, id=3264, stack(0x0000006986100000,0x0000006986200000)]
  0x00000256c889d800 JavaThread "Cache worker for Build Output Cleanup Cache (C:\Users\Shrooq\AndroidStudioProjects\MyApplication\.gradle\buildOutputCleanup)" [_thread_blocked, id=4732, stack(0x0000006986300000,0x0000006986400000)]
  0x00000256d61bc800 JavaThread "C2 CompilerThread2" daemon [_thread_blocked, id=1200, stack(0x0000006986700000,0x0000006986800000)]
  0x00000256c88a0000 JavaThread "Unconstrained build operations" [_thread_blocked, id=10220, stack(0x0000006986900000,0x0000006986a00000)]
  0x00000256c88a4000 JavaThread "Unconstrained build operations Thread 2" [_thread_blocked, id=9376, stack(0x0000006986a00000,0x0000006986b00000)]
  0x00000256c88a1800 JavaThread "Unconstrained build operations Thread 3" [_thread_blocked, id=3732, stack(0x0000006986b00000,0x0000006986c00000)]
  0x00000256c889e000 JavaThread "Unconstrained build operations Thread 4" [_thread_blocked, id=8752, stack(0x0000006986c00000,0x0000006986d00000)]
  0x00000256c889f000 JavaThread "Unconstrained build operations Thread 5" [_thread_blocked, id=10784, stack(0x0000006986d00000,0x0000006986e00000)]
  0x00000256c88a0800 JavaThread "Unconstrained build operations Thread 6" [_thread_blocked, id=11132, stack(0x0000006986e00000,0x0000006986f00000)]
  0x00000256c88a2800 JavaThread "Unconstrained build operations Thread 7" [_thread_blocked, id=9996, stack(0x0000006986f00000,0x0000006987000000)]
  0x00000256d536a000 JavaThread "Unconstrained build operations Thread 8" [_thread_blocked, id=4808, stack(0x0000006987000000,0x0000006987100000)]
  0x00000256d536b800 JavaThread "Unconstrained build operations Thread 9" [_thread_blocked, id=11584, stack(0x0000006987100000,0x0000006987200000)]
  0x00000256d536d800 JavaThread "Unconstrained build operations Thread 10" [_thread_blocked, id=9300, stack(0x0000006987200000,0x0000006987300000)]
  0x00000256d536c800 JavaThread "Unconstrained build operations Thread 11" [_thread_blocked, id=2076, stack(0x0000006987300000,0x0000006987400000)]
  0x00000256d5368800 JavaThread "Unconstrained build operations Thread 12" [_thread_blocked, id=2768, stack(0x0000006987400000,0x0000006987500000)]
  0x00000256d5367800 JavaThread "Unconstrained build operations Thread 13" [_thread_blocked, id=6744, stack(0x0000006987500000,0x0000006987600000)]
  0x00000256d5373000 JavaThread "Unconstrained build operations Thread 14" [_thread_blocked, id=4468, stack(0x0000006987600000,0x0000006987700000)]
  0x00000256d5374000 JavaThread "Unconstrained build operations Thread 15" [_thread_blocked, id=4440, stack(0x0000006987700000,0x0000006987800000)]
  0x00000256d536e000 JavaThread "Unconstrained build operations Thread 16" [_thread_blocked, id=6268, stack(0x0000006987800000,0x0000006987900000)]
  0x00000256d5374800 JavaThread "Unconstrained build operations Thread 17" [_thread_blocked, id=10436, stack(0x0000006987900000,0x0000006987a00000)]
  0x00000256d536f000 JavaThread "Unconstrained build operations Thread 18" [_thread_blocked, id=8420, stack(0x0000006987a00000,0x0000006987b00000)]
  0x00000256d5371800 JavaThread "Unconstrained build operations Thread 19" [_thread_blocked, id=5164, stack(0x0000006987b00000,0x0000006987c00000)]
  0x00000256d5370800 JavaThread "Unconstrained build operations Thread 20" [_thread_blocked, id=10328, stack(0x0000006987c00000,0x0000006987d00000)]
  0x00000256d5375800 JavaThread "Unconstrained build operations Thread 21" [_thread_blocked, id=1500, stack(0x0000006987d00000,0x0000006987e00000)]
  0x00000256d5372000 JavaThread "Unconstrained build operations Thread 22" [_thread_blocked, id=2972, stack(0x0000006987e00000,0x0000006987f00000)]
  0x00000256d536f800 JavaThread "Unconstrained build operations Thread 23" [_thread_blocked, id=2212, stack(0x0000006987f00000,0x0000006988000000)]
  0x00000256d5376800 JavaThread "Unconstrained build operations Thread 24" [_thread_blocked, id=2508, stack(0x0000006988000000,0x0000006988100000)]
  0x00000256cea73800 JavaThread "Unconstrained build operations Thread 25" [_thread_blocked, id=4600, stack(0x0000006988100000,0x0000006988200000)]
  0x00000256cea77800 JavaThread "Unconstrained build operations Thread 26" [_thread_blocked, id=3864, stack(0x0000006988200000,0x0000006988300000)]
  0x00000256cea71800 JavaThread "Unconstrained build operations Thread 27" [_thread_blocked, id=10900, stack(0x0000006988300000,0x0000006988400000)]
  0x00000256cea7a000 JavaThread "Unconstrained build operations Thread 28" [_thread_blocked, id=8640, stack(0x0000006988400000,0x0000006988500000)]
  0x00000256cea78800 JavaThread "Unconstrained build operations Thread 29" [_thread_blocked, id=11160, stack(0x0000006988500000,0x0000006988600000)]
  0x00000256cea74000 JavaThread "Unconstrained build operations Thread 30" [_thread_blocked, id=7844, stack(0x0000006988600000,0x0000006988700000)]
  0x00000256cea7a800 JavaThread "Unconstrained build operations Thread 31" [_thread_blocked, id=11524, stack(0x0000006988700000,0x0000006988800000)]
  0x00000256cea76000 JavaThread "Unconstrained build operations Thread 32" [_thread_blocked, id=2100, stack(0x0000006988800000,0x0000006988900000)]
  0x00000256cea75000 JavaThread "Unconstrained build operations Thread 33" [_thread_blocked, id=4564, stack(0x0000006988900000,0x0000006988a00000)]
  0x00000256cea7d000 JavaThread "Unconstrained build operations Thread 34" [_thread_blocked, id=11172, stack(0x0000006988a00000,0x0000006988b00000)]
  0x00000256cea7e000 JavaThread "Unconstrained build operations Thread 35" [_thread_blocked, id=3480, stack(0x0000006988b00000,0x0000006988c00000)]
  0x00000256cea7b800 JavaThread "Unconstrained build operations Thread 36" [_thread_blocked, id=1248, stack(0x0000006988c00000,0x0000006988d00000)]
  0x00000256cea7c800 JavaThread "Unconstrained build operations Thread 37" [_thread_blocked, id=10020, stack(0x0000006988d00000,0x0000006988e00000)]
  0x00000256cea7f000 JavaThread "Unconstrained build operations Thread 38" [_thread_blocked, id=6868, stack(0x0000006988e00000,0x0000006988f00000)]
  0x00000256ce3a5000 JavaThread "Unconstrained build operations Thread 39" [_thread_blocked, id=11848, stack(0x0000006988f00000,0x0000006989000000)]
  0x00000256ce3a3000 JavaThread "Unconstrained build operations Thread 40" [_thread_blocked, id=4092, stack(0x0000006989000000,0x0000006989100000)]
  0x00000256ce3a6800 JavaThread "Unconstrained build operations Thread 41" [_thread_blocked, id=5240, stack(0x0000006989100000,0x0000006989200000)]
  0x00000256ce3a1000 JavaThread "Unconstrained build operations Thread 42" [_thread_blocked, id=1828, stack(0x0000006989200000,0x0000006989300000)]
  0x00000256ce3aa800 JavaThread "Unconstrained build operations Thread 43" [_thread_blocked, id=8976, stack(0x0000006989300000,0x0000006989400000)]
  0x00000256ce3a7800 JavaThread "Unconstrained build operations Thread 44" [_thread_blocked, id=2484, stack(0x0000006989400000,0x0000006989500000)]
  0x00000256ce3ae000 JavaThread "Unconstrained build operations Thread 45" [_thread_blocked, id=12104, stack(0x0000006989500000,0x0000006989600000)]
  0x00000256ce3ab800 JavaThread "Unconstrained build operations Thread 46" [_thread_blocked, id=9264, stack(0x0000006989600000,0x0000006989700000)]
  0x00000256ce3ac000 JavaThread "Unconstrained build operations Thread 47" [_thread_blocked, id=11532, stack(0x0000006989700000,0x0000006989800000)]
  0x00000256ce3ad000 JavaThread "Unconstrained build operations Thread 48" [_thread_blocked, id=8360, stack(0x0000006989800000,0x0000006989900000)]
  0x00000256ce3a8000 JavaThread "Unconstrained build operations Thread 49" [_thread_blocked, id=6656, stack(0x0000006989900000,0x0000006989a00000)]
  0x00000256ce3ae800 JavaThread "Unconstrained build operations Thread 50" [_thread_blocked, id=5396, stack(0x0000006989a00000,0x0000006989b00000)]
  0x00000256ce3a9000 JavaThread "Unconstrained build operations Thread 51" [_thread_blocked, id=1676, stack(0x0000006989b00000,0x0000006989c00000)]
  0x00000256ce3aa000 JavaThread "Unconstrained build operations Thread 52" [_thread_blocked, id=5376, stack(0x0000006989c00000,0x0000006989d00000)]
  0x00000256cb244000 JavaThread "Unconstrained build operations Thread 53" [_thread_blocked, id=3200, stack(0x0000006989d00000,0x0000006989e00000)]
  0x00000256cb245000 JavaThread "Unconstrained build operations Thread 54" [_thread_blocked, id=5032, stack(0x0000006989e00000,0x0000006989f00000)]
  0x00000256cb240000 JavaThread "Unconstrained build operations Thread 55" [_thread_blocked, id=6788, stack(0x0000006989f00000,0x000000698a000000)]
  0x00000256cb242800 JavaThread "Unconstrained build operations Thread 56" [_thread_blocked, id=5276, stack(0x000000698a000000,0x000000698a100000)]
  0x00000256cb23f800 JavaThread "Unconstrained build operations Thread 57" [_thread_blocked, id=1664, stack(0x000000698a100000,0x000000698a200000)]
  0x00000256cb241800 JavaThread "Unconstrained build operations Thread 58" [_thread_blocked, id=1296, stack(0x000000698a200000,0x000000698a300000)]
  0x00000256cb24b800 JavaThread "Unconstrained build operations Thread 59" [_thread_blocked, id=11072, stack(0x000000698a300000,0x000000698a400000)]
  0x00000256cb246000 JavaThread "Unconstrained build operations Thread 60" [_thread_blocked, id=12044, stack(0x000000698a400000,0x000000698a500000)]
  0x00000256cb246800 JavaThread "Unconstrained build operations Thread 61" [_thread_blocked, id=5260, stack(0x000000698a500000,0x000000698a600000)]
  0x00000256cb247800 JavaThread "Unconstrained build operations Thread 62" [_thread_blocked, id=9476, stack(0x000000698a600000,0x000000698a700000)]
  0x00000256cb248800 JavaThread "Unconstrained build operations Thread 63" [_thread_blocked, id=9324, stack(0x000000698a700000,0x000000698a800000)]
  0x00000256cb249000 JavaThread "Unconstrained build operations Thread 64" [_thread_blocked, id=4908, stack(0x000000698a800000,0x000000698a900000)]
  0x00000256c9851800 JavaThread "Unconstrained build operations Thread 65" [_thread_blocked, id=12252, stack(0x000000698a900000,0x000000698aa00000)]
  0x00000256c985b800 JavaThread "Unconstrained build operations Thread 66" [_thread_blocked, id=2956, stack(0x000000698aa00000,0x000000698ab00000)]
  0x00000256c985d800 JavaThread "Unconstrained build operations Thread 67" [_thread_blocked, id=10296, stack(0x000000698ab00000,0x000000698ac00000)]
  0x00000256c985d000 JavaThread "Unconstrained build operations Thread 68" [_thread_blocked, id=11572, stack(0x000000698ac00000,0x000000698ad00000)]
  0x00000256c985e800 JavaThread "Unconstrained build operations Thread 69" [_thread_blocked, id=10644, stack(0x000000698ad00000,0x000000698ae00000)]
  0x00000256c985a800 JavaThread "Unconstrained build operations Thread 70" [_thread_blocked, id=8384, stack(0x000000698ae00000,0x000000698af00000)]
  0x00000256c9859000 JavaThread "Unconstrained build operations Thread 71" [_thread_blocked, id=10168, stack(0x000000698af00000,0x000000698b000000)]
  0x00000256c985f800 JavaThread "Unconstrained build operations Thread 72" [_thread_blocked, id=9516, stack(0x000000698b000000,0x000000698b100000)]
  0x00000256c9859800 JavaThread "Unconstrained build operations Thread 73" [_thread_blocked, id=12184, stack(0x000000698b100000,0x000000698b200000)]
  0x00000256c9860000 JavaThread "Unconstrained build operations Thread 74" [_thread_blocked, id=3592, stack(0x000000698b200000,0x000000698b300000)]
  0x00000256c9b9f800 JavaThread "Unconstrained build operations Thread 75" [_thread_blocked, id=9188, stack(0x000000698b300000,0x000000698b400000)]
  0x00000256c9ba0000 JavaThread "Unconstrained build operations Thread 76" [_thread_blocked, id=1184, stack(0x000000698b400000,0x000000698b500000)]
  0x00000256c9ba2800 JavaThread "Unconstrained build operations Thread 77" [_thread_blocked, id=2300, stack(0x000000698b500000,0x000000698b600000)]
  0x00000256c9b9e800 JavaThread "Unconstrained build operations Thread 78" [_thread_blocked, id=12228, stack(0x000000698b600000,0x000000698b700000)]
  0x00000256d4d66000 JavaThread "Unconstrained build operations Thread 79" [_thread_blocked, id=9480, stack(0x000000698b700000,0x000000698b800000)]
  0x00000256d4d67800 JavaThread "Unconstrained build operations Thread 80" [_thread_blocked, id=516, stack(0x000000698b800000,0x000000698b900000)]

Other Threads:
  0x00000256c7732800 VMThread "VM Thread" [stack: 0x0000006983b00000,0x0000006983c00000] [id=1436]
  0x00000256c793f000 WatcherThread [stack: 0x0000006984500000,0x0000006984600000] [id=8576]
  0x00000256ac294000 GCTaskThread "GC Thread#0" [stack: 0x0000006983600000,0x0000006983700000] [id=7832]
  0x00000256c88af000 GCTaskThread "GC Thread#1" [stack: 0x0000006984800000,0x0000006984900000] [id=10932]
  0x00000256c8a27800 GCTaskThread "GC Thread#2" [stack: 0x0000006984900000,0x0000006984a00000] [id=7352]
  0x00000256c7af7000 GCTaskThread "GC Thread#3" [stack: 0x0000006984a00000,0x0000006984b00000] [id=6480]
  0x00000256c8197000 GCTaskThread "GC Thread#4" [stack: 0x0000006984b00000,0x0000006984c00000] [id=10848]
  0x00000256c8c21000 GCTaskThread "GC Thread#5" [stack: 0x0000006984c00000,0x0000006984d00000] [id=11272]
  0x00000256c8f18000 GCTaskThread "GC Thread#6" [stack: 0x0000006985900000,0x0000006985a00000] [id=8660]
  0x00000256c9321000 GCTaskThread "GC Thread#7" [stack: 0x0000006985a00000,0x0000006985b00000] [id=2536]
  0x00000256ac2c8000 ConcurrentGCThread "G1 Main Marker" [stack: 0x0000006983700000,0x0000006983800000] [id=12100]
  0x00000256ac2c9800 ConcurrentGCThread "G1 Conc#0" [stack: 0x0000006983800000,0x0000006983900000] [id=8296]
  0x00000256c9e20800 ConcurrentGCThread "G1 Conc#1" [stack: 0x0000006985b00000,0x0000006985c00000] [id=10992]
  0x00000256ac35e800 ConcurrentGCThread "G1 Refine#0" [stack: 0x0000006983900000,0x0000006983a00000] [id=488]
  0x00000256cadbc800 ConcurrentGCThread "G1 Refine#1" [stack: 0x0000006985c00000,0x0000006985d00000] [id=10616]
  0x00000256d0782000 ConcurrentGCThread "G1 Refine#2" [stack: 0x0000006985500000,0x0000006985600000] [id=6652]
  0x00000256c6d7c800 ConcurrentGCThread "G1 Young RemSet Sampling" [stack: 0x0000006983a00000,0x0000006983b00000] [id=5724]

Threads with active compile tasks:
C2 CompilerThread0 586961 21478       4       org.gradle.api.internal.artifacts.ivyservice.resolveengine.result.ResolvedVariantResultSerializer::write (150 bytes)
C2 CompilerThread1 586961 21621       4       org.gradle.internal.instantiation.generator.ParamsMatchingConstructorSelector::forParams (426 bytes)

VM state:not at safepoint (normal execution)

VM Mutex/Monitor currently owned by a thread: None

OutOfMemory and StackOverflow Exception counts:
OutOfMemoryError java_heap_errors=2
LinkageErrors=214

Heap address: 0x0000000080000000, size: 2048 MB, Compressed Oops mode: 32-bit
Narrow klass base: 0x0000000000000000, Narrow klass shift: 3
Compressed class space size: 1073741824 Address: 0x0000000100000000

Heap:
 garbage-first heap   total 260096K, used 163993K [0x0000000080000000, 0x0000000100000000)
  region size 1024K, 43 young (44032K), 3 survivors (3072K)
 Metaspace       used 127367K, capacity 131457K, committed 132044K, reserved 1163264K
  class space    used 16304K, capacity 17964K, committed 18124K, reserved 1048576K
Heap Regions: E=young(eden), S=young(survivor), O=old, HS=humongous(starts), HC=humongous(continues), CS=collection set, F=free, A=archive, TAMS=top-at-mark-start (previous, next)
|   0|0x0000000080000000, 0x0000000080100000, 0x0000000080100000|100%| O|  |TAMS 0x0000000080100000, 0x0000000080000000| Untracked 
|   1|0x0000000080100000, 0x0000000080200000, 0x0000000080200000|100%| O|  |TAMS 0x0000000080200000, 0x0000000080100000| Untracked 
|   2|0x0000000080200000, 0x0000000080300000, 0x0000000080300000|100%| O|  |TAMS 0x0000000080300000, 0x0000000080200000| Untracked 
|   3|0x0000000080300000, 0x0000000080400000, 0x0000000080400000|100%|HS|  |TAMS 0x0000000080400000, 0x0000000080300000| Complete 
|   4|0x0000000080400000, 0x0000000080500000, 0x0000000080500000|100%|HC|  |TAMS 0x0000000080500000, 0x0000000080400000| Complete 
|   5|0x0000000080500000, 0x0000000080600000, 0x0000000080600000|100%|HC|  |TAMS 0x0000000080600000, 0x0000000080500000| Complete 
|   6|0x0000000080600000, 0x0000000080700000, 0x0000000080700000|100%| O|  |TAMS 0x0000000080700000, 0x0000000080600000| Untracked 
|   7|0x0000000080700000, 0x0000000080800000, 0x0000000080800000|100%| O|  |TAMS 0x0000000080800000, 0x0000000080700000| Untracked 
|   8|0x0000000080800000, 0x0000000080900000, 0x0000000080900000|100%| O|  |TAMS 0x0000000080900000, 0x0000000080800000| Untracked 
|   9|0x0000000080900000, 0x0000000080a00000, 0x0000000080a00000|100%| O|  |TAMS 0x0000000080a00000, 0x0000000080900000| Untracked 
|  10|0x0000000080a00000, 0x0000000080b00000, 0x0000000080b00000|100%| O|  |TAMS 0x0000000080b00000, 0x0000000080a00000| Untracked 
|  11|0x0000000080b00000, 0x0000000080c00000, 0x0000000080c00000|100%| O|  |TAMS 0x0000000080c00000, 0x0000000080b00000| Untracked 
|  12|0x0000000080c00000, 0x0000000080d00000, 0x0000000080d00000|100%| O|  |TAMS 0x0000000080d00000, 0x0000000080c00000| Untracked 
|  13|0x0000000080d00000, 0x0000000080e00000, 0x0000000080e00000|100%| O|  |TAMS 0x0000000080e00000, 0x0000000080d00000| Untracked 
|  14|0x0000000080e00000, 0x0000000080f00000, 0x0000000080f00000|100%| O|  |TAMS 0x0000000080f00000, 0x0000000080e00000| Untracked 
|  15|0x0000000080f00000, 0x0000000081000000, 0x0000000081000000|100%| O|  |TAMS 0x0000000081000000, 0x0000000080f00000| Untracked 
|  16|0x0000000081000000, 0x0000000081100000, 0x0000000081100000|100%|HS|  |TAMS 0x0000000081100000, 0x0000000081000000| Complete 
|  17|0x0000000081100000, 0x0000000081200000, 0x0000000081200000|100%|HS|  |TAMS 0x0000000081200000, 0x0000000081100000| Complete 
|  18|0x0000000081200000, 0x0000000081300000, 0x0000000081300000|100%|HS|  |TAMS 0x0000000081300000, 0x0000000081200000| Complete 
|  19|0x0000000081300000, 0x0000000081400000, 0x0000000081400000|100%|HS|  |TAMS 0x0000000081400000, 0x0000000081300000| Complete 
|  20|0x0000000081400000, 0x0000000081500000, 0x0000000081500000|100%|HC|  |TAMS 0x0000000081500000, 0x0000000081400000| Complete 
|  21|0x0000000081500000, 0x0000000081600000, 0x0000000081600000|100%| O|  |TAMS 0x0000000081600000, 0x0000000081500000| Untracked 
|  22|0x0000000081600000, 0x0000000081700000, 0x0000000081700000|100%| O|  |TAMS 0x0000000081700000, 0x0000000081600000| Untracked 
|  23|0x0000000081700000, 0x0000000081800000, 0x0000000081800000|100%| O|  |TAMS 0x0000000081800000, 0x0000000081700000| Untracked 
|  24|0x0000000081800000, 0x0000000081900000, 0x0000000081900000|100%| O|  |TAMS 0x0000000081900000, 0x0000000081800000| Untracked 
|  25|0x0000000081900000, 0x0000000081a00000, 0x0000000081a00000|100%| O|  |TAMS 0x0000000081a00000, 0x0000000081900000| Complete 
|  26|0x0000000081a00000, 0x0000000081b00000, 0x0000000081b00000|100%| O|  |TAMS 0x0000000081b00000, 0x0000000081a00000| Untracked 
|  27|0x0000000081b00000, 0x0000000081c00000, 0x0000000081c00000|100%| O|  |TAMS 0x0000000081c00000, 0x0000000081b00000| Untracked 
|  28|0x0000000081c00000, 0x0000000081d00000, 0x0000000081d00000|100%| O|  |TAMS 0x0000000081d00000, 0x0000000081c00000| Untracked 
|  29|0x0000000081d00000, 0x0000000081e00000, 0x0000000081e00000|100%| O|  |TAMS 0x0000000081e00000, 0x0000000081d00000| Untracked 
|  30|0x0000000081e00000, 0x0000000081f00000, 0x0000000081f00000|100%| O|  |TAMS 0x0000000081f00000, 0x0000000081e00000| Untracked 
|  31|0x0000000081f00000, 0x0000000082000000, 0x0000000082000000|100%| O|  |TAMS 0x0000000082000000, 0x0000000081f00000| Complete 
|  32|0x0000000082000000, 0x0000000082100000, 0x0000000082100000|100%| O|  |TAMS 0x0000000082100000, 0x0000000082000000| Untracked 
|  33|0x0000000082100000, 0x0000000082200000, 0x0000000082200000|100%| O|  |TAMS 0x0000000082200000, 0x0000000082100000| Untracked 
|  34|0x0000000082200000, 0x0000000082300000, 0x0000000082300000|100%| O|  |TAMS 0x0000000082300000, 0x0000000082200000| Untracked 
|  35|0x0000000082300000, 0x0000000082400000, 0x0000000082400000|100%| O|  |TAMS 0x0000000082400000, 0x0000000082300000| Untracked 
|  36|0x0000000082400000, 0x0000000082500000, 0x0000000082500000|100%| O|  |TAMS 0x0000000082500000, 0x0000000082400000| Untracked 
|  37|0x0000000082500000, 0x0000000082600000, 0x0000000082600000|100%| O|  |TAMS 0x0000000082600000, 0x0000000082500000| Complete 
|  38|0x0000000082600000, 0x0000000082700000, 0x0000000082700000|100%| O|  |TAMS 0x0000000082700000, 0x0000000082600000| Untracked 
|  39|0x0000000082700000, 0x0000000082800000, 0x0000000082800000|100%| O|  |TAMS 0x0000000082800000, 0x0000000082700000| Untracked 
|  40|0x0000000082800000, 0x0000000082900000, 0x0000000082900000|100%| O|  |TAMS 0x0000000082900000, 0x0000000082800000| Complete 
|  41|0x0000000082900000, 0x0000000082a00000, 0x0000000082a00000|100%| O|  |TAMS 0x0000000082a00000, 0x0000000082900000| Untracked 
|  42|0x0000000082a00000, 0x0000000082b00000, 0x0000000082b00000|100%|HS|  |TAMS 0x0000000082a00000, 0x0000000082a00000| Complete 
|  43|0x0000000082b00000, 0x0000000082c00000, 0x0000000082c00000|100%| O|  |TAMS 0x0000000082c00000, 0x0000000082b00000| Complete 
|  44|0x0000000082c00000, 0x0000000082d00000, 0x0000000082d00000|100%| O|  |TAMS 0x0000000082d00000, 0x0000000082c00000| Untracked 
|  45|0x0000000082d00000, 0x0000000082e00000, 0x0000000082e00000|100%| O|  |TAMS 0x0000000082e00000, 0x0000000082d00000| Complete 
|  46|0x0000000082e00000, 0x0000000082f00000, 0x0000000082f00000|100%| O|  |TAMS 0x0000000082f00000, 0x0000000082e00000| Complete 
|  47|0x0000000082f00000, 0x0000000083000000, 0x0000000083000000|100%| O|  |TAMS 0x0000000083000000, 0x0000000082f00000| Complete 
|  48|0x0000000083000000, 0x0000000083100000, 0x0000000083100000|100%| O|  |TAMS 0x0000000083100000, 0x0000000083000000| Untracked 
|  49|0x0000000083100000, 0x0000000083200000, 0x0000000083200000|100%| O|  |TAMS 0x0000000083200000, 0x0000000083100000| Untracked 
|  50|0x0000000083200000, 0x0000000083300000, 0x0000000083300000|100%| O|  |TAMS 0x0000000083300000, 0x0000000083200000| Untracked 
|  51|0x0000000083300000, 0x0000000083400000, 0x0000000083400000|100%| O|  |TAMS 0x0000000083400000, 0x0000000083300000| Untracked 
|  52|0x0000000083400000, 0x0000000083500000, 0x0000000083500000|100%| O|  |TAMS 0x0000000083500000, 0x0000000083400000| Untracked 
|  53|0x0000000083500000, 0x0000000083600000, 0x0000000083600000|100%| O|  |TAMS 0x0000000083600000, 0x0000000083500000| Complete 
|  54|0x0000000083600000, 0x0000000083600000, 0x0000000083700000|  0%| F|  |TAMS 0x0000000083600000, 0x0000000083600000| Untracked 
|  55|0x0000000083700000, 0x0000000083800000, 0x0000000083800000|100%| O|  |TAMS 0x0000000083800000, 0x0000000083700000| Untracked 
|  56|0x0000000083800000, 0x0000000083900000, 0x0000000083900000|100%| O|  |TAMS 0x0000000083900000, 0x0000000083800000| Untracked 
|  57|0x0000000083900000, 0x0000000083a00000, 0x0000000083a00000|100%| O|  |TAMS 0x0000000083a00000, 0x0000000083900000| Complete 
|  58|0x0000000083a00000, 0x0000000083b00000, 0x0000000083b00000|100%| O|  |TAMS 0x0000000083b00000, 0x0000000083a00000| Complete 
|  59|0x0000000083b00000, 0x0000000083c00000, 0x0000000083c00000|100%| O|  |TAMS 0x0000000083c00000, 0x0000000083b00000| Complete 
|  60|0x0000000083c00000, 0x0000000083d00000, 0x0000000083d00000|100%| O|  |TAMS 0x0000000083d00000, 0x0000000083c00000| Complete 
|  61|0x0000000083d00000, 0x0000000083e00000, 0x0000000083e00000|100%| O|  |TAMS 0x0000000083e00000, 0x0000000083d00000| Complete 
|  62|0x0000000083e00000, 0x0000000083f00000, 0x0000000083f00000|100%| O|  |TAMS 0x0000000083f00000, 0x0000000083e00000| Complete 
|  63|0x0000000083f00000, 0x0000000084000000, 0x0000000084000000|100%| O|  |TAMS 0x0000000084000000, 0x0000000083f00000| Complete 
|  64|0x0000000084000000, 0x0000000084100000, 0x0000000084100000|100%| O|  |TAMS 0x0000000084100000, 0x0000000084000000| Untracked 
|  65|0x0000000084100000, 0x0000000084200000, 0x0000000084200000|100%| O|  |TAMS 0x0000000084200000, 0x0000000084100000| Untracked 
|  66|0x0000000084200000, 0x0000000084300000, 0x0000000084300000|100%| O|  |TAMS 0x0000000084300000, 0x0000000084200000| Untracked 
|  67|0x0000000084300000, 0x0000000084400000, 0x0000000084400000|100%| O|  |TAMS 0x0000000084400000, 0x0000000084300000| Complete 
|  68|0x0000000084400000, 0x0000000084500000, 0x0000000084500000|100%| O|  |TAMS 0x0000000084500000, 0x0000000084400000| Complete 
|  69|0x0000000084500000, 0x0000000084600000, 0x0000000084600000|100%| O|  |TAMS 0x0000000084600000, 0x0000000084500000| Complete 
|  70|0x0000000084600000, 0x0000000084700000, 0x0000000084700000|100%| O|  |TAMS 0x0000000084700000, 0x0000000084600000| Untracked 
|  71|0x0000000084700000, 0x0000000084800000, 0x0000000084800000|100%| O|  |TAMS 0x0000000084800000, 0x0000000084700000| Complete 
|  72|0x0000000084800000, 0x0000000084900000, 0x0000000084900000|100%| O|  |TAMS 0x0000000084900000, 0x0000000084800000| Complete 
|  73|0x0000000084900000, 0x0000000084a00000, 0x0000000084a00000|100%| O|  |TAMS 0x0000000084a00000, 0x0000000084900000| Complete 
|  74|0x0000000084a00000, 0x0000000084b00000, 0x0000000084b00000|100%| O|  |TAMS 0x0000000084b00000, 0x0000000084a00000| Complete 
|  75|0x0000000084b00000, 0x0000000084c00000, 0x0000000084c00000|100%|HS|  |TAMS 0x0000000084c00000, 0x0000000084b00000| Complete 
|  76|0x0000000084c00000, 0x0000000084d00000, 0x0000000084d00000|100%|HC|  |TAMS 0x0000000084d00000, 0x0000000084c00000| Complete 
|  77|0x0000000084d00000, 0x0000000084e00000, 0x0000000084e00000|100%|HS|  |TAMS 0x0000000084e00000, 0x0000000084d00000| Complete 
|  78|0x0000000084e00000, 0x0000000084f00000, 0x0000000084f00000|100%|HC|  |TAMS 0x0000000084f00000, 0x0000000084e00000| Complete 
|  79|0x0000000084f00000, 0x0000000085000000, 0x0000000085000000|100%| O|  |TAMS 0x0000000085000000, 0x0000000084f00000| Complete 
|  80|0x0000000085000000, 0x0000000085100000, 0x0000000085100000|100%| O|  |TAMS 0x0000000085100000, 0x0000000085000000| Complete 
|  81|0x0000000085100000, 0x0000000085200000, 0x0000000085200000|100%| O|  |TAMS 0x0000000085200000, 0x0000000085100000| Untracked 
|  82|0x0000000085200000, 0x0000000085300000, 0x0000000085300000|100%| O|  |TAMS 0x0000000085300000, 0x0000000085200000| Complete 
|  83|0x0000000085300000, 0x0000000085400000, 0x0000000085400000|100%| O|  |TAMS 0x0000000085400000, 0x0000000085300000| Untracked 
|  84|0x0000000085400000, 0x0000000085500000, 0x0000000085500000|100%| O|  |TAMS 0x0000000085500000, 0x0000000085400000| Complete 
|  85|0x0000000085500000, 0x0000000085600000, 0x0000000085600000|100%| O|  |TAMS 0x0000000085600000, 0x0000000085500000| Untracked 
|  86|0x0000000085600000, 0x0000000085700000, 0x0000000085700000|100%| O|  |TAMS 0x0000000085700000, 0x0000000085600000| Untracked 
|  87|0x0000000085700000, 0x0000000085800000, 0x0000000085800000|100%| O|  |TAMS 0x0000000085800000, 0x0000000085700000| Complete 
|  88|0x0000000085800000, 0x0000000085900000, 0x0000000085900000|100%| O|  |TAMS 0x0000000085900000, 0x0000000085800000| Complete 
|  89|0x0000000085900000, 0x0000000085a00000, 0x0000000085a00000|100%| O|  |TAMS 0x0000000085a00000, 0x0000000085900000| Complete 
|  90|0x0000000085a00000, 0x0000000085b00000, 0x0000000085b00000|100%| O|  |TAMS 0x0000000085b00000, 0x0000000085a00000| Complete 
|  91|0x0000000085b00000, 0x0000000085c00000, 0x0000000085c00000|100%|HS|  |TAMS 0x0000000085c00000, 0x0000000085b00000| Complete 
|  92|0x0000000085c00000, 0x0000000085d00000, 0x0000000085d00000|100%|HC|  |TAMS 0x0000000085d00000, 0x0000000085c00000| Complete 
|  93|0x0000000085d00000, 0x0000000085e00000, 0x0000000085e00000|100%| O|  |TAMS 0x0000000085e00000, 0x0000000085d00000| Untracked 
|  94|0x0000000085e00000, 0x0000000085f00000, 0x0000000085f00000|100%| O|  |TAMS 0x0000000085f00000, 0x0000000085e00000| Complete 
|  95|0x0000000085f00000, 0x0000000086000000, 0x0000000086000000|100%|HS|  |TAMS 0x0000000086000000, 0x0000000085f00000| Complete 
|  96|0x0000000086000000, 0x0000000086100000, 0x0000000086100000|100%|HC|  |TAMS 0x0000000086100000, 0x0000000086000000| Complete 
|  97|0x0000000086100000, 0x0000000086200000, 0x0000000086200000|100%| O|  |TAMS 0x0000000086200000, 0x0000000086100000| Complete 
|  98|0x0000000086200000, 0x0000000086300000, 0x0000000086300000|100%| O|  |TAMS 0x0000000086300000, 0x0000000086200000| Complete 
|  99|0x0000000086300000, 0x0000000086400000, 0x0000000086400000|100%| O|  |TAMS 0x0000000086400000, 0x0000000086300000| Complete 
| 100|0x0000000086400000, 0x0000000086500000, 0x0000000086500000|100%| O|  |TAMS 0x0000000086500000, 0x0000000086400000| Complete 
| 101|0x0000000086500000, 0x0000000086600000, 0x0000000086600000|100%| O|  |TAMS 0x0000000086600000, 0x0000000086500000| Complete 
| 102|0x0000000086600000, 0x0000000086700000, 0x0000000086700000|100%| O|  |TAMS 0x0000000086700000, 0x0000000086600000| Complete 
| 103|0x0000000086700000, 0x0000000086800000, 0x0000000086800000|100%| O|  |TAMS 0x0000000086800000, 0x0000000086700000| Complete 
| 104|0x0000000086800000, 0x0000000086900000, 0x0000000086900000|100%| O|  |TAMS 0x0000000086900000, 0x0000000086800000| Complete 
| 105|0x0000000086900000, 0x0000000086a00000, 0x0000000086a00000|100%| O|  |TAMS 0x0000000086a00000, 0x0000000086900000| Complete 
| 106|0x0000000086a00000, 0x0000000086b00000, 0x0000000086b00000|100%| O|  |TAMS 0x0000000086b00000, 0x0000000086a00000| Complete 
| 107|0x0000000086b00000, 0x0000000086c00000, 0x0000000086c00000|100%| O|  |TAMS 0x0000000086c00000, 0x0000000086b00000| Complete 
| 108|0x0000000086c00000, 0x0000000086d00000, 0x0000000086d00000|100%| O|  |TAMS 0x0000000086d00000, 0x0000000086c00000| Untracked 
| 109|0x0000000086d00000, 0x0000000086e00000, 0x0000000086e00000|100%| O|  |TAMS 0x0000000086e00000, 0x0000000086d00000| Complete 
| 110|0x0000000086e00000, 0x0000000086f00000, 0x0000000086f00000|100%|HS|  |TAMS 0x0000000086f00000, 0x0000000086e00000| Complete 
| 111|0x0000000086f00000, 0x0000000087000000, 0x0000000087000000|100%|HC|  |TAMS 0x0000000087000000, 0x0000000086f00000| Complete 
| 112|0x0000000087000000, 0x0000000087100000, 0x0000000087100000|100%| O|  |TAMS 0x0000000087100000, 0x0000000087000000| Complete 
| 113|0x0000000087100000, 0x0000000087200000, 0x0000000087200000|100%| O|  |TAMS 0x0000000087200000, 0x0000000087100000| Untracked 
| 114|0x0000000087200000, 0x0000000087300000, 0x0000000087300000|100%| O|  |TAMS 0x0000000087300000, 0x0000000087200000| Untracked 
| 115|0x0000000087300000, 0x0000000087400000, 0x0000000087400000|100%| O|  |TAMS 0x0000000087400000, 0x0000000087300000| Untracked 
| 116|0x0000000087400000, 0x0000000087500000, 0x0000000087500000|100%| O|  |TAMS 0x0000000087500000, 0x0000000087400000| Untracked 
| 117|0x0000000087500000, 0x0000000087600000, 0x0000000087600000|100%| O|  |TAMS 0x0000000087600000, 0x0000000087500000| Complete 
| 118|0x0000000087600000, 0x0000000087600000, 0x0000000087700000|  0%| F|  |TAMS 0x0000000087600000, 0x0000000087600000| Untracked 
| 119|0x0000000087700000, 0x0000000087700000, 0x0000000087800000|  0%| F|  |TAMS 0x0000000087700000, 0x0000000087700000| Untracked 
| 120|0x0000000087800000, 0x0000000087800000, 0x0000000087900000|  0%| F|  |TAMS 0x0000000087800000, 0x0000000087800000| Untracked 
| 121|0x0000000087900000, 0x0000000087900000, 0x0000000087a00000|  0%| F|  |TAMS 0x0000000087900000, 0x0000000087900000| Untracked 
| 122|0x0000000087a00000, 0x0000000087a00000, 0x0000000087b00000|  0%| F|  |TAMS 0x0000000087a00000, 0x0000000087a00000| Untracked 
| 123|0x0000000087b00000, 0x0000000087b00000, 0x0000000087c00000|  0%| F|  |TAMS 0x0000000087b00000, 0x0000000087b00000| Untracked 
| 124|0x0000000087c00000, 0x0000000087c00000, 0x0000000087d00000|  0%| F|  |TAMS 0x0000000087c00000, 0x0000000087c00000| Untracked 
| 125|0x0000000087d00000, 0x0000000087d00000, 0x0000000087e00000|  0%| F|  |TAMS 0x0000000087d00000, 0x0000000087d00000| Untracked 
| 126|0x0000000087e00000, 0x0000000087e00000, 0x0000000087f00000|  0%| F|  |TAMS 0x0000000087e00000, 0x0000000087e00000| Untracked 
| 127|0x0000000087f00000, 0x0000000087f00000, 0x0000000088000000|  0%| F|  |TAMS 0x0000000087f00000, 0x0000000087f00000| Untracked 
| 128|0x0000000088000000, 0x0000000088000000, 0x0000000088100000|  0%| F|  |TAMS 0x0000000088000000, 0x0000000088000000| Untracked 
| 129|0x0000000088100000, 0x0000000088100000, 0x0000000088200000|  0%| F|  |TAMS 0x0000000088100000, 0x0000000088100000| Untracked 
| 130|0x0000000088200000, 0x0000000088200000, 0x0000000088300000|  0%| F|  |TAMS 0x0000000088200000, 0x0000000088200000| Untracked 
| 131|0x0000000088300000, 0x0000000088300000, 0x0000000088400000|  0%| F|  |TAMS 0x0000000088300000, 0x0000000088300000| Untracked 
| 132|0x0000000088400000, 0x0000000088400000, 0x0000000088500000|  0%| F|  |TAMS 0x0000000088400000, 0x0000000088400000| Untracked 
| 133|0x0000000088500000, 0x0000000088500000, 0x0000000088600000|  0%| F|  |TAMS 0x0000000088500000, 0x0000000088500000| Untracked 
| 134|0x0000000088600000, 0x0000000088600000, 0x0000000088700000|  0%| F|  |TAMS 0x0000000088600000, 0x0000000088600000| Untracked 
| 135|0x0000000088700000, 0x0000000088700000, 0x0000000088800000|  0%| F|  |TAMS 0x0000000088700000, 0x0000000088700000| Untracked 
| 136|0x0000000088800000, 0x0000000088900000, 0x0000000088900000|100%| O|  |TAMS 0x0000000088900000, 0x0000000088800000| Complete 
| 137|0x0000000088900000, 0x0000000088a00000, 0x0000000088a00000|100%| O|  |TAMS 0x0000000088a00000, 0x0000000088900000| Complete 
| 138|0x0000000088a00000, 0x0000000088a00000, 0x0000000088b00000|  0%| F|  |TAMS 0x0000000088a00000, 0x0000000088a00000| Untracked 
| 139|0x0000000088b00000, 0x0000000088b00000, 0x0000000088c00000|  0%| F|  |TAMS 0x0000000088b00000, 0x0000000088b00000| Untracked 
| 140|0x0000000088c00000, 0x0000000088d00000, 0x0000000088d00000|100%| O|  |TAMS 0x0000000088d00000, 0x0000000088c00000| Complete 
| 141|0x0000000088d00000, 0x0000000088d00000, 0x0000000088e00000|  0%| F|  |TAMS 0x0000000088d00000, 0x0000000088d00000| Untracked 
| 142|0x0000000088e00000, 0x0000000088e00000, 0x0000000088f00000|  0%| F|  |TAMS 0x0000000088e00000, 0x0000000088e00000| Untracked 
| 143|0x0000000088f00000, 0x0000000088f00000, 0x0000000089000000|  0%| F|  |TAMS 0x0000000088f00000, 0x0000000088f00000| Untracked 
| 144|0x0000000089000000, 0x0000000089000000, 0x0000000089100000|  0%| F|  |TAMS 0x0000000089000000, 0x0000000089000000| Untracked 
| 145|0x0000000089100000, 0x0000000089100000, 0x0000000089200000|  0%| F|  |TAMS 0x0000000089100000, 0x0000000089100000| Untracked 
| 146|0x0000000089200000, 0x0000000089200000, 0x0000000089300000|  0%| F|  |TAMS 0x0000000089200000, 0x0000000089200000| Untracked 
| 147|0x0000000089300000, 0x0000000089300000, 0x0000000089400000|  0%| F|  |TAMS 0x0000000089300000, 0x0000000089300000| Untracked 
| 148|0x0000000089400000, 0x0000000089400000, 0x0000000089500000|  0%| F|  |TAMS 0x0000000089400000, 0x0000000089400000| Untracked 
| 149|0x0000000089500000, 0x0000000089500000, 0x0000000089600000|  0%| F|  |TAMS 0x0000000089500000, 0x0000000089500000| Untracked 
| 150|0x0000000089600000, 0x0000000089600000, 0x0000000089700000|  0%| F|  |TAMS 0x0000000089600000, 0x0000000089600000| Untracked 
| 151|0x0000000089700000, 0x0000000089700000, 0x0000000089800000|  0%| F|  |TAMS 0x0000000089700000, 0x0000000089700000| Untracked 
| 152|0x0000000089800000, 0x0000000089800000, 0x0000000089900000|  0%| F|  |TAMS 0x0000000089800000, 0x0000000089800000| Untracked 
| 153|0x0000000089900000, 0x0000000089900000, 0x0000000089a00000|  0%| F|  |TAMS 0x0000000089900000, 0x0000000089900000| Untracked 
| 154|0x0000000089a00000, 0x0000000089a00000, 0x0000000089b00000|  0%| F|  |TAMS 0x0000000089a00000, 0x0000000089a00000| Untracked 
| 155|0x0000000089b00000, 0x0000000089b00000, 0x0000000089c00000|  0%| F|  |TAMS 0x0000000089b00000, 0x0000000089b00000| Untracked 
| 156|0x0000000089c00000, 0x0000000089c00000, 0x0000000089d00000|  0%| F|  |TAMS 0x0000000089c00000, 0x0000000089c00000| Untracked 
| 157|0x0000000089d00000, 0x0000000089d00000, 0x0000000089e00000|  0%| F|  |TAMS 0x0000000089d00000, 0x0000000089d00000| Untracked 
| 158|0x0000000089e00000, 0x0000000089e00000, 0x0000000089f00000|  0%| F|  |TAMS 0x0000000089e00000, 0x0000000089e00000| Untracked 
| 159|0x0000000089f00000, 0x0000000089f00000, 0x000000008a000000|  0%| F|  |TAMS 0x0000000089f00000, 0x0000000089f00000| Untracked 
| 160|0x000000008a000000, 0x000000008a000000, 0x000000008a100000|  0%| F|  |TAMS 0x000000008a000000, 0x000000008a000000| Untracked 
| 161|0x000000008a100000, 0x000000008a100000, 0x000000008a200000|  0%| F|  |TAMS 0x000000008a100000, 0x000000008a100000| Untracked 
| 162|0x000000008a200000, 0x000000008a200000, 0x000000008a300000|  0%| F|  |TAMS 0x000000008a200000, 0x000000008a200000| Untracked 
| 163|0x000000008a300000, 0x000000008a300000, 0x000000008a400000|  0%| F|  |TAMS 0x000000008a300000, 0x000000008a300000| Untracked 
| 164|0x000000008a400000, 0x000000008a400000, 0x000000008a500000|  0%| F|  |TAMS 0x000000008a400000, 0x000000008a400000| Untracked 
| 165|0x000000008a500000, 0x000000008a500000, 0x000000008a600000|  0%| F|  |TAMS 0x000000008a500000, 0x000000008a500000| Untracked 
| 166|0x000000008a600000, 0x000000008a600000, 0x000000008a700000|  0%| F|  |TAMS 0x000000008a600000, 0x000000008a600000| Untracked 
| 167|0x000000008a700000, 0x000000008a700000, 0x000000008a800000|  0%| F|  |TAMS 0x000000008a700000, 0x000000008a700000| Untracked 
| 168|0x000000008a800000, 0x000000008a800000, 0x000000008a900000|  0%| F|  |TAMS 0x000000008a800000, 0x000000008a800000| Untracked 
| 169|0x000000008a900000, 0x000000008a900000, 0x000000008aa00000|  0%| F|  |TAMS 0x000000008a900000, 0x000000008a900000| Untracked 
| 170|0x000000008aa00000, 0x000000008aa00000, 0x000000008ab00000|  0%| F|  |TAMS 0x000000008aa00000, 0x000000008aa00000| Untracked 
| 171|0x000000008ab00000, 0x000000008ab00000, 0x000000008ac00000|  0%| F|  |TAMS 0x000000008ab00000, 0x000000008ab00000| Untracked 
| 172|0x000000008ac00000, 0x000000008ac00000, 0x000000008ad00000|  0%| F|  |TAMS 0x000000008ac00000, 0x000000008ac00000| Untracked 
| 173|0x000000008ad00000, 0x000000008ad00000, 0x000000008ae00000|  0%| F|  |TAMS 0x000000008ad00000, 0x000000008ad00000| Untracked 
| 174|0x000000008ae00000, 0x000000008ae00000, 0x000000008af00000|  0%| F|  |TAMS 0x000000008ae00000, 0x000000008ae00000| Untracked 
| 175|0x000000008af00000, 0x000000008af00000, 0x000000008b000000|  0%| F|  |TAMS 0x000000008af00000, 0x000000008af00000| Untracked 
| 176|0x000000008b000000, 0x000000008b000000, 0x000000008b100000|  0%| F|  |TAMS 0x000000008b000000, 0x000000008b000000| Untracked 
| 177|0x000000008b100000, 0x000000008b100000, 0x000000008b200000|  0%| F|  |TAMS 0x000000008b100000, 0x000000008b100000| Untracked 
| 178|0x000000008b200000, 0x000000008b200000, 0x000000008b300000|  0%| F|  |TAMS 0x000000008b200000, 0x000000008b200000| Untracked 
| 179|0x000000008b300000, 0x000000008b300000, 0x000000008b400000|  0%| F|  |TAMS 0x000000008b300000, 0x000000008b300000| Untracked 
| 180|0x000000008b400000, 0x000000008b400000, 0x000000008b500000|  0%| F|  |TAMS 0x000000008b400000, 0x000000008b400000| Untracked 
| 181|0x000000008b500000, 0x000000008b500000, 0x000000008b600000|  0%| F|  |TAMS 0x000000008b500000, 0x000000008b500000| Untracked 
| 182|0x000000008b600000, 0x000000008b600000, 0x000000008b700000|  0%| F|  |TAMS 0x000000008b600000, 0x000000008b600000| Untracked 
| 183|0x000000008b700000, 0x000000008b700000, 0x000000008b800000|  0%| F|  |TAMS 0x000000008b700000, 0x000000008b700000| Untracked 
| 184|0x000000008b800000, 0x000000008b800000, 0x000000008b900000|  0%| F|  |TAMS 0x000000008b800000, 0x000000008b800000| Untracked 
| 185|0x000000008b900000, 0x000000008b900000, 0x000000008ba00000|  0%| F|  |TAMS 0x000000008b900000, 0x000000008b900000| Untracked 
| 186|0x000000008ba00000, 0x000000008ba00000, 0x000000008bb00000|  0%| F|  |TAMS 0x000000008ba00000, 0x000000008ba00000| Untracked 
| 187|0x000000008bb00000, 0x000000008bb00000, 0x000000008bc00000|  0%| F|  |TAMS 0x000000008bb00000, 0x000000008bb00000| Untracked 
| 188|0x000000008bc00000, 0x000000008bc00000, 0x000000008bd00000|  0%| F|  |TAMS 0x000000008bc00000, 0x000000008bc00000| Untracked 
| 189|0x000000008bd00000, 0x000000008bd26540, 0x000000008be00000| 14%| S|CS|TAMS 0x000000008bd00000, 0x000000008bd00000| Complete 
| 190|0x000000008be00000, 0x000000008bf00000, 0x000000008bf00000|100%| S|CS|TAMS 0x000000008be00000, 0x000000008be00000| Complete 
| 191|0x000000008bf00000, 0x000000008c000000, 0x000000008c000000|100%| S|CS|TAMS 0x000000008bf00000, 0x000000008bf00000| Complete 
| 192|0x000000008c000000, 0x000000008c000000, 0x000000008c100000|  0%| F|  |TAMS 0x000000008c000000, 0x000000008c000000| Untracked 
| 193|0x000000008c100000, 0x000000008c100000, 0x000000008c200000|  0%| F|  |TAMS 0x000000008c100000, 0x000000008c100000| Untracked 
| 194|0x000000008c200000, 0x000000008c200000, 0x000000008c300000|  0%| F|  |TAMS 0x000000008c200000, 0x000000008c200000| Untracked 
| 195|0x000000008c300000, 0x000000008c300000, 0x000000008c400000|  0%| F|  |TAMS 0x000000008c300000, 0x000000008c300000| Untracked 
| 196|0x000000008c400000, 0x000000008c400000, 0x000000008c500000|  0%| F|  |TAMS 0x000000008c400000, 0x000000008c400000| Untracked 
| 197|0x000000008c500000, 0x000000008c500000, 0x000000008c600000|  0%| F|  |TAMS 0x000000008c500000, 0x000000008c500000| Untracked 
| 198|0x000000008c600000, 0x000000008c600000, 0x000000008c700000|  0%| F|  |TAMS 0x000000008c600000, 0x000000008c600000| Untracked 
| 199|0x000000008c700000, 0x000000008c700000, 0x000000008c800000|  0%| F|  |TAMS 0x000000008c700000, 0x000000008c700000| Untracked 
| 200|0x000000008c800000, 0x000000008c800000, 0x000000008c900000|  0%| F|  |TAMS 0x000000008c800000, 0x000000008c800000| Untracked 
| 201|0x000000008c900000, 0x000000008c900000, 0x000000008ca00000|  0%| F|  |TAMS 0x000000008c900000, 0x000000008c900000| Untracked 
| 202|0x000000008ca00000, 0x000000008ca00000, 0x000000008cb00000|  0%| F|  |TAMS 0x000000008ca00000, 0x000000008ca00000| Untracked 
| 203|0x000000008cb00000, 0x000000008cb00000, 0x000000008cc00000|  0%| F|  |TAMS 0x000000008cb00000, 0x000000008cb00000| Untracked 
| 204|0x000000008cc00000, 0x000000008cc00000, 0x000000008cd00000|  0%| F|  |TAMS 0x000000008cc00000, 0x000000008cc00000| Untracked 
| 205|0x000000008cd00000, 0x000000008cd00000, 0x000000008ce00000|  0%| F|  |TAMS 0x000000008cd00000, 0x000000008cd00000| Untracked 
| 206|0x000000008ce00000, 0x000000008ce00000, 0x000000008cf00000|  0%| F|  |TAMS 0x000000008ce00000, 0x000000008ce00000| Untracked 
| 207|0x000000008cf00000, 0x000000008cf00000, 0x000000008d000000|  0%| F|  |TAMS 0x000000008cf00000, 0x000000008cf00000| Untracked 
| 208|0x000000008d000000, 0x000000008d000000, 0x000000008d100000|  0%| F|  |TAMS 0x000000008d000000, 0x000000008d000000| Untracked 
| 209|0x000000008d100000, 0x000000008d100000, 0x000000008d200000|  0%| F|  |TAMS 0x000000008d100000, 0x000000008d100000| Untracked 
| 210|0x000000008d200000, 0x000000008d200000, 0x000000008d300000|  0%| F|  |TAMS 0x000000008d200000, 0x000000008d200000| Untracked 
| 211|0x000000008d300000, 0x000000008d300000, 0x000000008d400000|  0%| F|  |TAMS 0x000000008d300000, 0x000000008d300000| Untracked 
| 212|0x000000008d400000, 0x000000008d400000, 0x000000008d500000|  0%| F|  |TAMS 0x000000008d400000, 0x000000008d400000| Untracked 
| 213|0x000000008d500000, 0x000000008d500000, 0x000000008d600000|  0%| F|  |TAMS 0x000000008d500000, 0x000000008d500000| Untracked 
| 214|0x000000008d600000, 0x000000008d6c9cb0, 0x000000008d700000| 78%| E|  |TAMS 0x000000008d600000, 0x000000008d600000| Complete 
| 215|0x000000008d700000, 0x000000008d800000, 0x000000008d800000|100%| E|CS|TAMS 0x000000008d700000, 0x000000008d700000| Complete 
| 216|0x000000008d800000, 0x000000008d900000, 0x000000008d900000|100%| E|CS|TAMS 0x000000008d800000, 0x000000008d800000| Complete 
| 217|0x000000008d900000, 0x000000008da00000, 0x000000008da00000|100%| E|CS|TAMS 0x000000008d900000, 0x000000008d900000| Complete 
| 218|0x000000008da00000, 0x000000008db00000, 0x000000008db00000|100%| E|CS|TAMS 0x000000008da00000, 0x000000008da00000| Complete 
| 219|0x000000008db00000, 0x000000008dc00000, 0x000000008dc00000|100%| E|CS|TAMS 0x000000008db00000, 0x000000008db00000| Complete 
| 220|0x000000008dc00000, 0x000000008dd00000, 0x000000008dd00000|100%| E|CS|TAMS 0x000000008dc00000, 0x000000008dc00000| Complete 
| 221|0x000000008dd00000, 0x000000008de00000, 0x000000008de00000|100%| E|CS|TAMS 0x000000008dd00000, 0x000000008dd00000| Complete 
| 222|0x000000008de00000, 0x000000008df00000, 0x000000008df00000|100%| E|CS|TAMS 0x000000008de00000, 0x000000008de00000| Complete 
| 223|0x000000008df00000, 0x000000008e000000, 0x000000008e000000|100%| E|CS|TAMS 0x000000008df00000, 0x000000008df00000| Complete 
| 224|0x000000008e000000, 0x000000008e100000, 0x000000008e100000|100%| E|CS|TAMS 0x000000008e000000, 0x000000008e000000| Complete 
| 225|0x000000008e100000, 0x000000008e200000, 0x000000008e200000|100%| E|CS|TAMS 0x000000008e100000, 0x000000008e100000| Complete 
| 226|0x000000008e200000, 0x000000008e300000, 0x000000008e300000|100%| E|CS|TAMS 0x000000008e200000, 0x000000008e200000| Complete 
| 227|0x000000008e300000, 0x000000008e400000, 0x000000008e400000|100%| E|CS|TAMS 0x000000008e300000, 0x000000008e300000| Complete 
| 228|0x000000008e400000, 0x000000008e500000, 0x000000008e500000|100%| E|CS|TAMS 0x000000008e400000, 0x000000008e400000| Complete 
| 229|0x000000008e500000, 0x000000008e600000, 0x000000008e600000|100%| E|CS|TAMS 0x000000008e500000, 0x000000008e500000| Complete 
| 230|0x000000008e600000, 0x000000008e700000, 0x000000008e700000|100%| E|CS|TAMS 0x000000008e600000, 0x000000008e600000| Complete 
| 231|0x000000008e700000, 0x000000008e800000, 0x000000008e800000|100%| E|CS|TAMS 0x000000008e700000, 0x000000008e700000| Complete 
| 232|0x000000008e800000, 0x000000008e900000, 0x000000008e900000|100%| E|CS|TAMS 0x000000008e800000, 0x000000008e800000| Complete 
| 233|0x000000008e900000, 0x000000008ea00000, 0x000000008ea00000|100%| E|CS|TAMS 0x000000008e900000, 0x000000008e900000| Complete 
| 234|0x000000008ea00000, 0x000000008eb00000, 0x000000008eb00000|100%| E|CS|TAMS 0x000000008ea00000, 0x000000008ea00000| Complete 
| 235|0x000000008eb00000, 0x000000008ec00000, 0x000000008ec00000|100%| E|CS|TAMS 0x000000008eb00000, 0x000000008eb00000| Complete 
| 236|0x000000008ec00000, 0x000000008ed00000, 0x000000008ed00000|100%| E|CS|TAMS 0x000000008ec00000, 0x000000008ec00000| Complete 
| 237|0x000000008ed00000, 0x000000008ee00000, 0x000000008ee00000|100%| E|CS|TAMS 0x000000008ed00000, 0x000000008ed00000| Complete 
| 238|0x000000008ee00000, 0x000000008ef00000, 0x000000008ef00000|100%| E|CS|TAMS 0x000000008ee00000, 0x000000008ee00000| Complete 
| 239|0x000000008ef00000, 0x000000008f000000, 0x000000008f000000|100%| E|CS|TAMS 0x000000008ef00000, 0x000000008ef00000| Complete 
| 240|0x000000008f000000, 0x000000008f100000, 0x000000008f100000|100%| E|CS|TAMS 0x000000008f000000, 0x000000008f000000| Complete 
| 241|0x000000008f100000, 0x000000008f200000, 0x000000008f200000|100%| E|CS|TAMS 0x000000008f100000, 0x000000008f100000| Complete 
| 242|0x000000008f200000, 0x000000008f300000, 0x000000008f300000|100%| E|CS|TAMS 0x000000008f200000, 0x000000008f200000| Complete 
| 243|0x000000008f300000, 0x000000008f400000, 0x000000008f400000|100%| E|CS|TAMS 0x000000008f300000, 0x000000008f300000| Complete 
| 244|0x000000008f400000, 0x000000008f500000, 0x000000008f500000|100%| E|  |TAMS 0x000000008f400000, 0x000000008f400000| Complete 
| 245|0x000000008f500000, 0x000000008f600000, 0x000000008f600000|100%| E|CS|TAMS 0x000000008f500000, 0x000000008f500000| Complete 
| 246|0x000000008f600000, 0x000000008f700000, 0x000000008f700000|100%| E|CS|TAMS 0x000000008f600000, 0x000000008f600000| Complete 
| 247|0x000000008f700000, 0x000000008f800000, 0x000000008f800000|100%| E|CS|TAMS 0x000000008f700000, 0x000000008f700000| Complete 
| 248|0x000000008f800000, 0x000000008f8ffff8, 0x000000008f900000| 99%| E|CS|TAMS 0x000000008f800000, 0x000000008f800000| Complete 
| 249|0x000000008f900000, 0x000000008fa00000, 0x000000008fa00000|100%| E|CS|TAMS 0x000000008f900000, 0x000000008f900000| Complete 
| 250|0x000000008fa00000, 0x000000008fb00000, 0x000000008fb00000|100%| E|CS|TAMS 0x000000008fa00000, 0x000000008fa00000| Complete 
| 251|0x000000008fb00000, 0x000000008fc00000, 0x000000008fc00000|100%| E|CS|TAMS 0x000000008fb00000, 0x000000008fb00000| Complete 
| 252|0x000000008fc00000, 0x000000008fd00000, 0x000000008fd00000|100%| E|CS|TAMS 0x000000008fc00000, 0x000000008fc00000| Complete 
| 253|0x000000008fd00000, 0x000000008fe00000, 0x000000008fe00000|100%| E|CS|TAMS 0x000000008fd00000, 0x000000008fd00000| Complete 

Card table byte_map: [0x00000256bfbe0000,0x00000256bffe0000] _byte_map_base: 0x00000256bf7e0000

Marking Bits (Prev, Next): (CMBitMap*) 0x00000256ac2bf138, (CMBitMap*) 0x00000256ac2bf170
 Prev Bits: [0x00000256c03e0000, 0x00000256c23e0000)
 Next Bits: [0x00000256c23e0000, 0x00000256c43e0000)

Polling page: 0x00000256aa960000

Metaspace:

Usage:
  Non-class:    110.83 MB capacity,   108.46 MB ( 98%) used,     1.89 MB (  2%) free+waste,   493.56 KB ( <1%) overhead. 
      Class:     17.54 MB capacity,    15.92 MB ( 91%) used,     1.39 MB (  8%) free+waste,   236.19 KB (  1%) overhead. 
       Both:    128.38 MB capacity,   124.38 MB ( 97%) used,     3.28 MB (  3%) free+waste,   729.75 KB ( <1%) overhead. 

Virtual space:
  Non-class space:      112.00 MB reserved,     111.25 MB (>99%) committed 
      Class space:        1.00 GB reserved,      17.70 MB (  2%) committed 
             Both:        1.11 GB reserved,     128.95 MB ( 11%) committed 

Chunk freelists:
   Non-Class:  235.00 KB
       Class:  116.00 KB
        Both:  351.00 KB

MaxMetaspaceSize: 17179869184.00 GB
CompressedClassSpaceSize: 1.00 GB

CodeHeap 'non-profiled nmethods': size=120000Kb used=13183Kb max_used=13183Kb free=106817Kb
 bounds [0x00000256b7850000, 0x00000256b8530000, 0x00000256bed80000]
CodeHeap 'profiled nmethods': size=120000Kb used=43047Kb max_used=43047Kb free=76952Kb
 bounds [0x00000256b0320000, 0x00000256b2d40000, 0x00000256b7850000]
CodeHeap 'non-nmethods': size=5760Kb used=2367Kb max_used=2413Kb free=3392Kb
 bounds [0x00000256afd80000, 0x00000256afff0000, 0x00000256b0320000]
 total_blobs=21393 nmethods=20404 adapters=899
 compilation: disabled (not enough contiguous free space left)
              stopped_count=1, restarted_count=0
 full_count=1

Compilation events (20 events):
Event: 586.933 Thread 0x00000256c77ab000 21634       3       org.gradle.api.internal.artifacts.ivyservice.resolutionstrategy.DefaultCachePolicy::eachModule (24 bytes)
Event: 586.934 Thread 0x00000256c77ab000 nmethod 21634 0x00000256b2d2b110 code [0x00000256b2d2b2e0, 0x00000256b2d2b578]
Event: 586.934 Thread 0x00000256c77ab000 21635       3       org.gradle.api.internal.artifacts.ivyservice.resolutionstrategy.DefaultCachePolicy$$Lambda$429/0x00000001005e1040::get$Lambda (10 bytes)
Event: 586.934 Thread 0x00000256c77ab000 nmethod 21635 0x00000256b2d2b690 code [0x00000256b2d2b860, 0x00000256b2d2bab8]
Event: 586.934 Thread 0x00000256c77ab000 21638       3       com.google.gson.internal.$Gson$Preconditions::checkArgument (13 bytes)
Event: 586.934 Thread 0x00000256c77ab000 nmethod 21638 0x00000256b2d2bb90 code [0x00000256b2d2bd60, 0x00000256b2d2bf28]
Event: 586.934 Thread 0x00000256c77ab000 21637       1       org.gradle.api.internal.provider.ValueSupplier$UnknownProducer::isKnown (2 bytes)
Event: 586.934 Thread 0x00000256c77ab000 nmethod 21637 0x00000256b852eb10 code [0x00000256b852ecc0, 0x00000256b852ed78]
Event: 586.934 Thread 0x00000256c77ab000 21641       1       com.sun.xml.bind.v2.runtime.unmarshaller.UnmarshallingContext$State::access$1000 (5 bytes)
Event: 586.934 Thread 0x00000256c77ab000 nmethod 21641 0x00000256b852ee10 code [0x00000256b852efc0, 0x00000256b852f058]
Event: 586.934 Thread 0x00000256c77ab000 21642   !   3       com.sun.xml.bind.v2.runtime.reflect.Accessor$FieldReflection::set (43 bytes)
Event: 586.934 Thread 0x00000256c77ab000 nmethod 21642 0x00000256b2d2c010 code [0x00000256b2d2c280, 0x00000256b2d2cb38]
Event: 586.934 Thread 0x00000256c77ab000 21643       3       java.util.regex.Pattern::atom (422 bytes)
Event: 586.936 Thread 0x00000256c77ab000 nmethod 21643 0x00000256b2d2cf90 code [0x00000256b2d2d420, 0x00000256b2d2fe78]
Event: 586.936 Thread 0x00000256c77ab000 21644       3       com.sun.org.apache.xerces.internal.util.NamespaceSupport::getDeclaredPrefixAt (19 bytes)
Event: 586.936 Thread 0x00000256c77ab000 nmethod 21644 0x00000256b2d30990 code [0x00000256b2d30b40, 0x00000256b2d30c98]
Event: 586.936 Thread 0x00000256c77ab000 21645       1       com.android.repository.api.SchemaModule$SchemaModuleVersion::getObjectFactory (5 bytes)
Event: 586.936 Thread 0x00000256c77ab000 nmethod 21645 0x00000256b852f110 code [0x00000256b852f2c0, 0x00000256b852f378]
Event: 586.937 Thread 0x00000256d61bc800 nmethod 21565 0x00000256b2d30d90 code [0x00000256b2d31000, 0x00000256b2d322d0]
Event: 586.937 Thread 0x00000256d61bc800 21640 %     4       com.sun.org.apache.xerces.internal.impl.XMLEntityScanner::scanContent @ 512 (690 bytes)

GC Heap History (20 events):
Event: 384.260 GC heap before
{Heap before GC invocations=17 (full 0):
 garbage-first heap   total 260096K, used 228801K [0x0000000080000000, 0x0000000100000000)
  region size 1024K, 130 young (133120K), 17 survivors (17408K)
 Metaspace       used 99455K, capacity 102053K, committed 102348K, reserved 1138688K
  class space    used 12493K, capacity 13441K, committed 13516K, reserved 1048576K
}
Event: 384.270 GC heap after
{Heap after GC invocations=18 (full 0):
 garbage-first heap   total 260096K, used 88728K [0x0000000080000000, 0x0000000100000000)
  region size 1024K, 5 young (5120K), 5 survivors (5120K)
 Metaspace       used 99455K, capacity 102053K, committed 102348K, reserved 1138688K
  class space    used 12493K, capacity 13441K, committed 13516K, reserved 1048576K
}
Event: 520.126 GC heap before
{Heap before GC invocations=18 (full 0):
 garbage-first heap   total 260096K, used 207512K [0x0000000080000000, 0x0000000100000000)
  region size 1024K, 122 young (124928K), 5 survivors (5120K)
 Metaspace       used 100703K, capacity 103339K, committed 103500K, reserved 1138688K
  class space    used 12611K, capacity 13589K, committed 13644K, reserved 1048576K
}
Event: 520.136 GC heap after
{Heap after GC invocations=19 (full 0):
 garbage-first heap   total 260096K, used 88970K [0x0000000080000000, 0x0000000100000000)
  region size 1024K, 5 young (5120K), 5 survivors (5120K)
 Metaspace       used 100703K, capacity 103339K, committed 103500K, reserved 1138688K
  class space    used 12611K, capacity 13589K, committed 13644K, reserved 1048576K
}
Event: 544.973 GC heap before
{Heap before GC invocations=19 (full 0):
 garbage-first heap   total 260096K, used 221066K [0x0000000080000000, 0x0000000100000000)
  region size 1024K, 125 young (128000K), 5 survivors (5120K)
 Metaspace       used 101085K, capacity 103720K, committed 103756K, reserved 1138688K
  class space    used 12626K, capacity 13615K, committed 13644K, reserved 1048576K
}
Event: 544.990 GC heap after
{Heap after GC invocations=20 (full 0):
 garbage-first heap   total 260096K, used 111683K [0x0000000080000000, 0x0000000100000000)
  region size 1024K, 16 young (16384K), 16 survivors (16384K)
 Metaspace       used 101085K, capacity 103720K, committed 103756K, reserved 1138688K
  class space    used 12626K, capacity 13615K, committed 13644K, reserved 1048576K
}
Event: 546.388 GC heap before
{Heap before GC invocations=20 (full 0):
 garbage-first heap   total 260096K, used 215107K [0x0000000080000000, 0x0000000100000000)
  region size 1024K, 103 young (105472K), 16 survivors (16384K)
 Metaspace       used 101292K, capacity 104009K, committed 104140K, reserved 1140736K
  class space    used 12642K, capacity 13645K, committed 13772K, reserved 1048576K
}
Event: 546.404 GC heap after
{Heap after GC invocations=21 (full 0):
 garbage-first heap   total 260096K, used 123767K [0x0000000080000000, 0x0000000100000000)
  region size 1024K, 12 young (12288K), 12 survivors (12288K)
 Metaspace       used 101292K, capacity 104009K, committed 104140K, reserved 1140736K
  class space    used 12642K, capacity 13645K, committed 13772K, reserved 1048576K
}
Event: 546.796 GC heap before
{Heap before GC invocations=21 (full 0):
 garbage-first heap   total 260096K, used 203639K [0x0000000080000000, 0x0000000100000000)
  region size 1024K, 91 young (93184K), 12 survivors (12288K)
 Metaspace       used 102836K, capacity 105571K, committed 105804K, reserved 1140736K
  class space    used 12806K, capacity 13846K, committed 13900K, reserved 1048576K
}
Event: 546.807 GC heap after
{Heap after GC invocations=22 (full 0):
 garbage-first heap   total 260096K, used 126582K [0x0000000080000000, 0x0000000100000000)
  region size 1024K, 6 young (6144K), 6 survivors (6144K)
 Metaspace       used 102836K, capacity 105571K, committed 105804K, reserved 1140736K
  class space    used 12806K, capacity 13846K, committed 13900K, reserved 1048576K
}
Event: 547.236 GC heap before
{Heap before GC invocations=22 (full 0):
 garbage-first heap   total 260096K, used 158326K [0x0000000080000000, 0x0000000100000000)
  region size 1024K, 38 young (38912K), 6 survivors (6144K)
 Metaspace       used 109025K, capacity 111897K, committed 112076K, reserved 1146880K
  class space    used 13594K, capacity 14677K, committed 14796K, reserved 1048576K
}
Event: 547.248 GC heap after
{Heap after GC invocations=23 (full 0):
 garbage-first heap   total 260096K, used 128663K [0x0000000080000000, 0x0000000100000000)
  region size 1024K, 8 young (8192K), 8 survivors (8192K)
 Metaspace       used 109025K, capacity 111897K, committed 112076K, reserved 1146880K
  class space    used 13594K, capacity 14677K, committed 14796K, reserved 1048576K
}
Event: 548.228 GC heap before
{Heap before GC invocations=24 (full 0):
 garbage-first heap   total 260096K, used 202040K [0x0000000080000000, 0x0000000100000000)
  region size 1024K, 85 young (87040K), 8 survivors (8192K)
 Metaspace       used 113878K, capacity 116850K, committed 116940K, reserved 1150976K
  class space    used 14146K, capacity 15227K, committed 15308K, reserved 1048576K
}
Event: 548.235 GC heap after
{Heap after GC invocations=25 (full 0):
 garbage-first heap   total 260096K, used 124195K [0x0000000080000000, 0x0000000100000000)
  region size 1024K, 6 young (6144K), 6 survivors (6144K)
 Metaspace       used 113878K, capacity 116850K, committed 116940K, reserved 1150976K
  class space    used 14146K, capacity 15227K, committed 15308K, reserved 1048576K
}
Event: 548.282 GC heap before
{Heap before GC invocations=25 (full 0):
 garbage-first heap   total 260096K, used 130339K [0x0000000080000000, 0x0000000100000000)
  region size 1024K, 12 young (12288K), 6 survivors (6144K)
 Metaspace       used 115019K, capacity 118077K, committed 118220K, reserved 1153024K
  class space    used 14325K, capacity 15458K, committed 15564K, reserved 1048576K
}
Event: 548.293 GC heap after
{Heap after GC invocations=26 (full 0):
 garbage-first heap   total 260096K, used 105632K [0x0000000080000000, 0x0000000100000000)
  region size 1024K, 2 young (2048K), 2 survivors (2048K)
 Metaspace       used 115019K, capacity 118077K, committed 118220K, reserved 1153024K
  class space    used 14325K, capacity 15458K, committed 15564K, reserved 1048576K
}
Event: 548.851 GC heap before
{Heap before GC invocations=26 (full 0):
 garbage-first heap   total 260096K, used 200864K [0x0000000080000000, 0x0000000100000000)
  region size 1024K, 96 young (98304K), 2 survivors (2048K)
 Metaspace       used 123922K, capacity 127983K, committed 128076K, reserved 1159168K
  class space    used 15825K, capacity 17445K, committed 17484K, reserved 1048576K
}
Event: 548.861 GC heap after
{Heap after GC invocations=27 (full 0):
 garbage-first heap   total 260096K, used 113677K [0x0000000080000000, 0x0000000100000000)
  region size 1024K, 10 young (10240K), 10 survivors (10240K)
 Metaspace       used 123922K, capacity 127983K, committed 128076K, reserved 1159168K
  class space    used 15825K, capacity 17445K, committed 17484K, reserved 1048576K
}
Event: 549.411 GC heap before
{Heap before GC invocations=27 (full 0):
 garbage-first heap   total 260096K, used 187405K [0x0000000080000000, 0x0000000100000000)
  region size 1024K, 72 young (73728K), 10 survivors (10240K)
 Metaspace       used 127279K, capacity 131590K, committed 131788K, reserved 1163264K
  class space    used 16341K, capacity 18040K, committed 18124K, reserved 1048576K
}
Event: 549.418 GC heap after
{Heap after GC invocations=28 (full 0):
 garbage-first heap   total 260096K, used 124162K [0x0000000080000000, 0x0000000100000000)
  region size 1024K, 3 young (3072K), 3 survivors (3072K)
 Metaspace       used 127279K, capacity 131590K, committed 131788K, reserved 1163264K
  class space    used 16341K, capacity 18040K, committed 18124K, reserved 1048576K
}

Deoptimization events (20 events):
Event: 549.592 Thread 0x00000256cea74000 DEOPT PACKING pc=0x00000256b18ecf04 sp=0x00000069834ff040
Event: 549.592 Thread 0x00000256cea74000 DEOPT UNPACKING pc=0x00000256afda6dde sp=0x00000069834fe600 mode 0
Event: 549.593 Thread 0x00000256cea76000 DEOPT PACKING pc=0x00000256b18ecf04 sp=0x00000069833fef20
Event: 549.593 Thread 0x00000256cea76000 DEOPT UNPACKING pc=0x00000256afda6dde sp=0x00000069833fe4e0 mode 0
Event: 549.593 Thread 0x00000256cea72800 DEOPT PACKING pc=0x00000256b18ecf04 sp=0x00000069832ff300
Event: 549.593 Thread 0x00000256cea72800 DEOPT UNPACKING pc=0x00000256afda6dde sp=0x00000069832fe8c0 mode 0
Event: 586.827 Thread 0x00000256cea76800 DEOPT PACKING pc=0x00000256b0c0492b sp=0x00000069846f9150
Event: 586.827 Thread 0x00000256cea76800 DEOPT UNPACKING pc=0x00000256afda6dde sp=0x00000069846f85e8 mode 0
Event: 586.830 Thread 0x00000256cea76800 DEOPT PACKING pc=0x00000256b0c0492b sp=0x00000069846f9150
Event: 586.830 Thread 0x00000256cea76800 DEOPT UNPACKING pc=0x00000256afda6dde sp=0x00000069846f85e8 mode 0
Event: 586.907 Thread 0x00000256cea76800 DEOPT PACKING pc=0x00000256b08ae716 sp=0x00000069846f92d0
Event: 586.907 Thread 0x00000256cea76800 DEOPT UNPACKING pc=0x00000256afda6dde sp=0x00000069846f87e8 mode 0
Event: 586.931 Thread 0x00000256cea76800 DEOPT PACKING pc=0x00000256b1cab1b0 sp=0x00000069846f9810
Event: 586.931 Thread 0x00000256cea76800 DEOPT UNPACKING pc=0x00000256afda6dde sp=0x00000069846f8d50 mode 0
Event: 586.932 Thread 0x00000256cea76800 DEOPT PACKING pc=0x00000256b1cab1b0 sp=0x00000069846f9740
Event: 586.932 Thread 0x00000256cea76800 DEOPT UNPACKING pc=0x00000256afda6dde sp=0x00000069846f8c80 mode 0
Event: 586.936 Thread 0x00000256cea76800 DEOPT PACKING pc=0x00000256b1cab1b0 sp=0x00000069846f9740
Event: 586.936 Thread 0x00000256cea76800 DEOPT UNPACKING pc=0x00000256afda6dde sp=0x00000069846f8c80 mode 0
Event: 586.937 Thread 0x00000256cea76800 DEOPT PACKING pc=0x00000256b1cab1b0 sp=0x00000069846f9670
Event: 586.937 Thread 0x00000256cea76800 DEOPT UNPACKING pc=0x00000256afda6dde sp=0x00000069846f8bb0 mode 0

Classes redefined (0 events):
No events

Internal exceptions (20 events):
Event: 549.128 Thread 0x00000256c889c800 Exception <a 'sun/nio/fs/WindowsException'{0x000000008db889e8}> (0x000000008db889e8) thrown at [./src/hotspot/share/prims/jni.cpp, line 615]
Event: 549.201 Thread 0x00000256cb24b800 Exception <a 'sun/nio/fs/WindowsException'{0x000000008d6c4988}> (0x000000008d6c4988) thrown at [./src/hotspot/share/prims/jni.cpp, line 615]
Event: 549.205 Thread 0x00000256cb24b800 Implicit null exception at 0x00000256b83288b8 to 0x00000256b832aae4
Event: 549.251 Thread 0x00000256cb24b800 Exception <a 'java/lang/NoSuchMethodError'{0x000000008d2c93b8}: 'java.lang.Object java.lang.invoke.DirectMethodHandle$Holder.invokeStatic(java.lang.Object, java.lang.Object, java.lang.Object, java.lang.Object, java.lang.Object, int, java.lang.Object)'> (0x000000008d2c93b8) thrown at [./src/hotspot/share/interpreter/linkResolver.cpp, line 773]
Event: 549.251 Thread 0x00000256cb24b800 Exception <a 'java/lang/NoSuchMethodError'{0x000000008d2d05b8}: 'java.lang.Object java.lang.invoke.Invokers$Holder.linkToTargetMethod(java.lang.Object, java.lang.Object, java.lang.Object, java.lang.Object, int, java.lang.Object, java.lang.Object)'> (0x000000008d2d05b8) thrown at [./src/hotspot/share/interpreter/linkResolver.cpp, line 773]
Event: 549.282 Thread 0x00000256cb24b800 Exception <a 'java/lang/NoSuchMethodError'{0x000000008ceb7b38}: 'java.lang.Object java.lang.invoke.DirectMethodHandle$Holder.invokeStatic(java.lang.Object, java.lang.Object, java.lang.Object, java.lang.Object, java.lang.Object, java.lang.Object, java.lang.Object, int)'> (0x000000008ceb7b38) thrown at [./src/hotspot/share/interpreter/linkResolver.cpp, line 773]
Event: 549.283 Thread 0x00000256cb24b800 Exception <a 'java/lang/NoSuchMethodError'{0x000000008cebbf70}: 'java.lang.Object java.lang.invoke.DirectMethodHandle$Holder.invokeSpecial(java.lang.Object, java.lang.Object, java.lang.Object, java.lang.Object, java.lang.Object, java.lang.Object, java.lang.Object, java.lang.Object, int)'> (0x000000008cebbf70) thrown at [./src/hotspot/share/interpreter/linkResolver.cpp, line 773]
Event: 549.283 Thread 0x00000256cb24b800 Exception <a 'java/lang/NoSuchMethodError'{0x000000008cebfd28}: 'java.lang.Object java.lang.invoke.Invokers$Holder.linkToTargetMethod(java.lang.Object, java.lang.Object, java.lang.Object, java.lang.Object, java.lang.Object, java.lang.Object, int, java.lang.Object)'> (0x000000008cebfd28) thrown at [./src/hotspot/share/interpreter/linkResolver.cpp, line 773]
Event: 549.461 Thread 0x00000256cb24b800 Implicit null exception at 0x00000256b802396d to 0x00000256b8023998
Event: 549.461 Thread 0x00000256cb24b800 Implicit null exception at 0x00000256b7f51c6b to 0x00000256b7f51c8c
Event: 549.502 Thread 0x00000256cea76800 Exception <a 'sun/nio/fs/WindowsException'{0x000000008fbc6530}> (0x000000008fbc6530) thrown at [./src/hotspot/share/prims/jni.cpp, line 615]
Event: 549.502 Thread 0x00000256cea76800 Exception <a 'sun/nio/fs/WindowsException'{0x000000008fbc65b0}> (0x000000008fbc65b0) thrown at [./src/hotspot/share/prims/jni.cpp, line 615]
Event: 549.502 Thread 0x00000256cea76800 Exception <a 'sun/nio/fs/WindowsException'{0x000000008fbc8c50}> (0x000000008fbc8c50) thrown at [./src/hotspot/share/prims/jni.cpp, line 615]
Event: 586.878 Thread 0x00000256cea76800 Exception <a 'sun/nio/fs/WindowsException'{0x000000008e0db8f8}> (0x000000008e0db8f8) thrown at [./src/hotspot/share/prims/jni.cpp, line 615]
Event: 586.903 Thread 0x00000256cea76800 Exception <a 'java/lang/NoClassDefFoundError'{0x000000008dc216c0}: org/jetbrains/kotlin/gradle/plugin/KotlinBasePluginWrapper> (0x000000008dc216c0) thrown at [./src/hotspot/share/oops/constantPool.cpp, line 775]
Event: 586.930 Thread 0x00000256cea76800 Exception <a 'sun/nio/fs/WindowsException'{0x000000008dacef08}> (0x000000008dacef08) thrown at [./src/hotspot/share/prims/jni.cpp, line 615]
Event: 586.935 Thread 0x00000256cea76800 Exception <a 'sun/nio/fs/WindowsException'{0x000000008d96f1e0}> (0x000000008d96f1e0) thrown at [./src/hotspot/share/prims/jni.cpp, line 615]
Event: 586.935 Thread 0x00000256cea76800 Exception <a 'sun/nio/fs/WindowsException'{0x000000008d970568}> (0x000000008d970568) thrown at [./src/hotspot/share/prims/jni.cpp, line 615]
Event: 586.935 Thread 0x00000256cea76800 Exception <a 'sun/nio/fs/WindowsException'{0x000000008d971940}> (0x000000008d971940) thrown at [./src/hotspot/share/prims/jni.cpp, line 615]
Event: 586.935 Thread 0x00000256cea76800 Exception <a 'sun/nio/fs/WindowsException'{0x000000008d972d18}> (0x000000008d972d18) thrown at [./src/hotspot/share/prims/jni.cpp, line 615]

Events (20 events):
Event: 586.831 Thread 0x00000256cb248800 Thread added: 0x00000256cb248800
Event: 586.831 Thread 0x00000256cb249000 Thread added: 0x00000256cb249000
Event: 586.831 Thread 0x00000256c9851800 Thread added: 0x00000256c9851800
Event: 586.831 Thread 0x00000256c985b800 Thread added: 0x00000256c985b800
Event: 586.831 Thread 0x00000256c985d800 Thread added: 0x00000256c985d800
Event: 586.831 Thread 0x00000256c985d000 Thread added: 0x00000256c985d000
Event: 586.837 Thread 0x00000256c985e800 Thread added: 0x00000256c985e800
Event: 586.837 Thread 0x00000256c985a800 Thread added: 0x00000256c985a800
Event: 586.837 Thread 0x00000256c9859000 Thread added: 0x00000256c9859000
Event: 586.838 Thread 0x00000256c985f800 Thread added: 0x00000256c985f800
Event: 586.838 Thread 0x00000256c9859800 Thread added: 0x00000256c9859800
Event: 586.838 Thread 0x00000256c9860000 Thread added: 0x00000256c9860000
Event: 586.838 Thread 0x00000256c9b9f800 Thread added: 0x00000256c9b9f800
Event: 586.838 Thread 0x00000256c9ba0000 Thread added: 0x00000256c9ba0000
Event: 586.838 Thread 0x00000256c9ba2800 Thread added: 0x00000256c9ba2800
Event: 586.838 Thread 0x00000256c9b9e800 Thread added: 0x00000256c9b9e800
Event: 586.838 Thread 0x00000256d4d66000 Thread added: 0x00000256d4d66000
Event: 586.839 Thread 0x00000256d4d67800 Thread added: 0x00000256d4d67800
Event: 586.904 Executing VM operation: ICBufferFull
Event: 586.904 Executing VM operation: ICBufferFull done


Dynamic libraries:
0x00007ff7d9a50000 - 0x00007ff7d9a5a000 	C:\Program Files\Android\Android Studio\jre\bin\java.exe
0x00007fff70b30000 - 0x00007fff70d25000 	C:\WINDOWS\SYSTEM32\ntdll.dll
0x00007fff6f310000 - 0x00007fff6f3ce000 	C:\WINDOWS\System32\KERNEL32.DLL
0x00007fff6e540000 - 0x00007fff6e808000 	C:\WINDOWS\System32\KERNELBASE.dll
0x00007fff6e250000 - 0x00007fff6e350000 	C:\WINDOWS\System32\ucrtbase.dll
0x00007fff5afe0000 - 0x00007fff5aff7000 	C:\Program Files\Android\Android Studio\jre\bin\VCRUNTIME140.dll
0x00007fff694e0000 - 0x00007fff694f9000 	C:\Program Files\Android\Android Studio\jre\bin\jli.dll
0x00007fff702e0000 - 0x00007fff70480000 	C:\WINDOWS\System32\USER32.dll
0x00007fff62e70000 - 0x00007fff6310a000 	C:\WINDOWS\WinSxS\amd64_microsoft.windows.common-controls_6595b64144ccf1df_6.0.19041.1110_none_60b5254171f9507e\COMCTL32.dll
0x00007fff6e350000 - 0x00007fff6e372000 	C:\WINDOWS\System32\win32u.dll
0x00007fff6f2e0000 - 0x00007fff6f30b000 	C:\WINDOWS\System32\GDI32.dll
0x00007fff6faf0000 - 0x00007fff6fb8e000 	C:\WINDOWS\System32\msvcrt.dll
0x00007fff6ea80000 - 0x00007fff6eb8b000 	C:\WINDOWS\System32\gdi32full.dll
0x00007fff6e3f0000 - 0x00007fff6e48d000 	C:\WINDOWS\System32\msvcp_win.dll
0x00007fff6f0d0000 - 0x00007fff6f100000 	C:\WINDOWS\System32\IMM32.DLL
0x00007fff325e0000 - 0x00007fff3267d000 	C:\Program Files\Android\Android Studio\jre\bin\msvcp140.dll
0x00007fff23020000 - 0x00007fff23af5000 	C:\Program Files\Android\Android Studio\jre\bin\server\jvm.dll
0x00007fff708c0000 - 0x00007fff7096e000 	C:\WINDOWS\System32\ADVAPI32.dll
0x00007fff6f240000 - 0x00007fff6f2dc000 	C:\WINDOWS\System32\sechost.dll
0x00007fff70500000 - 0x00007fff70625000 	C:\WINDOWS\System32\RPCRT4.dll
0x00007fff6f100000 - 0x00007fff6f108000 	C:\WINDOWS\System32\PSAPI.DLL
0x00007fff65f40000 - 0x00007fff65f49000 	C:\WINDOWS\SYSTEM32\WSOCK32.dll
0x00007fff5b720000 - 0x00007fff5b747000 	C:\WINDOWS\SYSTEM32\WINMM.dll
0x00007fff69180000 - 0x00007fff6918a000 	C:\WINDOWS\SYSTEM32\VERSION.dll
0x00007fff70970000 - 0x00007fff709db000 	C:\WINDOWS\System32\WS2_32.dll
0x00007fff6c180000 - 0x00007fff6c192000 	C:\WINDOWS\SYSTEM32\kernel.appcore.dll
0x00007fff58110000 - 0x00007fff58121000 	C:\Program Files\Android\Android Studio\jre\bin\verify.dll
0x00007fff5a7d0000 - 0x00007fff5a9b4000 	C:\WINDOWS\SYSTEM32\DBGHELP.DLL
0x00007fff59fc0000 - 0x00007fff59fec000 	C:\WINDOWS\SYSTEM32\dbgcore.DLL
0x00007fff6e970000 - 0x00007fff6e9f2000 	C:\WINDOWS\System32\bcryptPrimitives.dll
0x00007fff3a5e0000 - 0x00007fff3a609000 	C:\Program Files\Android\Android Studio\jre\bin\java.dll
0x00007fff5b2c0000 - 0x00007fff5b2cb000 	C:\Program Files\Android\Android Studio\jre\bin\jimage.dll
0x00007fff47c20000 - 0x00007fff47c38000 	C:\Program Files\Android\Android Studio\jre\bin\zip.dll
0x00007fff6fb90000 - 0x00007fff702d4000 	C:\WINDOWS\System32\SHELL32.dll
0x00007fff6c380000 - 0x00007fff6cb14000 	C:\WINDOWS\SYSTEM32\windows.storage.dll
0x00007fff6f3d0000 - 0x00007fff6f724000 	C:\WINDOWS\System32\combase.dll
0x00007fff6dcb0000 - 0x00007fff6dcdc000 	C:\WINDOWS\SYSTEM32\Wldp.dll
0x00007fff709e0000 - 0x00007fff70a8d000 	C:\WINDOWS\System32\SHCORE.dll
0x00007fff70a90000 - 0x00007fff70ae5000 	C:\WINDOWS\System32\shlwapi.dll
0x00007fff6e190000 - 0x00007fff6e1af000 	C:\WINDOWS\SYSTEM32\profapi.dll
0x00007fff47a80000 - 0x00007fff47a9a000 	C:\Program Files\Android\Android Studio\jre\bin\net.dll
0x00007fff67870000 - 0x00007fff67979000 	C:\WINDOWS\SYSTEM32\WINHTTP.dll
0x00007fff6d940000 - 0x00007fff6d9aa000 	C:\WINDOWS\system32\mswsock.dll
0x00007fff45420000 - 0x00007fff45434000 	C:\Program Files\Android\Android Studio\jre\bin\nio.dll
0x00007fff384c0000 - 0x00007fff384e7000 	C:\Users\Shrooq\.gradle\native\e1d6ef7f7dcc3fd88c89a11ec53ec762bb8ba0a96d01ffa2cd45eb1d1d8dd5c5\windows-amd64\native-platform.dll
0x00007fff62c30000 - 0x00007fff62d74000 	C:\Users\Shrooq\.gradle\native\5664cfc778a61ccfe75a443a1ab52a65af34e5dc3c78e0209fed803814484fcb\windows-amd64\native-platform-file-events.dll
0x00007fff5afb0000 - 0x00007fff5afba000 	C:\Program Files\Android\Android Studio\jre\bin\management.dll
0x00007fff5a070000 - 0x00007fff5a07d000 	C:\Program Files\Android\Android Studio\jre\bin\management_ext.dll
0x00007fff6dba0000 - 0x00007fff6dbb8000 	C:\WINDOWS\SYSTEM32\CRYPTSP.dll
0x00007fff6d2c0000 - 0x00007fff6d2f4000 	C:\WINDOWS\system32\rsaenh.dll
0x00007fff6ea50000 - 0x00007fff6ea77000 	C:\WINDOWS\System32\bcrypt.dll
0x00007fff6e150000 - 0x00007fff6e17e000 	C:\WINDOWS\SYSTEM32\USERENV.dll
0x00007fff6db90000 - 0x00007fff6db9c000 	C:\WINDOWS\SYSTEM32\CRYPTBASE.dll
0x00007fff6d630000 - 0x00007fff6d66b000 	C:\WINDOWS\SYSTEM32\IPHLPAPI.DLL
0x00007fff6f8c0000 - 0x00007fff6f8c8000 	C:\WINDOWS\System32\NSI.dll
0x00007fff681c0000 - 0x00007fff681d7000 	C:\WINDOWS\SYSTEM32\dhcpcsvc6.DLL
0x00007fff681a0000 - 0x00007fff681bd000 	C:\WINDOWS\SYSTEM32\dhcpcsvc.DLL
0x00007fff6d670000 - 0x00007fff6d73a000 	C:\WINDOWS\SYSTEM32\DNSAPI.dll
0x00007fff6cf50000 - 0x00007fff6cf83000 	C:\WINDOWS\SYSTEM32\ntmarta.dll
0x00007fff32520000 - 0x00007fff32547000 	C:\Program Files\Android\Android Studio\jre\bin\sunec.dll

dbghelp: loaded successfully - version: 4.0.5 - missing functions: none
symbol engine: initialized successfully - sym options: 0x614 - pdb path: .;C:\Program Files\Android\Android Studio\jre\bin;C:\WINDOWS\SYSTEM32;C:\WINDOWS\WinSxS\amd64_microsoft.windows.common-controls_6595b64144ccf1df_6.0.19041.1110_none_60b5254171f9507e;C:\Program Files\Android\Android Studio\jre\bin\server;C:\Users\Shrooq\.gradle\native\e1d6ef7f7dcc3fd88c89a11ec53ec762bb8ba0a96d01ffa2cd45eb1d1d8dd5c5\windows-amd64;C:\Users\Shrooq\.gradle\native\5664cfc778a61ccfe75a443a1ab52a65af34e5dc3c78e0209fed803814484fcb\windows-amd64

VM Arguments:
jvm_args: --add-opens=java.base/java.util=ALL-UNNAMED --add-opens=java.base/java.lang=ALL-UNNAMED --add-opens=java.base/java.lang.invoke=ALL-UNNAMED --add-opens=java.base/java.util=ALL-UNNAMED --add-opens=java.prefs/java.util.prefs=ALL-UNNAMED --add-opens=java.prefs/java.util.prefs=ALL-UNNAMED --add-opens=java.base/java.nio.charset=ALL-UNNAMED --add-opens=java.base/java.net=ALL-UNNAMED --add-opens=java.base/java.util.concurrent.atomic=ALL-UNNAMED -Xmx2048m -Dfile.encoding=UTF-8 -Duser.country=US -Duser.language=en -Duser.variant 
java_command: org.gradle.launcher.daemon.bootstrap.GradleDaemon 7.2
java_class_path (initial): C:\Users\Shrooq\.gradle\wrapper\dists\gradle-7.2-bin\2dnblmf4td7x66yl1d74lt32g\gradle-7.2\lib\gradle-launcher-7.2.jar
Launcher Type: SUN_STANDARD

[Global flags]
     intx CICompilerCount                          = 4                                         {product} {ergonomic}
     uint ConcGCThreads                            = 2                                         {product} {ergonomic}
     uint G1ConcRefinementThreads                  = 8                                         {product} {ergonomic}
   size_t G1HeapRegionSize                         = 1048576                                   {product} {ergonomic}
    uintx GCDrainStackTargetSize                   = 64                                        {product} {ergonomic}
   size_t InitialHeapSize                          = 266338304                                 {product} {ergonomic}
   size_t MarkStackSize                            = 4194304                                   {product} {ergonomic}
   size_t MaxHeapSize                              = 2147483648                                {product} {command line}
   size_t MaxNewSize                               = 1287651328                                {product} {ergonomic}
   size_t MinHeapDeltaBytes                        = 1048576                                   {product} {ergonomic}
    uintx NonNMethodCodeHeapSize                   = 5836300                                {pd product} {ergonomic}
    uintx NonProfiledCodeHeapSize                  = 122910970                              {pd product} {ergonomic}
    uintx ProfiledCodeHeapSize                     = 122910970                              {pd product} {ergonomic}
    uintx ReservedCodeCacheSize                    = 251658240                              {pd product} {ergonomic}
     bool SegmentedCodeCache                       = true                                      {product} {ergonomic}
     bool UseCompressedClassPointers               = true                                 {lp64_product} {ergonomic}
     bool UseCompressedOops                        = true                                 {lp64_product} {ergonomic}
     bool UseG1GC                                  = true                                      {product} {ergonomic}
     bool UseLargePagesIndividualAllocation        = false                                  {pd product} {ergonomic}

Logging:
Log output configuration:
 #0: stdout all=warning uptime,level,tags
 #1: stderr all=off uptime,level,tags

Environment Variables:
PATH=C:\WINDOWS\system32;C:\WINDOWS;C:\WINDOWS\System32\Wbem;C:\WINDOWS\System32\WindowsPowerShell\v1.0\;C:\WINDOWS\System32\OpenSSH\;C:\Program Files\Git\cmd;C:\Users\Shrooq\AppData\Local\Microsoft\WindowsApps;C:\Program Files\JetBrains\IntelliJ IDEA Community Edition 2021.3.2\bin;;C:\Program Files\JetBrains\IntelliJ IDEA 2019.2.4\bin;;C:\Program Files\JetBrains\bin;C:\Users\Shrooq\AppData\Local\GitHubDesktop\bin
USERNAME=Shrooq
OS=Windows_NT
PROCESSOR_IDENTIFIER=Intel64 Family 6 Model 158 Stepping 9, GenuineIntel



---------------  S Y S T E M  ---------------

OS: Windows 10 , 64 bit Build 19041 (10.0.19041.1566)
OS uptime: 4 days 20:35 hours

CPU:total 8 (initial active 8) (4 cores per cpu, 2 threads per core) family 6 model 158 stepping 9 microcode 0xb4, cmov, cx8, fxsr, mmx, sse, sse2, sse3, ssse3, sse4.1, sse4.2, popcnt, avx, avx2, aes, clmul, erms, rtm, 3dnowpref, lzcnt, ht, tsc, tscinvbit, bmi1, bmi2, adx, fma

Memory: 4k page, system-wide physical 16247M (966M free)
TotalPageFile size 30370M (AvailPageFile size 4M)
current process WorkingSet (physical memory assigned to process): 604M, peak: 627M
current process commit charge ("private bytes"): 643M, peak: 663M

vm_info: OpenJDK 64-Bit Server VM (11.0.11+9-b60-7590822) for windows-amd64 JRE (11.0.11+9-b60-7590822), built on Jul 29 2021 21:43:44 by "builder" with MS VC++ 14.0 (VS2015)

END.
