#
# There is insufficient memory for the Java Runtime Environment to continue.
# Native memory allocation (malloc) failed to allocate 1342416 bytes for Chunk::new
# Possible reasons:
#   The system is out of physical RAM or swap space
#   The process is running with CompressedOops enabled, and the Java Heap may be blocking the growth of the native heap
# Possible solutions:
#   Reduce memory load on the system
#   Increase physical memory or swap space
#   Check if swap backing store is full
#   Decrease Java heap size (-Xmx/-Xms)
#   Decrease number of Java threads
#   Decrease Java thread stack sizes (-Xss)
#   Set larger code cache with -XX:ReservedCodeCacheSize=
#   JVM is running with Unscaled Compressed Oops mode in which the Java heap is
#     placed in the first 4GB address space. The Java Heap base address is the
#     maximum limit for the native heap growth. Please use -XX:HeapBaseMinAddress
#     to set the Java Heap base and to place the Java Heap above 4GB virtual address.
# This output file may be truncated or incomplete.
#
#  Out of Memory Error (./src/hotspot/share/memory/arena.cpp:197), pid=5988, tid=5152
#
# JRE version: OpenJDK Runtime Environment (11.0.11+9) (build 11.0.11+9-b60-7590822)
# Java VM: OpenJDK 64-Bit Server VM (11.0.11+9-b60-7590822, mixed mode, tiered, compressed oops, g1 gc, windows-amd64)
# No core dump will be written. Minidumps are not enabled by default on client versions of Windows
#

---------------  S U M M A R Y ------------

Command Line: --add-opens=java.base/java.util=ALL-UNNAMED --add-opens=java.base/java.lang=ALL-UNNAMED --add-opens=java.base/java.lang.invoke=ALL-UNNAMED --add-opens=java.base/java.util=ALL-UNNAMED --add-opens=java.prefs/java.util.prefs=ALL-UNNAMED --add-opens=java.prefs/java.util.prefs=ALL-UNNAMED --add-opens=java.base/java.nio.charset=ALL-UNNAMED --add-opens=java.base/java.net=ALL-UNNAMED --add-opens=java.base/java.util.concurrent.atomic=ALL-UNNAMED -Xmx2048m -Dfile.encoding=UTF-8 -Duser.country=US -Duser.language=en -Duser.variant org.gradle.launcher.daemon.bootstrap.GradleDaemon 7.2

Host: Intel(R) Core(TM) i7-7700 CPU @ 3.60GHz, 8 cores, 15G,  Windows 10 , 64 bit Build 19041 (10.0.19041.1566)
Time: Mon Mar 28 16:51:11 2022 Jordan Daylight Time elapsed time: 8.372394 seconds (0d 0h 0m 8s)

---------------  T H R E A D  ---------------

Current thread (0x000001edee1df800):  JavaThread "C2 CompilerThread1" daemon [_thread_in_native, id=5152, stack(0x0000003d9f700000,0x0000003d9f800000)]


Current CompileTask:
C2:   8372 10970       4       org.gradle.internal.snapshot.impl.DefaultValueSnapshotter::processValue (675 bytes)

Stack: [0x0000003d9f700000,0x0000003d9f800000]
Native frames: (J=compiled Java code, j=interpreted, Vv=VM code, C=native code)
V  [jvm.dll+0x5f214a]
V  [jvm.dll+0x726fb5]
V  [jvm.dll+0x7285cd]
V  [jvm.dll+0x728c83]
V  [jvm.dll+0x243278]
V  [jvm.dll+0xbc53c]
V  [jvm.dll+0xbca3c]
V  [jvm.dll+0x353e3b]
V  [jvm.dll+0x321893]
V  [jvm.dll+0x320d8a]
V  [jvm.dll+0x1fc1e2]
V  [jvm.dll+0x1fb3d4]
V  [jvm.dll+0x183d6c]
V  [jvm.dll+0x209a57]
V  [jvm.dll+0x2082a1]
V  [jvm.dll+0x6ef58f]
V  [jvm.dll+0x6e80b5]
V  [jvm.dll+0x5f1036]
C  [ucrtbase.dll+0x21bb2]
C  [KERNEL32.DLL+0x17034]
C  [ntdll.dll+0x52651]


---------------  P R O C E S S  ---------------

Threads class SMR info:
_java_thread_list=0x000001edf5025560, length=136, elements={
0x000001edd2a5b800, 0x000001ededf0d800, 0x000001ededf16800, 0x000001ededf71800,
0x000001ededf74000, 0x000001ededf76000, 0x000001ededf7b000, 0x000001ededf87800,
0x000001ededf93000, 0x000001edee0f7000, 0x000001edee1df800, 0x000001edee4ca800,
0x000001edf0773000, 0x000001edf0ab0000, 0x000001edefe24800, 0x000001edf0bef800,
0x000001edf000e800, 0x000001edf1b54000, 0x000001edf0a0e000, 0x000001edef1c5800,
0x000001edf0181800, 0x000001edf0065800, 0x000001edf0064000, 0x000001edf0063800,
0x000001edf0065000, 0x000001edf0ba9800, 0x000001edf0ba9000, 0x000001edf0baa800,
0x000001edf0bab800, 0x000001edf0bac000, 0x000001edf0ba7000, 0x000001edf0bad000,
0x000001edf0ba8000, 0x000001edf0bb2800, 0x000001edf0baf800, 0x000001edf0bb0000,
0x000001edf0bae800, 0x000001edf0bb5000, 0x000001edf0bb6000, 0x000001edf0bb3800,
0x000001edf0bb1000, 0x000001edf0bb2000, 0x000001edf24a5000, 0x000001edf24a5800,
0x000001edf24a4000, 0x000001edf24a0800, 0x000001edf24a3000, 0x000001edf24a6800,
0x000001edf24a7000, 0x000001edf24a1800, 0x000001edf24a8000, 0x000001edf24a2800,
0x000001edf24a9800, 0x000001edf24ac000, 0x000001edf24ab800, 0x000001edf24ad000,
0x000001edf24ad800, 0x000001edf24ae800, 0x000001edf24a9000, 0x000001edf24af800,
0x000001edf24aa800, 0x000001edf33a6000, 0x000001edf33aa000, 0x000001edf33a5000,
0x000001edf33a9000, 0x000001edf33aa800, 0x000001edf33a6800, 0x000001edf33ab800,
0x000001edf33ad000, 0x000001edf33a7800, 0x000001edf33ac800, 0x000001edf33ae000,
0x000001edf33a8800, 0x000001edf33af000, 0x000001edf33af800, 0x000001edf33b1000,
0x000001edf33b0800, 0x000001edf33b2000, 0x000001edf33b3000, 0x000001edf33b3800,
0x000001edf0cb8800, 0x000001edf0cb7000, 0x000001edf0cbb000, 0x000001edf0cb8000,
0x000001edf0cbc000, 0x000001edf0cb6800, 0x000001edf0cb9800, 0x000001edf0cbf800,
0x000001edf0cbd000, 0x000001edf0cbd800, 0x000001edf0cc0000, 0x000001edf0cba800,
0x000001edf0cbe800, 0x000001edf0cc1800, 0x000001edf0cc3800, 0x000001edf0cc1000,
0x000001edf0cc2800, 0x000001edf0cc4000, 0x000001edf0cc5000, 0x000001edf5a02800,
0x000001edf5a00800, 0x000001edf5a03000, 0x000001edf5a01800, 0x000001edf59ff000,
0x000001edf5a04000, 0x000001edf5a05000, 0x000001edf5a05800, 0x000001edf5a00000,
0x000001edf5a07800, 0x000001edf5a0c000, 0x000001edf5a08000, 0x000001edf5a09000,
0x000001edf5a06800, 0x000001edf5a0d000, 0x000001edf5a09800, 0x000001edf5a0e000,
0x000001edf5a0a800, 0x000001edf5a0b800, 0x000001edf37cf000, 0x000001edf37d3000,
0x000001edf37d4000, 0x000001edf37d5000, 0x000001edf37d5800, 0x000001edf37d0000,
0x000001edf37d6800, 0x000001edf37d2800, 0x000001edf37d0800, 0x000001edf37d7000,
0x000001edf37da800, 0x000001edf37dd000, 0x000001edf37dc000, 0x000001edf37db800,
0x000001edf37d9000, 0x000001edf37d9800, 0x000001edf37dd800, 0x000001edf37d8000
}

Java Threads: ( => current thread )
  0x000001edd2a5b800 JavaThread "main" [_thread_blocked, id=2132, stack(0x0000003d9e600000,0x0000003d9e700000)]
  0x000001ededf0d800 JavaThread "Reference Handler" daemon [_thread_blocked, id=5436, stack(0x0000003d9ed00000,0x0000003d9ee00000)]
  0x000001ededf16800 JavaThread "Finalizer" daemon [_thread_blocked, id=7540, stack(0x0000003d9ee00000,0x0000003d9ef00000)]
  0x000001ededf71800 JavaThread "Signal Dispatcher" daemon [_thread_blocked, id=10692, stack(0x0000003d9ef00000,0x0000003d9f000000)]
  0x000001ededf74000 JavaThread "Attach Listener" daemon [_thread_blocked, id=10188, stack(0x0000003d9f000000,0x0000003d9f100000)]
  0x000001ededf76000 JavaThread "Service Thread" daemon [_thread_blocked, id=9648, stack(0x0000003d9f100000,0x0000003d9f200000)]
  0x000001ededf7b000 JavaThread "C2 CompilerThread0" daemon [_thread_blocked, id=428, stack(0x0000003d9f200000,0x0000003d9f300000)]
  0x000001ededf87800 JavaThread "C1 CompilerThread0" daemon [_thread_blocked, id=11940, stack(0x0000003d9f300000,0x0000003d9f400000)]
  0x000001ededf93000 JavaThread "Sweeper thread" daemon [_thread_blocked, id=6140, stack(0x0000003d9f400000,0x0000003d9f500000)]
  0x000001edee0f7000 JavaThread "Common-Cleaner" daemon [_thread_blocked, id=5348, stack(0x0000003d9f500000,0x0000003d9f600000)]
=>0x000001edee1df800 JavaThread "C2 CompilerThread1" daemon [_thread_in_native, id=5152, stack(0x0000003d9f700000,0x0000003d9f800000)]
  0x000001edee4ca800 JavaThread "C2 CompilerThread2" daemon [_thread_blocked, id=6832, stack(0x0000003d9f800000,0x0000003d9f900000)]
  0x000001edf0773000 JavaThread "Daemon health stats" [_thread_blocked, id=6456, stack(0x0000003d9fe00000,0x0000003d9ff00000)]
  0x000001edf0ab0000 JavaThread "Incoming local TCP Connector on port 50915" [_thread_in_native, id=3540, stack(0x0000003d9ff00000,0x0000003da0000000)]
  0x000001edefe24800 JavaThread "Daemon periodic checks" [_thread_blocked, id=7560, stack(0x0000003da0000000,0x0000003da0100000)]
  0x000001edf0bef800 JavaThread "Daemon" [_thread_blocked, id=9392, stack(0x0000003da0100000,0x0000003da0200000)]
  0x000001edf000e800 JavaThread "Handler for socket connection from /127.0.0.1:50915 to /127.0.0.1:50916" [_thread_in_native, id=7872, stack(0x0000003da0200000,0x0000003da0300000)]
  0x000001edf1b54000 JavaThread "Cancel handler" [_thread_blocked, id=10536, stack(0x0000003da0300000,0x0000003da0400000)]
  0x000001edf0a0e000 JavaThread "Daemon worker" [_thread_blocked, id=6624, stack(0x0000003da0400000,0x0000003da0500000)]
  0x000001edef1c5800 JavaThread "Asynchronous log dispatcher for DefaultDaemonConnection: socket connection from /127.0.0.1:50915 to /127.0.0.1:50916" [_thread_blocked, id=4924, stack(0x0000003da0500000,0x0000003da0600000)]
  0x000001edf0181800 JavaThread "Stdin handler" [_thread_blocked, id=2284, stack(0x0000003da0600000,0x0000003da0700000)]
  0x000001edf0065800 JavaThread "Daemon client event forwarder" [_thread_blocked, id=11432, stack(0x0000003da0700000,0x0000003da0800000)]
  0x000001edf0064000 JavaThread "Cache worker for journal cache (C:\Users\Shrooq\.gradle\caches\journal-1)" [_thread_blocked, id=6992, stack(0x0000003da0800000,0x0000003da0900000)]
  0x000001edf0063800 JavaThread "File lock request listener" [_thread_in_native, id=6816, stack(0x0000003da0900000,0x0000003da0a00000)]
  0x000001edf0065000 JavaThread "Cache worker for file hash cache (C:\Users\Shrooq\.gradle\caches\7.2\fileHashes)" [_thread_blocked, id=11760, stack(0x0000003da0a00000,0x0000003da0b00000)]
  0x000001edf0ba9800 JavaThread "Cache worker for file hash cache (C:\Users\Shrooq\AndroidStudioProjects\MyApplication\.gradle\7.2\fileHashes)" [_thread_blocked, id=10008, stack(0x0000003da0e00000,0x0000003da0f00000)]
  0x000001edf0ba9000 JavaThread "File watcher server" daemon [_thread_in_native, id=9384, stack(0x0000003da0f00000,0x0000003da1000000)]
  0x000001edf0baa800 JavaThread "File watcher consumer" daemon [_thread_blocked, id=6312, stack(0x0000003da1000000,0x0000003da1100000)]
  0x000001edf0bab800 JavaThread "Cache worker for checksums cache (C:\Users\Shrooq\AndroidStudioProjects\MyApplication\.gradle\checksums)" [_thread_blocked, id=6932, stack(0x0000003da1100000,0x0000003da1200000)]
  0x000001edf0bac000 JavaThread "Cache worker for cache directory md-supplier (C:\Users\Shrooq\.gradle\caches\7.2\md-supplier)" [_thread_blocked, id=3692, stack(0x0000003da1200000,0x0000003da1300000)]
  0x000001edf0ba7000 JavaThread "Cache worker for cache directory md-rule (C:\Users\Shrooq\.gradle\caches\7.2\md-rule)" [_thread_blocked, id=5000, stack(0x0000003da1300000,0x0000003da1400000)]
  0x000001edf0bad000 JavaThread "Cache worker for execution history cache (C:\Users\Shrooq\.gradle\caches\7.2\executionHistory)" [_thread_blocked, id=7824, stack(0x0000003da1400000,0x0000003da1500000)]
  0x000001edf0ba8000 JavaThread "jar transforms" [_thread_blocked, id=8428, stack(0x0000003da1500000,0x0000003da1600000)]
  0x000001edf0bb2800 JavaThread "Cache worker for file content cache (C:\Users\Shrooq\.gradle\caches\7.2\fileContent)" [_thread_blocked, id=6612, stack(0x0000003da1600000,0x0000003da1700000)]
  0x000001edf0baf800 JavaThread "jar transforms Thread 2" [_thread_blocked, id=2108, stack(0x0000003da1700000,0x0000003da1800000)]
  0x000001edf0bb0000 JavaThread "Cache worker for dependencies-accessors (C:\Users\Shrooq\AndroidStudioProjects\MyApplication\.gradle\7.2\dependencies-accessors)" [_thread_blocked, id=1976, stack(0x0000003da1800000,0x0000003da1900000)]
  0x000001edf0bae800 JavaThread "jar transforms Thread 3" [_thread_blocked, id=3308, stack(0x0000003da1900000,0x0000003da1a00000)]
  0x000001edf0bb5000 JavaThread "Cache worker for Build Output Cleanup Cache (C:\Users\Shrooq\AndroidStudioProjects\MyApplication\.gradle\buildOutputCleanup)" [_thread_blocked, id=9200, stack(0x0000003da1a00000,0x0000003da1b00000)]
  0x000001edf0bb6000 JavaThread "Unconstrained build operations" [_thread_blocked, id=4516, stack(0x0000003da1b00000,0x0000003da1c00000)]
  0x000001edf0bb3800 JavaThread "Unconstrained build operations Thread 2" [_thread_blocked, id=3348, stack(0x0000003da1c00000,0x0000003da1d00000)]
  0x000001edf0bb1000 JavaThread "Unconstrained build operations Thread 3" [_thread_blocked, id=10464, stack(0x0000003da1d00000,0x0000003da1e00000)]
  0x000001edf0bb2000 JavaThread "Unconstrained build operations Thread 4" [_thread_blocked, id=5832, stack(0x0000003da1e00000,0x0000003da1f00000)]
  0x000001edf24a5000 JavaThread "Unconstrained build operations Thread 5" [_thread_blocked, id=9800, stack(0x0000003da1f00000,0x0000003da2000000)]
  0x000001edf24a5800 JavaThread "Unconstrained build operations Thread 6" [_thread_blocked, id=10552, stack(0x0000003da2000000,0x0000003da2100000)]
  0x000001edf24a4000 JavaThread "Unconstrained build operations Thread 7" [_thread_blocked, id=3544, stack(0x0000003da2100000,0x0000003da2200000)]
  0x000001edf24a0800 JavaThread "Unconstrained build operations Thread 8" [_thread_blocked, id=468, stack(0x0000003da2200000,0x0000003da2300000)]
  0x000001edf24a3000 JavaThread "Unconstrained build operations Thread 9" [_thread_blocked, id=8456, stack(0x0000003da2300000,0x0000003da2400000)]
  0x000001edf24a6800 JavaThread "Unconstrained build operations Thread 10" [_thread_blocked, id=3508, stack(0x0000003da2400000,0x0000003da2500000)]
  0x000001edf24a7000 JavaThread "Unconstrained build operations Thread 11" [_thread_blocked, id=2844, stack(0x0000003da2500000,0x0000003da2600000)]
  0x000001edf24a1800 JavaThread "Unconstrained build operations Thread 12" [_thread_blocked, id=5924, stack(0x0000003da2600000,0x0000003da2700000)]
  0x000001edf24a8000 JavaThread "Unconstrained build operations Thread 13" [_thread_blocked, id=5824, stack(0x0000003da2700000,0x0000003da2800000)]
  0x000001edf24a2800 JavaThread "Unconstrained build operations Thread 14" [_thread_blocked, id=5572, stack(0x0000003da2800000,0x0000003da2900000)]
  0x000001edf24a9800 JavaThread "Unconstrained build operations Thread 15" [_thread_blocked, id=8632, stack(0x0000003da2900000,0x0000003da2a00000)]
  0x000001edf24ac000 JavaThread "Unconstrained build operations Thread 16" [_thread_blocked, id=7576, stack(0x0000003da2a00000,0x0000003da2b00000)]
  0x000001edf24ab800 JavaThread "Unconstrained build operations Thread 17" [_thread_blocked, id=5128, stack(0x0000003da2b00000,0x0000003da2c00000)]
  0x000001edf24ad000 JavaThread "Unconstrained build operations Thread 18" [_thread_blocked, id=2264, stack(0x0000003da2c00000,0x0000003da2d00000)]
  0x000001edf24ad800 JavaThread "Unconstrained build operations Thread 19" [_thread_blocked, id=10072, stack(0x0000003da2d00000,0x0000003da2e00000)]
  0x000001edf24ae800 JavaThread "Unconstrained build operations Thread 20" [_thread_blocked, id=5440, stack(0x0000003da2e00000,0x0000003da2f00000)]
  0x000001edf24a9000 JavaThread "Unconstrained build operations Thread 21" [_thread_blocked, id=11456, stack(0x0000003da2f00000,0x0000003da3000000)]
  0x000001edf24af800 JavaThread "Unconstrained build operations Thread 22" [_thread_blocked, id=4756, stack(0x0000003da3000000,0x0000003da3100000)]
  0x000001edf24aa800 JavaThread "Unconstrained build operations Thread 23" [_thread_blocked, id=5604, stack(0x0000003da3100000,0x0000003da3200000)]
  0x000001edf33a6000 JavaThread "Unconstrained build operations Thread 24" [_thread_blocked, id=5708, stack(0x0000003da3200000,0x0000003da3300000)]
  0x000001edf33aa000 JavaThread "Unconstrained build operations Thread 25" [_thread_blocked, id=1576, stack(0x0000003da3300000,0x0000003da3400000)]
  0x000001edf33a5000 JavaThread "Unconstrained build operations Thread 26" [_thread_blocked, id=9836, stack(0x0000003da3400000,0x0000003da3500000)]
  0x000001edf33a9000 JavaThread "Unconstrained build operations Thread 27" [_thread_blocked, id=3380, stack(0x0000003da3500000,0x0000003da3600000)]
  0x000001edf33aa800 JavaThread "Unconstrained build operations Thread 28" [_thread_blocked, id=4848, stack(0x0000003da3600000,0x0000003da3700000)]
  0x000001edf33a6800 JavaThread "Unconstrained build operations Thread 29" [_thread_blocked, id=2468, stack(0x0000003da3700000,0x0000003da3800000)]
  0x000001edf33ab800 JavaThread "Unconstrained build operations Thread 30" [_thread_blocked, id=6272, stack(0x0000003da3800000,0x0000003da3900000)]
  0x000001edf33ad000 JavaThread "Unconstrained build operations Thread 31" [_thread_blocked, id=6204, stack(0x0000003da3900000,0x0000003da3a00000)]
  0x000001edf33a7800 JavaThread "Unconstrained build operations Thread 32" [_thread_blocked, id=1464, stack(0x0000003da3a00000,0x0000003da3b00000)]
  0x000001edf33ac800 JavaThread "Unconstrained build operations Thread 33" [_thread_blocked, id=3228, stack(0x0000003da3b00000,0x0000003da3c00000)]
  0x000001edf33ae000 JavaThread "Unconstrained build operations Thread 34" [_thread_blocked, id=10704, stack(0x0000003da3c00000,0x0000003da3d00000)]
  0x000001edf33a8800 JavaThread "Unconstrained build operations Thread 35" [_thread_blocked, id=7900, stack(0x0000003da3d00000,0x0000003da3e00000)]
  0x000001edf33af000 JavaThread "Unconstrained build operations Thread 36" [_thread_blocked, id=6508, stack(0x0000003da3e00000,0x0000003da3f00000)]
  0x000001edf33af800 JavaThread "Unconstrained build operations Thread 37" [_thread_blocked, id=1920, stack(0x0000003da3f00000,0x0000003da4000000)]
  0x000001edf33b1000 JavaThread "Unconstrained build operations Thread 38" [_thread_blocked, id=6956, stack(0x0000003da4000000,0x0000003da4100000)]
  0x000001edf33b0800 JavaThread "Unconstrained build operations Thread 39" [_thread_blocked, id=11044, stack(0x0000003da4100000,0x0000003da4200000)]
  0x000001edf33b2000 JavaThread "Unconstrained build operations Thread 40" [_thread_blocked, id=8836, stack(0x0000003da4200000,0x0000003da4300000)]
  0x000001edf33b3000 JavaThread "Unconstrained build operations Thread 41" [_thread_blocked, id=8188, stack(0x0000003da4300000,0x0000003da4400000)]
  0x000001edf33b3800 JavaThread "Unconstrained build operations Thread 42" [_thread_blocked, id=6260, stack(0x0000003da4400000,0x0000003da4500000)]
  0x000001edf0cb8800 JavaThread "Unconstrained build operations Thread 43" [_thread_blocked, id=8936, stack(0x0000003da4500000,0x0000003da4600000)]
  0x000001edf0cb7000 JavaThread "Unconstrained build operations Thread 44" [_thread_blocked, id=7712, stack(0x0000003da4600000,0x0000003da4700000)]
  0x000001edf0cbb000 JavaThread "Unconstrained build operations Thread 45" [_thread_blocked, id=6976, stack(0x0000003da4700000,0x0000003da4800000)]
  0x000001edf0cb8000 JavaThread "Unconstrained build operations Thread 46" [_thread_blocked, id=4140, stack(0x0000003da4800000,0x0000003da4900000)]
  0x000001edf0cbc000 JavaThread "Unconstrained build operations Thread 47" [_thread_blocked, id=5244, stack(0x0000003da4900000,0x0000003da4a00000)]
  0x000001edf0cb6800 JavaThread "Unconstrained build operations Thread 48" [_thread_blocked, id=7792, stack(0x0000003da4a00000,0x0000003da4b00000)]
  0x000001edf0cb9800 JavaThread "Unconstrained build operations Thread 49" [_thread_blocked, id=9212, stack(0x0000003da4b00000,0x0000003da4c00000)]
  0x000001edf0cbf800 JavaThread "Unconstrained build operations Thread 50" [_thread_blocked, id=5288, stack(0x0000003da4c00000,0x0000003da4d00000)]
  0x000001edf0cbd000 JavaThread "Unconstrained build operations Thread 51" [_thread_blocked, id=10564, stack(0x0000003da4d00000,0x0000003da4e00000)]
  0x000001edf0cbd800 JavaThread "Unconstrained build operations Thread 52" [_thread_blocked, id=5928, stack(0x0000003da4e00000,0x0000003da4f00000)]
  0x000001edf0cc0000 JavaThread "Unconstrained build operations Thread 53" [_thread_blocked, id=10264, stack(0x0000003da4f00000,0x0000003da5000000)]
  0x000001edf0cba800 JavaThread "Unconstrained build operations Thread 54" [_thread_blocked, id=9416, stack(0x0000003da5000000,0x0000003da5100000)]
  0x000001edf0cbe800 JavaThread "Unconstrained build operations Thread 55" [_thread_blocked, id=6952, stack(0x0000003da5100000,0x0000003da5200000)]
  0x000001edf0cc1800 JavaThread "Unconstrained build operations Thread 56" [_thread_blocked, id=3912, stack(0x0000003da5200000,0x0000003da5300000)]
  0x000001edf0cc3800 JavaThread "Unconstrained build operations Thread 57" [_thread_blocked, id=9744, stack(0x0000003da5300000,0x0000003da5400000)]
  0x000001edf0cc1000 JavaThread "Unconstrained build operations Thread 58" [_thread_blocked, id=1856, stack(0x0000003da5400000,0x0000003da5500000)]
  0x000001edf0cc2800 JavaThread "Unconstrained build operations Thread 59" [_thread_blocked, id=10864, stack(0x0000003da5500000,0x0000003da5600000)]
  0x000001edf0cc4000 JavaThread "Unconstrained build operations Thread 60" [_thread_blocked, id=412, stack(0x0000003da5600000,0x0000003da5700000)]
  0x000001edf0cc5000 JavaThread "Unconstrained build operations Thread 61" [_thread_blocked, id=11772, stack(0x0000003da5700000,0x0000003da5800000)]
  0x000001edf5a02800 JavaThread "Unconstrained build operations Thread 62" [_thread_blocked, id=8372, stack(0x0000003da5800000,0x0000003da5900000)]
  0x000001edf5a00800 JavaThread "Unconstrained build operations Thread 63" [_thread_blocked, id=7436, stack(0x0000003da5900000,0x0000003da5a00000)]
  0x000001edf5a03000 JavaThread "Unconstrained build operations Thread 64" [_thread_blocked, id=1532, stack(0x0000003da5a00000,0x0000003da5b00000)]
  0x000001edf5a01800 JavaThread "Unconstrained build operations Thread 65" [_thread_blocked, id=11732, stack(0x0000003da5b00000,0x0000003da5c00000)]
  0x000001edf59ff000 JavaThread "Unconstrained build operations Thread 66" [_thread_blocked, id=7484, stack(0x0000003da5c00000,0x0000003da5d00000)]
  0x000001edf5a04000 JavaThread "Unconstrained build operations Thread 67" [_thread_blocked, id=2904, stack(0x0000003da5d00000,0x0000003da5e00000)]
  0x000001edf5a05000 JavaThread "Unconstrained build operations Thread 68" [_thread_blocked, id=11512, stack(0x0000003da5e00000,0x0000003da5f00000)]
  0x000001edf5a05800 JavaThread "Unconstrained build operations Thread 69" [_thread_blocked, id=11188, stack(0x0000003da5f00000,0x0000003da6000000)]
  0x000001edf5a00000 JavaThread "Unconstrained build operations Thread 70" [_thread_blocked, id=1964, stack(0x0000003da6000000,0x0000003da6100000)]
  0x000001edf5a07800 JavaThread "Unconstrained build operations Thread 71" [_thread_blocked, id=6320, stack(0x0000003da6100000,0x0000003da6200000)]
  0x000001edf5a0c000 JavaThread "Unconstrained build operations Thread 72" [_thread_blocked, id=6912, stack(0x0000003da6200000,0x0000003da6300000)]
  0x000001edf5a08000 JavaThread "Unconstrained build operations Thread 73" [_thread_blocked, id=10352, stack(0x0000003da6300000,0x0000003da6400000)]
  0x000001edf5a09000 JavaThread "Unconstrained build operations Thread 74" [_thread_blocked, id=11596, stack(0x0000003da6400000,0x0000003da6500000)]
  0x000001edf5a06800 JavaThread "Unconstrained build operations Thread 75" [_thread_blocked, id=4836, stack(0x0000003da6500000,0x0000003da6600000)]
  0x000001edf5a0d000 JavaThread "Unconstrained build operations Thread 76" [_thread_blocked, id=9620, stack(0x0000003da6600000,0x0000003da6700000)]
  0x000001edf5a09800 JavaThread "Unconstrained build operations Thread 77" [_thread_blocked, id=7080, stack(0x0000003da6700000,0x0000003da6800000)]
  0x000001edf5a0e000 JavaThread "Unconstrained build operations Thread 78" [_thread_blocked, id=11924, stack(0x0000003da6800000,0x0000003da6900000)]
  0x000001edf5a0a800 JavaThread "Unconstrained build operations Thread 79" [_thread_blocked, id=2820, stack(0x0000003da6900000,0x0000003da6a00000)]
  0x000001edf5a0b800 JavaThread "Unconstrained build operations Thread 80" [_thread_blocked, id=6580, stack(0x0000003da6a00000,0x0000003da6b00000)]
  0x000001edf37cf000 JavaThread "jar transforms Thread 4" [_thread_blocked, id=5496, stack(0x0000003da6b00000,0x0000003da6c00000)]
  0x000001edf37d3000 JavaThread "jar transforms Thread 5" [_thread_blocked, id=7376, stack(0x0000003da6c00000,0x0000003da6d00000)]
  0x000001edf37d4000 JavaThread "jar transforms Thread 6" [_thread_blocked, id=2348, stack(0x0000003da6d00000,0x0000003da6e00000)]
  0x000001edf37d5000 JavaThread "jar transforms Thread 7" [_thread_blocked, id=8488, stack(0x0000003da6e00000,0x0000003da6f00000)]
  0x000001edf37d5800 JavaThread "jar transforms Thread 8" [_thread_blocked, id=10408, stack(0x0000003da6f00000,0x0000003da7000000)]
  0x000001edf37d0000 JavaThread "Memory manager" [_thread_blocked, id=6516, stack(0x0000003da7000000,0x0000003da7100000)]
  0x000001edf37d6800 JavaThread "build event listener" [_thread_blocked, id=2924, stack(0x0000003da7100000,0x0000003da7200000)]
  0x000001edf37d2800 JavaThread "Execution worker for ':'" [_thread_blocked, id=9428, stack(0x0000003da7200000,0x0000003da7300000)]
  0x000001edf37d0800 JavaThread "Execution worker for ':' Thread 2" [_thread_blocked, id=1760, stack(0x0000003da7300000,0x0000003da7400000)]
  0x000001edf37d7000 JavaThread "Execution worker for ':' Thread 3" [_thread_blocked, id=10588, stack(0x0000003da7400000,0x0000003da7500000)]
  0x000001edf37da800 JavaThread "Execution worker for ':' Thread 4" [_thread_blocked, id=2476, stack(0x0000003da7500000,0x0000003da7600000)]
  0x000001edf37dd000 JavaThread "Execution worker for ':' Thread 5" [_thread_blocked, id=10596, stack(0x0000003da7600000,0x0000003da7700000)]
  0x000001edf37dc000 JavaThread "Execution worker for ':' Thread 6" [_thread_blocked, id=12204, stack(0x0000003da7700000,0x0000003da7800000)]
  0x000001edf37db800 JavaThread "Execution worker for ':' Thread 7" [_thread_blocked, id=6444, stack(0x0000003da7800000,0x0000003da7900000)]
  0x000001edf37d9000 JavaThread "Cache worker for execution history cache (C:\Users\Shrooq\AndroidStudioProjects\MyApplication\.gradle\7.2\executionHistory)" [_thread_blocked, id=9076, stack(0x0000003da7900000,0x0000003da7a00000)]
  0x000001edf37d9800 JavaThread "WorkerExecutor Queue" [_thread_in_native, id=6680, stack(0x0000003da7a00000,0x0000003da7b00000)]
  0x000001edf37dd800 JavaThread "WorkerExecutor Queue Thread 2" [_thread_blocked, id=10076, stack(0x0000003da7b00000,0x0000003da7c00000)]
  0x000001edf37d8000 JavaThread "WorkerExecutor Queue Thread 3" [_thread_blocked, id=9596, stack(0x0000003da7c00000,0x0000003da7d00000)]

Other Threads:
  0x000001eded6dd800 VMThread "VM Thread" [stack: 0x0000003d9ec00000,0x0000003d9ed00000] [id=7532]
  0x000001edee139800 WatcherThread [stack: 0x0000003d9f600000,0x0000003d9f700000] [id=1096]
  0x000001edd2a73000 GCTaskThread "GC Thread#0" [stack: 0x0000003d9e700000,0x0000003d9e800000] [id=7588]
  0x000001edef06c800 GCTaskThread "GC Thread#1" [stack: 0x0000003d9f900000,0x0000003d9fa00000] [id=11408]
  0x000001edeef9a800 GCTaskThread "GC Thread#2" [stack: 0x0000003d9fa00000,0x0000003d9fb00000] [id=11680]
  0x000001edeef3e800 GCTaskThread "GC Thread#3" [stack: 0x0000003d9fb00000,0x0000003d9fc00000] [id=6920]
  0x000001edeef3f800 GCTaskThread "GC Thread#4" [stack: 0x0000003d9fc00000,0x0000003d9fd00000] [id=6772]
  0x000001edef3b6800 GCTaskThread "GC Thread#5" [stack: 0x0000003d9fd00000,0x0000003d9fe00000] [id=12280]
  0x000001edef3b9000 GCTaskThread "GC Thread#6" [stack: 0x0000003da0b00000,0x0000003da0c00000] [id=9604]
  0x000001edef3ba800 GCTaskThread "GC Thread#7" [stack: 0x0000003da0c00000,0x0000003da0d00000] [id=9792]
  0x000001edd2aa7000 ConcurrentGCThread "G1 Main Marker" [stack: 0x0000003d9e800000,0x0000003d9e900000] [id=11400]
  0x000001edd2aa8800 ConcurrentGCThread "G1 Conc#0" [stack: 0x0000003d9e900000,0x0000003d9ea00000] [id=7008]
  0x000001edef3b4800 ConcurrentGCThread "G1 Conc#1" [stack: 0x0000003da0d00000,0x0000003da0e00000] [id=5048]
  0x000001eded55a800 ConcurrentGCThread "G1 Refine#0" [stack: 0x0000003d9ea00000,0x0000003d9eb00000] [id=5504]
  0x000001eded55b000 ConcurrentGCThread "G1 Young RemSet Sampling" [stack: 0x0000003d9eb00000,0x0000003d9ec00000] [id=4456]

Threads with active compile tasks:
C2 CompilerThread1   8396 10970       4       org.gradle.internal.snapshot.impl.DefaultValueSnapshotter::processValue (675 bytes)

VM state:not at safepoint (normal execution)

VM Mutex/Monitor currently owned by a thread: None

Heap address: 0x0000000080000000, size: 2048 MB, Compressed Oops mode: 32-bit
Narrow klass base: 0x0000000000000000, Narrow klass shift: 3
Compressed class space size: 1073741824 Address: 0x0000000100000000

Heap:
 garbage-first heap   total 260096K, used 82180K [0x0000000080000000, 0x0000000100000000)
  region size 1024K, 14 young (14336K), 9 survivors (9216K)
 Metaspace       used 92691K, capacity 95021K, committed 95052K, reserved 1138688K
  class space    used 11996K, capacity 12900K, committed 12928K, reserved 1048576K
Heap Regions: E=young(eden), S=young(survivor), O=old, HS=humongous(starts), HC=humongous(continues), CS=collection set, F=free, A=archive, TAMS=top-at-mark-start (previous, next)
|   0|0x0000000080000000, 0x0000000080100000, 0x0000000080100000|100%| O|  |TAMS 0x0000000080100000, 0x0000000080100000| Untracked 
|   1|0x0000000080100000, 0x0000000080200000, 0x0000000080200000|100%| O|  |TAMS 0x0000000080200000, 0x0000000080200000| Untracked 
|   2|0x0000000080200000, 0x0000000080300000, 0x0000000080300000|100%| O|  |TAMS 0x0000000080300000, 0x0000000080300000| Untracked 
|   3|0x0000000080300000, 0x0000000080400000, 0x0000000080400000|100%|HS|  |TAMS 0x0000000080400000, 0x0000000080400000| Complete 
|   4|0x0000000080400000, 0x0000000080500000, 0x0000000080500000|100%|HC|  |TAMS 0x0000000080500000, 0x0000000080500000| Complete 
|   5|0x0000000080500000, 0x0000000080600000, 0x0000000080600000|100%|HC|  |TAMS 0x0000000080600000, 0x0000000080600000| Complete 
|   6|0x0000000080600000, 0x0000000080700000, 0x0000000080700000|100%| O|  |TAMS 0x0000000080700000, 0x0000000080700000| Untracked 
|   7|0x0000000080700000, 0x0000000080800000, 0x0000000080800000|100%| O|  |TAMS 0x0000000080800000, 0x0000000080800000| Untracked 
|   8|0x0000000080800000, 0x0000000080900000, 0x0000000080900000|100%| O|  |TAMS 0x0000000080900000, 0x0000000080900000| Untracked 
|   9|0x0000000080900000, 0x0000000080a00000, 0x0000000080a00000|100%| O|  |TAMS 0x0000000080a00000, 0x0000000080a00000| Untracked 
|  10|0x0000000080a00000, 0x0000000080b00000, 0x0000000080b00000|100%| O|  |TAMS 0x0000000080b00000, 0x0000000080b00000| Untracked 
|  11|0x0000000080b00000, 0x0000000080c00000, 0x0000000080c00000|100%| O|  |TAMS 0x0000000080c00000, 0x0000000080c00000| Untracked 
|  12|0x0000000080c00000, 0x0000000080d00000, 0x0000000080d00000|100%| O|  |TAMS 0x0000000080d00000, 0x0000000080d00000| Untracked 
|  13|0x0000000080d00000, 0x0000000080e00000, 0x0000000080e00000|100%| O|  |TAMS 0x0000000080e00000, 0x0000000080e00000| Untracked 
|  14|0x0000000080e00000, 0x0000000080f00000, 0x0000000080f00000|100%| O|  |TAMS 0x0000000080f00000, 0x0000000080f00000| Untracked 
|  15|0x0000000080f00000, 0x0000000081000000, 0x0000000081000000|100%| O|  |TAMS 0x0000000081000000, 0x0000000081000000| Untracked 
|  16|0x0000000081000000, 0x0000000081100000, 0x0000000081100000|100%|HS|  |TAMS 0x0000000081100000, 0x0000000081100000| Complete 
|  17|0x0000000081100000, 0x0000000081200000, 0x0000000081200000|100%|HS|  |TAMS 0x0000000081200000, 0x0000000081200000| Complete 
|  18|0x0000000081200000, 0x0000000081300000, 0x0000000081300000|100%|HS|  |TAMS 0x0000000081300000, 0x0000000081300000| Complete 
|  19|0x0000000081300000, 0x0000000081400000, 0x0000000081400000|100%|HS|  |TAMS 0x0000000081400000, 0x0000000081400000| Complete 
|  20|0x0000000081400000, 0x0000000081500000, 0x0000000081500000|100%|HC|  |TAMS 0x0000000081500000, 0x0000000081500000| Complete 
|  21|0x0000000081500000, 0x0000000081600000, 0x0000000081600000|100%| O|  |TAMS 0x0000000081600000, 0x0000000081600000| Untracked 
|  22|0x0000000081600000, 0x0000000081700000, 0x0000000081700000|100%| O|  |TAMS 0x0000000081700000, 0x0000000081700000| Untracked 
|  23|0x0000000081700000, 0x0000000081800000, 0x0000000081800000|100%| O|  |TAMS 0x0000000081800000, 0x0000000081800000| Untracked 
|  24|0x0000000081800000, 0x0000000081900000, 0x0000000081900000|100%| O|  |TAMS 0x0000000081900000, 0x0000000081900000| Untracked 
|  25|0x0000000081900000, 0x0000000081a00000, 0x0000000081a00000|100%| O|  |TAMS 0x0000000081a00000, 0x0000000081a00000| Untracked 
|  26|0x0000000081a00000, 0x0000000081b00000, 0x0000000081b00000|100%| O|  |TAMS 0x0000000081b00000, 0x0000000081b00000| Untracked 
|  27|0x0000000081b00000, 0x0000000081c00000, 0x0000000081c00000|100%| O|  |TAMS 0x0000000081c00000, 0x0000000081c00000| Untracked 
|  28|0x0000000081c00000, 0x0000000081d00000, 0x0000000081d00000|100%| O|  |TAMS 0x0000000081d00000, 0x0000000081d00000| Untracked 
|  29|0x0000000081d00000, 0x0000000081e00000, 0x0000000081e00000|100%| O|  |TAMS 0x0000000081e00000, 0x0000000081e00000| Untracked 
|  30|0x0000000081e00000, 0x0000000081f00000, 0x0000000081f00000|100%| O|  |TAMS 0x0000000081f00000, 0x0000000081f00000| Untracked 
|  31|0x0000000081f00000, 0x0000000082000000, 0x0000000082000000|100%| O|  |TAMS 0x0000000082000000, 0x0000000082000000| Untracked 
|  32|0x0000000082000000, 0x0000000082100000, 0x0000000082100000|100%| O|  |TAMS 0x0000000082100000, 0x0000000082100000| Untracked 
|  33|0x0000000082100000, 0x0000000082200000, 0x0000000082200000|100%| O|  |TAMS 0x0000000082200000, 0x0000000082200000| Untracked 
|  34|0x0000000082200000, 0x0000000082300000, 0x0000000082300000|100%| O|  |TAMS 0x0000000082300000, 0x0000000082300000| Untracked 
|  35|0x0000000082300000, 0x0000000082400000, 0x0000000082400000|100%| O|  |TAMS 0x0000000082400000, 0x0000000082400000| Untracked 
|  36|0x0000000082400000, 0x0000000082500000, 0x0000000082500000|100%| O|  |TAMS 0x0000000082500000, 0x0000000082500000| Untracked 
|  37|0x0000000082500000, 0x0000000082600000, 0x0000000082600000|100%| O|  |TAMS 0x0000000082600000, 0x0000000082600000| Untracked 
|  38|0x0000000082600000, 0x0000000082700000, 0x0000000082700000|100%| O|  |TAMS 0x0000000082700000, 0x0000000082700000| Untracked 
|  39|0x0000000082700000, 0x0000000082800000, 0x0000000082800000|100%| O|  |TAMS 0x0000000082800000, 0x0000000082800000| Untracked 
|  40|0x0000000082800000, 0x0000000082900000, 0x0000000082900000|100%| O|  |TAMS 0x0000000082900000, 0x0000000082900000| Untracked 
|  41|0x0000000082900000, 0x0000000082a00000, 0x0000000082a00000|100%| O|  |TAMS 0x0000000082a00000, 0x0000000082a00000| Untracked 
|  42|0x0000000082a00000, 0x0000000082b00000, 0x0000000082b00000|100%| O|  |TAMS 0x0000000082b00000, 0x0000000082b00000| Untracked 
|  43|0x0000000082b00000, 0x0000000082c00000, 0x0000000082c00000|100%| O|  |TAMS 0x0000000082bc4400, 0x0000000082c00000| Untracked 
|  44|0x0000000082c00000, 0x0000000082d00000, 0x0000000082d00000|100%| O|  |TAMS 0x0000000082c00000, 0x0000000082d00000| Untracked 
|  45|0x0000000082d00000, 0x0000000082e00000, 0x0000000082e00000|100%| O|  |TAMS 0x0000000082d00000, 0x0000000082e00000| Untracked 
|  46|0x0000000082e00000, 0x0000000082f00000, 0x0000000082f00000|100%| O|  |TAMS 0x0000000082e00000, 0x0000000082f00000| Untracked 
|  47|0x0000000082f00000, 0x0000000083000000, 0x0000000083000000|100%| O|  |TAMS 0x0000000082f00000, 0x0000000083000000| Untracked 
|  48|0x0000000083000000, 0x0000000083100000, 0x0000000083100000|100%| O|  |TAMS 0x0000000083000000, 0x0000000083100000| Untracked 
|  49|0x0000000083100000, 0x0000000083200000, 0x0000000083200000|100%| O|  |TAMS 0x0000000083100000, 0x0000000083200000| Untracked 
|  50|0x0000000083200000, 0x0000000083300000, 0x0000000083300000|100%| O|  |TAMS 0x0000000083200000, 0x0000000083300000| Untracked 
|  51|0x0000000083300000, 0x0000000083400000, 0x0000000083400000|100%| O|  |TAMS 0x0000000083300000, 0x0000000083400000| Untracked 
|  52|0x0000000083400000, 0x0000000083500000, 0x0000000083500000|100%| O|  |TAMS 0x0000000083400000, 0x0000000083500000| Untracked 
|  53|0x0000000083500000, 0x0000000083600000, 0x0000000083600000|100%| O|  |TAMS 0x0000000083500000, 0x0000000083600000| Untracked 
|  54|0x0000000083600000, 0x0000000083700000, 0x0000000083700000|100%| O|  |TAMS 0x0000000083600000, 0x0000000083700000| Untracked 
|  55|0x0000000083700000, 0x0000000083800000, 0x0000000083800000|100%| O|  |TAMS 0x0000000083700000, 0x0000000083800000| Untracked 
|  56|0x0000000083800000, 0x0000000083900000, 0x0000000083900000|100%| O|  |TAMS 0x0000000083800000, 0x0000000083900000| Untracked 
|  57|0x0000000083900000, 0x0000000083a00000, 0x0000000083a00000|100%| O|  |TAMS 0x0000000083900000, 0x0000000083a00000| Untracked 
|  58|0x0000000083a00000, 0x0000000083b00000, 0x0000000083b00000|100%| O|  |TAMS 0x0000000083a00000, 0x0000000083b00000| Untracked 
|  59|0x0000000083b00000, 0x0000000083c00000, 0x0000000083c00000|100%| O|  |TAMS 0x0000000083b00000, 0x0000000083c00000| Untracked 
|  60|0x0000000083c00000, 0x0000000083d00000, 0x0000000083d00000|100%| O|  |TAMS 0x0000000083c00000, 0x0000000083d00000| Untracked 
|  61|0x0000000083d00000, 0x0000000083e00000, 0x0000000083e00000|100%| O|  |TAMS 0x0000000083d00000, 0x0000000083e00000| Untracked 
|  62|0x0000000083e00000, 0x0000000083f00000, 0x0000000083f00000|100%| O|  |TAMS 0x0000000083e00000, 0x0000000083f00000| Untracked 
|  63|0x0000000083f00000, 0x0000000084000000, 0x0000000084000000|100%| O|  |TAMS 0x0000000083f00000, 0x0000000084000000| Untracked 
|  64|0x0000000084000000, 0x0000000084100000, 0x0000000084100000|100%| O|  |TAMS 0x0000000084000000, 0x0000000084100000| Untracked 
|  65|0x0000000084100000, 0x0000000084200000, 0x0000000084200000|100%| O|  |TAMS 0x0000000084100000, 0x0000000084200000| Untracked 
|  66|0x0000000084200000, 0x0000000084300000, 0x0000000084300000|100%| O|  |TAMS 0x0000000084200000, 0x0000000084300000| Untracked 
|  67|0x0000000084300000, 0x00000000843f7600, 0x0000000084400000| 96%| O|  |TAMS 0x0000000084300000, 0x00000000843f7600| Untracked 
|  68|0x0000000084400000, 0x0000000084400000, 0x0000000084500000|  0%| F|  |TAMS 0x0000000084400000, 0x0000000084400000| Untracked 
|  69|0x0000000084500000, 0x0000000084500000, 0x0000000084600000|  0%| F|  |TAMS 0x0000000084500000, 0x0000000084500000| Untracked 
|  70|0x0000000084600000, 0x0000000084600000, 0x0000000084700000|  0%| F|  |TAMS 0x0000000084600000, 0x0000000084600000| Untracked 
|  71|0x0000000084700000, 0x0000000084700000, 0x0000000084800000|  0%| F|  |TAMS 0x0000000084700000, 0x0000000084700000| Untracked 
|  72|0x0000000084800000, 0x0000000084800000, 0x0000000084900000|  0%| F|  |TAMS 0x0000000084800000, 0x0000000084800000| Untracked 
|  73|0x0000000084900000, 0x0000000084900000, 0x0000000084a00000|  0%| F|  |TAMS 0x0000000084900000, 0x0000000084900000| Untracked 
|  74|0x0000000084a00000, 0x0000000084a00000, 0x0000000084b00000|  0%| F|  |TAMS 0x0000000084a00000, 0x0000000084a00000| Untracked 
|  75|0x0000000084b00000, 0x0000000084b00000, 0x0000000084c00000|  0%| F|  |TAMS 0x0000000084b00000, 0x0000000084b00000| Untracked 
|  76|0x0000000084c00000, 0x0000000084c00000, 0x0000000084d00000|  0%| F|  |TAMS 0x0000000084c00000, 0x0000000084c00000| Untracked 
|  77|0x0000000084d00000, 0x0000000084d00000, 0x0000000084e00000|  0%| F|  |TAMS 0x0000000084d00000, 0x0000000084d00000| Untracked 
|  78|0x0000000084e00000, 0x0000000084e00000, 0x0000000084f00000|  0%| F|  |TAMS 0x0000000084e00000, 0x0000000084e00000| Untracked 
|  79|0x0000000084f00000, 0x0000000084f00000, 0x0000000085000000|  0%| F|  |TAMS 0x0000000084f00000, 0x0000000084f00000| Untracked 
|  80|0x0000000085000000, 0x0000000085000000, 0x0000000085100000|  0%| F|  |TAMS 0x0000000085000000, 0x0000000085000000| Untracked 
|  81|0x0000000085100000, 0x0000000085100000, 0x0000000085200000|  0%| F|  |TAMS 0x0000000085100000, 0x0000000085100000| Untracked 
|  82|0x0000000085200000, 0x0000000085200000, 0x0000000085300000|  0%| F|  |TAMS 0x0000000085200000, 0x0000000085200000| Untracked 
|  83|0x0000000085300000, 0x0000000085300000, 0x0000000085400000|  0%| F|  |TAMS 0x0000000085300000, 0x0000000085300000| Untracked 
|  84|0x0000000085400000, 0x0000000085400000, 0x0000000085500000|  0%| F|  |TAMS 0x0000000085400000, 0x0000000085400000| Untracked 
|  85|0x0000000085500000, 0x0000000085500000, 0x0000000085600000|  0%| F|  |TAMS 0x0000000085500000, 0x0000000085500000| Untracked 
|  86|0x0000000085600000, 0x0000000085600000, 0x0000000085700000|  0%| F|  |TAMS 0x0000000085600000, 0x0000000085600000| Untracked 
|  87|0x0000000085700000, 0x0000000085700000, 0x0000000085800000|  0%| F|  |TAMS 0x0000000085700000, 0x0000000085700000| Untracked 
|  88|0x0000000085800000, 0x0000000085800000, 0x0000000085900000|  0%| F|  |TAMS 0x0000000085800000, 0x0000000085800000| Untracked 
|  89|0x0000000085900000, 0x0000000085900000, 0x0000000085a00000|  0%| F|  |TAMS 0x0000000085900000, 0x0000000085900000| Untracked 
|  90|0x0000000085a00000, 0x0000000085a00000, 0x0000000085b00000|  0%| F|  |TAMS 0x0000000085a00000, 0x0000000085a00000| Untracked 
|  91|0x0000000085b00000, 0x0000000085b00000, 0x0000000085c00000|  0%| F|  |TAMS 0x0000000085b00000, 0x0000000085b00000| Untracked 
|  92|0x0000000085c00000, 0x0000000085c00000, 0x0000000085d00000|  0%| F|  |TAMS 0x0000000085c00000, 0x0000000085c00000| Untracked 
|  93|0x0000000085d00000, 0x0000000085d00000, 0x0000000085e00000|  0%| F|  |TAMS 0x0000000085d00000, 0x0000000085d00000| Untracked 
|  94|0x0000000085e00000, 0x0000000085e00000, 0x0000000085f00000|  0%| F|  |TAMS 0x0000000085e00000, 0x0000000085e00000| Untracked 
|  95|0x0000000085f00000, 0x0000000085f00000, 0x0000000086000000|  0%| F|  |TAMS 0x0000000085f00000, 0x0000000085f00000| Untracked 
|  96|0x0000000086000000, 0x0000000086000000, 0x0000000086100000|  0%| F|  |TAMS 0x0000000086000000, 0x0000000086000000| Untracked 
|  97|0x0000000086100000, 0x0000000086100000, 0x0000000086200000|  0%| F|  |TAMS 0x0000000086100000, 0x0000000086100000| Untracked 
|  98|0x0000000086200000, 0x0000000086200000, 0x0000000086300000|  0%| F|  |TAMS 0x0000000086200000, 0x0000000086200000| Untracked 
|  99|0x0000000086300000, 0x0000000086300000, 0x0000000086400000|  0%| F|  |TAMS 0x0000000086300000, 0x0000000086300000| Untracked 
| 100|0x0000000086400000, 0x0000000086400000, 0x0000000086500000|  0%| F|  |TAMS 0x0000000086400000, 0x0000000086400000| Untracked 
| 101|0x0000000086500000, 0x0000000086500000, 0x0000000086600000|  0%| F|  |TAMS 0x0000000086500000, 0x0000000086500000| Untracked 
| 102|0x0000000086600000, 0x0000000086600000, 0x0000000086700000|  0%| F|  |TAMS 0x0000000086600000, 0x0000000086600000| Untracked 
| 103|0x0000000086700000, 0x0000000086700000, 0x0000000086800000|  0%| F|  |TAMS 0x0000000086700000, 0x0000000086700000| Untracked 
| 104|0x0000000086800000, 0x0000000086800000, 0x0000000086900000|  0%| F|  |TAMS 0x0000000086800000, 0x0000000086800000| Untracked 
| 105|0x0000000086900000, 0x0000000086900000, 0x0000000086a00000|  0%| F|  |TAMS 0x0000000086900000, 0x0000000086900000| Untracked 
| 106|0x0000000086a00000, 0x0000000086a00000, 0x0000000086b00000|  0%| F|  |TAMS 0x0000000086a00000, 0x0000000086a00000| Untracked 
| 107|0x0000000086b00000, 0x0000000086b00000, 0x0000000086c00000|  0%| F|  |TAMS 0x0000000086b00000, 0x0000000086b00000| Untracked 
| 108|0x0000000086c00000, 0x0000000086c00000, 0x0000000086d00000|  0%| F|  |TAMS 0x0000000086c00000, 0x0000000086c00000| Untracked 
| 109|0x0000000086d00000, 0x0000000086d00000, 0x0000000086e00000|  0%| F|  |TAMS 0x0000000086d00000, 0x0000000086d00000| Untracked 
| 110|0x0000000086e00000, 0x0000000086e00000, 0x0000000086f00000|  0%| F|  |TAMS 0x0000000086e00000, 0x0000000086e00000| Untracked 
| 111|0x0000000086f00000, 0x0000000086f00000, 0x0000000087000000|  0%| F|  |TAMS 0x0000000086f00000, 0x0000000086f00000| Untracked 
| 112|0x0000000087000000, 0x0000000087000000, 0x0000000087100000|  0%| F|  |TAMS 0x0000000087000000, 0x0000000087000000| Untracked 
| 113|0x0000000087100000, 0x0000000087100000, 0x0000000087200000|  0%| F|  |TAMS 0x0000000087100000, 0x0000000087100000| Untracked 
| 114|0x0000000087200000, 0x0000000087200000, 0x0000000087300000|  0%| F|  |TAMS 0x0000000087200000, 0x0000000087200000| Untracked 
| 115|0x0000000087300000, 0x0000000087300000, 0x0000000087400000|  0%| F|  |TAMS 0x0000000087300000, 0x0000000087300000| Untracked 
| 116|0x0000000087400000, 0x0000000087400000, 0x0000000087500000|  0%| F|  |TAMS 0x0000000087400000, 0x0000000087400000| Untracked 
| 117|0x0000000087500000, 0x0000000087500000, 0x0000000087600000|  0%| F|  |TAMS 0x0000000087500000, 0x0000000087500000| Untracked 
| 118|0x0000000087600000, 0x0000000087600000, 0x0000000087700000|  0%| F|  |TAMS 0x0000000087600000, 0x0000000087600000| Untracked 
| 119|0x0000000087700000, 0x0000000087700000, 0x0000000087800000|  0%| F|  |TAMS 0x0000000087700000, 0x0000000087700000| Untracked 
| 120|0x0000000087800000, 0x0000000087800000, 0x0000000087900000|  0%| F|  |TAMS 0x0000000087800000, 0x0000000087800000| Untracked 
| 121|0x0000000087900000, 0x0000000087900000, 0x0000000087a00000|  0%| F|  |TAMS 0x0000000087900000, 0x0000000087900000| Untracked 
| 122|0x0000000087a00000, 0x0000000087a00000, 0x0000000087b00000|  0%| F|  |TAMS 0x0000000087a00000, 0x0000000087a00000| Untracked 
| 123|0x0000000087b00000, 0x0000000087b00000, 0x0000000087c00000|  0%| F|  |TAMS 0x0000000087b00000, 0x0000000087b00000| Untracked 
| 124|0x0000000087c00000, 0x0000000087c00000, 0x0000000087d00000|  0%| F|  |TAMS 0x0000000087c00000, 0x0000000087c00000| Untracked 
| 125|0x0000000087d00000, 0x0000000087d00000, 0x0000000087e00000|  0%| F|  |TAMS 0x0000000087d00000, 0x0000000087d00000| Untracked 
| 126|0x0000000087e00000, 0x0000000087e00000, 0x0000000087f00000|  0%| F|  |TAMS 0x0000000087e00000, 0x0000000087e00000| Untracked 
| 127|0x0000000087f00000, 0x0000000087f00000, 0x0000000088000000|  0%| F|  |TAMS 0x0000000087f00000, 0x0000000087f00000| Untracked 
| 128|0x0000000088000000, 0x0000000088000000, 0x0000000088100000|  0%| F|  |TAMS 0x0000000088000000, 0x0000000088000000| Untracked 
| 129|0x0000000088100000, 0x0000000088100000, 0x0000000088200000|  0%| F|  |TAMS 0x0000000088100000, 0x0000000088100000| Untracked 
| 130|0x0000000088200000, 0x0000000088200000, 0x0000000088300000|  0%| F|  |TAMS 0x0000000088200000, 0x0000000088200000| Untracked 
| 131|0x0000000088300000, 0x0000000088300000, 0x0000000088400000|  0%| F|  |TAMS 0x0000000088300000, 0x0000000088300000| Untracked 
| 132|0x0000000088400000, 0x0000000088400000, 0x0000000088500000|  0%| F|  |TAMS 0x0000000088400000, 0x0000000088400000| Untracked 
| 133|0x0000000088500000, 0x0000000088500000, 0x0000000088600000|  0%| F|  |TAMS 0x0000000088500000, 0x0000000088500000| Untracked 
| 134|0x0000000088600000, 0x0000000088600000, 0x0000000088700000|  0%| F|  |TAMS 0x0000000088600000, 0x0000000088600000| Untracked 
| 135|0x0000000088700000, 0x0000000088700000, 0x0000000088800000|  0%| F|  |TAMS 0x0000000088700000, 0x0000000088700000| Untracked 
| 136|0x0000000088800000, 0x0000000088800000, 0x0000000088900000|  0%| F|  |TAMS 0x0000000088800000, 0x0000000088800000| Untracked 
| 137|0x0000000088900000, 0x0000000088900000, 0x0000000088a00000|  0%| F|  |TAMS 0x0000000088900000, 0x0000000088900000| Untracked 
| 138|0x0000000088a00000, 0x0000000088a00000, 0x0000000088b00000|  0%| F|  |TAMS 0x0000000088a00000, 0x0000000088a00000| Untracked 
| 139|0x0000000088b00000, 0x0000000088b00000, 0x0000000088c00000|  0%| F|  |TAMS 0x0000000088b00000, 0x0000000088b00000| Untracked 
| 140|0x0000000088c00000, 0x0000000088c00000, 0x0000000088d00000|  0%| F|  |TAMS 0x0000000088c00000, 0x0000000088c00000| Untracked 
| 141|0x0000000088d00000, 0x0000000088d00000, 0x0000000088e00000|  0%| F|  |TAMS 0x0000000088d00000, 0x0000000088d00000| Untracked 
| 142|0x0000000088e00000, 0x0000000088e00000, 0x0000000088f00000|  0%| F|  |TAMS 0x0000000088e00000, 0x0000000088e00000| Untracked 
| 143|0x0000000088f00000, 0x0000000088f00000, 0x0000000089000000|  0%| F|  |TAMS 0x0000000088f00000, 0x0000000088f00000| Untracked 
| 144|0x0000000089000000, 0x0000000089000000, 0x0000000089100000|  0%| F|  |TAMS 0x0000000089000000, 0x0000000089000000| Untracked 
| 145|0x0000000089100000, 0x0000000089100000, 0x0000000089200000|  0%| F|  |TAMS 0x0000000089100000, 0x0000000089100000| Untracked 
| 146|0x0000000089200000, 0x0000000089200000, 0x0000000089300000|  0%| F|  |TAMS 0x0000000089200000, 0x0000000089200000| Untracked 
| 147|0x0000000089300000, 0x0000000089300000, 0x0000000089400000|  0%| F|  |TAMS 0x0000000089300000, 0x0000000089300000| Untracked 
| 148|0x0000000089400000, 0x0000000089400000, 0x0000000089500000|  0%| F|  |TAMS 0x0000000089400000, 0x0000000089400000| Untracked 
| 149|0x0000000089500000, 0x0000000089500000, 0x0000000089600000|  0%| F|  |TAMS 0x0000000089500000, 0x0000000089500000| Untracked 
| 150|0x0000000089600000, 0x0000000089600000, 0x0000000089700000|  0%| F|  |TAMS 0x0000000089600000, 0x0000000089600000| Untracked 
| 151|0x0000000089700000, 0x0000000089700000, 0x0000000089800000|  0%| F|  |TAMS 0x0000000089700000, 0x0000000089700000| Untracked 
| 152|0x0000000089800000, 0x0000000089800000, 0x0000000089900000|  0%| F|  |TAMS 0x0000000089800000, 0x0000000089800000| Untracked 
| 153|0x0000000089900000, 0x0000000089900000, 0x0000000089a00000|  0%| F|  |TAMS 0x0000000089900000, 0x0000000089900000| Untracked 
| 154|0x0000000089a00000, 0x0000000089a00000, 0x0000000089b00000|  0%| F|  |TAMS 0x0000000089a00000, 0x0000000089a00000| Untracked 
| 155|0x0000000089b00000, 0x0000000089b00000, 0x0000000089c00000|  0%| F|  |TAMS 0x0000000089b00000, 0x0000000089b00000| Untracked 
| 156|0x0000000089c00000, 0x0000000089c00000, 0x0000000089d00000|  0%| F|  |TAMS 0x0000000089c00000, 0x0000000089c00000| Untracked 
| 157|0x0000000089d00000, 0x0000000089d00000, 0x0000000089e00000|  0%| F|  |TAMS 0x0000000089d00000, 0x0000000089d00000| Untracked 
| 158|0x0000000089e00000, 0x0000000089e00000, 0x0000000089f00000|  0%| F|  |TAMS 0x0000000089e00000, 0x0000000089e00000| Untracked 
| 159|0x0000000089f00000, 0x0000000089f00000, 0x000000008a000000|  0%| F|  |TAMS 0x0000000089f00000, 0x0000000089f00000| Untracked 
| 160|0x000000008a000000, 0x000000008a000000, 0x000000008a100000|  0%| F|  |TAMS 0x000000008a000000, 0x000000008a000000| Untracked 
| 161|0x000000008a100000, 0x000000008a100000, 0x000000008a200000|  0%| F|  |TAMS 0x000000008a100000, 0x000000008a100000| Untracked 
| 162|0x000000008a200000, 0x000000008a200000, 0x000000008a300000|  0%| F|  |TAMS 0x000000008a200000, 0x000000008a200000| Untracked 
| 163|0x000000008a300000, 0x000000008a300000, 0x000000008a400000|  0%| F|  |TAMS 0x000000008a300000, 0x000000008a300000| Untracked 
| 164|0x000000008a400000, 0x000000008a400000, 0x000000008a500000|  0%| F|  |TAMS 0x000000008a400000, 0x000000008a400000| Untracked 
| 165|0x000000008a500000, 0x000000008a500000, 0x000000008a600000|  0%| F|  |TAMS 0x000000008a500000, 0x000000008a500000| Untracked 
| 166|0x000000008a600000, 0x000000008a600000, 0x000000008a700000|  0%| F|  |TAMS 0x000000008a600000, 0x000000008a600000| Untracked 
| 167|0x000000008a700000, 0x000000008a700000, 0x000000008a800000|  0%| F|  |TAMS 0x000000008a700000, 0x000000008a700000| Untracked 
| 168|0x000000008a800000, 0x000000008a800000, 0x000000008a900000|  0%| F|  |TAMS 0x000000008a800000, 0x000000008a800000| Untracked 
| 169|0x000000008a900000, 0x000000008a900000, 0x000000008aa00000|  0%| F|  |TAMS 0x000000008a900000, 0x000000008a900000| Untracked 
| 170|0x000000008aa00000, 0x000000008aa00000, 0x000000008ab00000|  0%| F|  |TAMS 0x000000008aa00000, 0x000000008aa00000| Untracked 
| 171|0x000000008ab00000, 0x000000008ab00000, 0x000000008ac00000|  0%| F|  |TAMS 0x000000008ab00000, 0x000000008ab00000| Untracked 
| 172|0x000000008ac00000, 0x000000008ac00000, 0x000000008ad00000|  0%| F|  |TAMS 0x000000008ac00000, 0x000000008ac00000| Untracked 
| 173|0x000000008ad00000, 0x000000008ad00000, 0x000000008ae00000|  0%| F|  |TAMS 0x000000008ad00000, 0x000000008ad00000| Untracked 
| 174|0x000000008ae00000, 0x000000008ae00000, 0x000000008af00000|  0%| F|  |TAMS 0x000000008ae00000, 0x000000008ae00000| Untracked 
| 175|0x000000008af00000, 0x000000008af00000, 0x000000008b000000|  0%| F|  |TAMS 0x000000008af00000, 0x000000008af00000| Untracked 
| 176|0x000000008b000000, 0x000000008b000000, 0x000000008b100000|  0%| F|  |TAMS 0x000000008b000000, 0x000000008b000000| Untracked 
| 177|0x000000008b100000, 0x000000008b100000, 0x000000008b200000|  0%| F|  |TAMS 0x000000008b100000, 0x000000008b100000| Untracked 
| 178|0x000000008b200000, 0x000000008b200000, 0x000000008b300000|  0%| F|  |TAMS 0x000000008b200000, 0x000000008b200000| Untracked 
| 179|0x000000008b300000, 0x000000008b300000, 0x000000008b400000|  0%| F|  |TAMS 0x000000008b300000, 0x000000008b300000| Untracked 
| 180|0x000000008b400000, 0x000000008b400000, 0x000000008b500000|  0%| F|  |TAMS 0x000000008b400000, 0x000000008b400000| Untracked 
| 181|0x000000008b500000, 0x000000008b500000, 0x000000008b600000|  0%| F|  |TAMS 0x000000008b500000, 0x000000008b500000| Untracked 
| 182|0x000000008b600000, 0x000000008b600000, 0x000000008b700000|  0%| F|  |TAMS 0x000000008b600000, 0x000000008b600000| Untracked 
| 183|0x000000008b700000, 0x000000008b700000, 0x000000008b800000|  0%| F|  |TAMS 0x000000008b700000, 0x000000008b700000| Untracked 
| 184|0x000000008b800000, 0x000000008b800000, 0x000000008b900000|  0%| F|  |TAMS 0x000000008b800000, 0x000000008b800000| Untracked 
| 185|0x000000008b900000, 0x000000008b900000, 0x000000008ba00000|  0%| F|  |TAMS 0x000000008b900000, 0x000000008b900000| Untracked 
| 186|0x000000008ba00000, 0x000000008ba00000, 0x000000008bb00000|  0%| F|  |TAMS 0x000000008ba00000, 0x000000008ba00000| Untracked 
| 187|0x000000008bb00000, 0x000000008bb00000, 0x000000008bc00000|  0%| F|  |TAMS 0x000000008bb00000, 0x000000008bb00000| Untracked 
| 188|0x000000008bc00000, 0x000000008bc00000, 0x000000008bd00000|  0%| F|  |TAMS 0x000000008bc00000, 0x000000008bc00000| Untracked 
| 189|0x000000008bd00000, 0x000000008bd00000, 0x000000008be00000|  0%| F|  |TAMS 0x000000008bd00000, 0x000000008bd00000| Untracked 
| 190|0x000000008be00000, 0x000000008be00000, 0x000000008bf00000|  0%| F|  |TAMS 0x000000008be00000, 0x000000008be00000| Untracked 
| 191|0x000000008bf00000, 0x000000008bf00000, 0x000000008c000000|  0%| F|  |TAMS 0x000000008bf00000, 0x000000008bf00000| Untracked 
| 192|0x000000008c000000, 0x000000008c000000, 0x000000008c100000|  0%| F|  |TAMS 0x000000008c000000, 0x000000008c000000| Untracked 
| 193|0x000000008c100000, 0x000000008c100000, 0x000000008c200000|  0%| F|  |TAMS 0x000000008c100000, 0x000000008c100000| Untracked 
| 194|0x000000008c200000, 0x000000008c200000, 0x000000008c300000|  0%| F|  |TAMS 0x000000008c200000, 0x000000008c200000| Untracked 
| 195|0x000000008c300000, 0x000000008c300000, 0x000000008c400000|  0%| F|  |TAMS 0x000000008c300000, 0x000000008c300000| Untracked 
| 196|0x000000008c400000, 0x000000008c400000, 0x000000008c500000|  0%| F|  |TAMS 0x000000008c400000, 0x000000008c400000| Untracked 
| 197|0x000000008c500000, 0x000000008c500000, 0x000000008c600000|  0%| F|  |TAMS 0x000000008c500000, 0x000000008c500000| Untracked 
| 198|0x000000008c600000, 0x000000008c600000, 0x000000008c700000|  0%| F|  |TAMS 0x000000008c600000, 0x000000008c600000| Untracked 
| 199|0x000000008c700000, 0x000000008c700000, 0x000000008c800000|  0%| F|  |TAMS 0x000000008c700000, 0x000000008c700000| Untracked 
| 200|0x000000008c800000, 0x000000008c800000, 0x000000008c900000|  0%| F|  |TAMS 0x000000008c800000, 0x000000008c800000| Untracked 
| 201|0x000000008c900000, 0x000000008c900000, 0x000000008ca00000|  0%| F|  |TAMS 0x000000008c900000, 0x000000008c900000| Untracked 
| 202|0x000000008ca00000, 0x000000008ca00000, 0x000000008cb00000|  0%| F|  |TAMS 0x000000008ca00000, 0x000000008ca00000| Untracked 
| 203|0x000000008cb00000, 0x000000008cb00000, 0x000000008cc00000|  0%| F|  |TAMS 0x000000008cb00000, 0x000000008cb00000| Untracked 
| 204|0x000000008cc00000, 0x000000008cc00000, 0x000000008cd00000|  0%| F|  |TAMS 0x000000008cc00000, 0x000000008cc00000| Untracked 
| 205|0x000000008cd00000, 0x000000008cd00000, 0x000000008ce00000|  0%| F|  |TAMS 0x000000008cd00000, 0x000000008cd00000| Untracked 
| 206|0x000000008ce00000, 0x000000008ce00000, 0x000000008cf00000|  0%| F|  |TAMS 0x000000008ce00000, 0x000000008ce00000| Untracked 
| 207|0x000000008cf00000, 0x000000008cf00000, 0x000000008d000000|  0%| F|  |TAMS 0x000000008cf00000, 0x000000008cf00000| Untracked 
| 208|0x000000008d000000, 0x000000008d000000, 0x000000008d100000|  0%| F|  |TAMS 0x000000008d000000, 0x000000008d000000| Untracked 
| 209|0x000000008d100000, 0x000000008d100000, 0x000000008d200000|  0%| F|  |TAMS 0x000000008d100000, 0x000000008d100000| Untracked 
| 210|0x000000008d200000, 0x000000008d200000, 0x000000008d300000|  0%| F|  |TAMS 0x000000008d200000, 0x000000008d200000| Untracked 
| 211|0x000000008d300000, 0x000000008d300000, 0x000000008d400000|  0%| F|  |TAMS 0x000000008d300000, 0x000000008d300000| Untracked 
| 212|0x000000008d400000, 0x000000008d400000, 0x000000008d500000|  0%| F|  |TAMS 0x000000008d400000, 0x000000008d400000| Untracked 
| 213|0x000000008d500000, 0x000000008d500000, 0x000000008d600000|  0%| F|  |TAMS 0x000000008d500000, 0x000000008d500000| Untracked 
| 214|0x000000008d600000, 0x000000008d600000, 0x000000008d700000|  0%| F|  |TAMS 0x000000008d600000, 0x000000008d600000| Untracked 
| 215|0x000000008d700000, 0x000000008d700000, 0x000000008d800000|  0%| F|  |TAMS 0x000000008d700000, 0x000000008d700000| Untracked 
| 216|0x000000008d800000, 0x000000008d800000, 0x000000008d900000|  0%| F|  |TAMS 0x000000008d800000, 0x000000008d800000| Untracked 
| 217|0x000000008d900000, 0x000000008d900000, 0x000000008da00000|  0%| F|  |TAMS 0x000000008d900000, 0x000000008d900000| Untracked 
| 218|0x000000008da00000, 0x000000008da00000, 0x000000008db00000|  0%| F|  |TAMS 0x000000008da00000, 0x000000008da00000| Untracked 
| 219|0x000000008db00000, 0x000000008db00000, 0x000000008dc00000|  0%| F|  |TAMS 0x000000008db00000, 0x000000008db00000| Untracked 
| 220|0x000000008dc00000, 0x000000008dc00000, 0x000000008dd00000|  0%| F|  |TAMS 0x000000008dc00000, 0x000000008dc00000| Untracked 
| 221|0x000000008dd00000, 0x000000008dd00000, 0x000000008de00000|  0%| F|  |TAMS 0x000000008dd00000, 0x000000008dd00000| Untracked 
| 222|0x000000008de00000, 0x000000008de00000, 0x000000008df00000|  0%| F|  |TAMS 0x000000008de00000, 0x000000008de00000| Untracked 
| 223|0x000000008df00000, 0x000000008df00000, 0x000000008e000000|  0%| F|  |TAMS 0x000000008df00000, 0x000000008df00000| Untracked 
| 224|0x000000008e000000, 0x000000008e000000, 0x000000008e100000|  0%| F|  |TAMS 0x000000008e000000, 0x000000008e000000| Untracked 
| 225|0x000000008e100000, 0x000000008e100000, 0x000000008e200000|  0%| F|  |TAMS 0x000000008e100000, 0x000000008e100000| Untracked 
| 226|0x000000008e200000, 0x000000008e200000, 0x000000008e300000|  0%| F|  |TAMS 0x000000008e200000, 0x000000008e200000| Untracked 
| 227|0x000000008e300000, 0x000000008e300000, 0x000000008e400000|  0%| F|  |TAMS 0x000000008e300000, 0x000000008e300000| Untracked 
| 228|0x000000008e400000, 0x000000008e400000, 0x000000008e500000|  0%| F|  |TAMS 0x000000008e400000, 0x000000008e400000| Untracked 
| 229|0x000000008e500000, 0x000000008e549a78, 0x000000008e600000| 28%| S|CS|TAMS 0x000000008e500000, 0x000000008e500000| Complete 
| 230|0x000000008e600000, 0x000000008e700000, 0x000000008e700000|100%| S|CS|TAMS 0x000000008e600000, 0x000000008e600000| Complete 
| 231|0x000000008e700000, 0x000000008e800000, 0x000000008e800000|100%| S|CS|TAMS 0x000000008e700000, 0x000000008e700000| Complete 
| 232|0x000000008e800000, 0x000000008e900000, 0x000000008e900000|100%| S|CS|TAMS 0x000000008e800000, 0x000000008e800000| Complete 
| 233|0x000000008e900000, 0x000000008ea00000, 0x000000008ea00000|100%| S|CS|TAMS 0x000000008e900000, 0x000000008e900000| Complete 
| 234|0x000000008ea00000, 0x000000008eb00000, 0x000000008eb00000|100%| S|CS|TAMS 0x000000008ea00000, 0x000000008ea00000| Complete 
| 235|0x000000008eb00000, 0x000000008ec00000, 0x000000008ec00000|100%| S|CS|TAMS 0x000000008eb00000, 0x000000008eb00000| Complete 
| 236|0x000000008ec00000, 0x000000008ed00000, 0x000000008ed00000|100%| S|CS|TAMS 0x000000008ec00000, 0x000000008ec00000| Complete 
| 237|0x000000008ed00000, 0x000000008ee00000, 0x000000008ee00000|100%| S|CS|TAMS 0x000000008ed00000, 0x000000008ed00000| Complete 
| 238|0x000000008ee00000, 0x000000008ee00000, 0x000000008ef00000|  0%| F|  |TAMS 0x000000008ee00000, 0x000000008ee00000| Untracked 
| 239|0x000000008ef00000, 0x000000008ef00000, 0x000000008f000000|  0%| F|  |TAMS 0x000000008ef00000, 0x000000008ef00000| Untracked 
| 240|0x000000008f000000, 0x000000008f000000, 0x000000008f100000|  0%| F|  |TAMS 0x000000008f000000, 0x000000008f000000| Untracked 
| 241|0x000000008f100000, 0x000000008f100000, 0x000000008f200000|  0%| F|  |TAMS 0x000000008f100000, 0x000000008f100000| Untracked 
| 242|0x000000008f200000, 0x000000008f200000, 0x000000008f300000|  0%| F|  |TAMS 0x000000008f200000, 0x000000008f200000| Untracked 
| 243|0x000000008f300000, 0x000000008f300000, 0x000000008f400000|  0%| F|  |TAMS 0x000000008f300000, 0x000000008f300000| Untracked 
| 244|0x000000008f400000, 0x000000008f400000, 0x000000008f500000|  0%| F|  |TAMS 0x000000008f400000, 0x000000008f400000| Untracked 
| 245|0x000000008f500000, 0x000000008f500000, 0x000000008f600000|  0%| F|  |TAMS 0x000000008f500000, 0x000000008f500000| Untracked 
| 246|0x000000008f600000, 0x000000008f600000, 0x000000008f700000|  0%| F|  |TAMS 0x000000008f600000, 0x000000008f600000| Untracked 
| 247|0x000000008f700000, 0x000000008f700000, 0x000000008f800000|  0%| F|  |TAMS 0x000000008f700000, 0x000000008f700000| Untracked 
| 248|0x000000008f800000, 0x000000008f800000, 0x000000008f900000|  0%| F|  |TAMS 0x000000008f800000, 0x000000008f800000| Untracked 
| 249|0x000000008f900000, 0x000000008f9f8c80, 0x000000008fa00000| 97%| E|  |TAMS 0x000000008f900000, 0x000000008f900000| Complete 
| 250|0x000000008fa00000, 0x000000008fb00000, 0x000000008fb00000|100%| E|CS|TAMS 0x000000008fa00000, 0x000000008fa00000| Complete 
| 251|0x000000008fb00000, 0x000000008fc00000, 0x000000008fc00000|100%| E|CS|TAMS 0x000000008fb00000, 0x000000008fb00000| Complete 
| 252|0x000000008fc00000, 0x000000008fd00000, 0x000000008fd00000|100%| E|CS|TAMS 0x000000008fc00000, 0x000000008fc00000| Complete 
| 253|0x000000008fd00000, 0x000000008fe00000, 0x000000008fe00000|100%| E|CS|TAMS 0x000000008fd00000, 0x000000008fd00000| Complete 

Card table byte_map: [0x000001ede63c0000,0x000001ede67c0000] _byte_map_base: 0x000001ede5fc0000

Marking Bits (Prev, Next): (CMBitMap*) 0x000001edd2a9e248, (CMBitMap*) 0x000001edd2a9e280
 Prev Bits: [0x000001ede6bc0000, 0x000001ede8bc0000)
 Next Bits: [0x000001ede8bc0000, 0x000001edeabc0000)

Polling page: 0x000001edd1230000

Metaspace:

Usage:
  Non-class:     80.26 MB capacity,    78.82 MB ( 98%) used,     1.16 MB (  1%) free+waste,   279.00 KB ( <1%) overhead. 
      Class:     12.60 MB capacity,    11.72 MB ( 93%) used,   776.44 KB (  6%) free+waste,   126.31 KB ( <1%) overhead. 
       Both:     92.86 MB capacity,    90.54 MB ( 98%) used,     1.92 MB (  2%) free+waste,   405.31 KB ( <1%) overhead. 

Virtual space:
  Non-class space:       88.00 MB reserved,      80.45 MB ( 91%) committed 
      Class space:        1.00 GB reserved,      12.63 MB (  1%) committed 
             Both:        1.09 GB reserved,      93.07 MB (  8%) committed 

Chunk freelists:
   Non-Class:  3.00 KB
       Class:  28.00 KB
        Both:  31.00 KB

MaxMetaspaceSize: 17179869184.00 GB
CompressedClassSpaceSize: 1.00 GB

CodeHeap 'non-profiled nmethods': size=120000Kb used=6533Kb max_used=6533Kb free=113466Kb
 bounds [0x000001edde030000, 0x000001edde6a0000, 0x000001ede5560000]
CodeHeap 'profiled nmethods': size=120000Kb used=23305Kb max_used=23305Kb free=96694Kb
 bounds [0x000001edd6b00000, 0x000001edd81d0000, 0x000001edde030000]
CodeHeap 'non-nmethods': size=5760Kb used=2303Kb max_used=2349Kb free=3456Kb
 bounds [0x000001edd6560000, 0x000001edd67d0000, 0x000001edd6b00000]
 total_blobs=11875 nmethods=10963 adapters=823
 compilation: enabled
              stopped_count=0, restarted_count=0
 full_count=0

Compilation events (20 events):
Event: 8.327 Thread 0x000001edee4ca800 nmethod 10973 0x000001edde681f90 code [0x000001edde682160, 0x000001edde6824f8]
Event: 8.327 Thread 0x000001edee4ca800 10992       4       jdk.internal.misc.Unsafe::checkNativeAddress (28 bytes)
Event: 8.327 Thread 0x000001edee4ca800 nmethod 10992 0x000001edde682810 code [0x000001edde6829a0, 0x000001edde6829f8]
Event: 8.327 Thread 0x000001edee4ca800 10997       4       jdk.internal.misc.Unsafe::checkSize (32 bytes)
Event: 8.327 Thread 0x000001edee4ca800 nmethod 10997 0x000001edde682a90 code [0x000001edde682c20, 0x000001edde682cb8]
Event: 8.327 Thread 0x000001edee4ca800 10993       4       java.util.concurrent.locks.AbstractQueuedSynchronizer$ConditionObject::signal (33 bytes)
Event: 8.332 Thread 0x000001ededf87800 10999       3       kotlin.reflect.jvm.internal.ReflectProperties::lazySoft (18 bytes)
Event: 8.332 Thread 0x000001ededf87800 nmethod 10999 0x000001edd81b6e90 code [0x000001edd81b7060, 0x000001edd81b7258]
Event: 8.332 Thread 0x000001ededf87800 11000       3       kotlin.reflect.jvm.internal.ReflectProperties$LazySoftVal::<init> (43 bytes)
Event: 8.333 Thread 0x000001ededf87800 nmethod 11000 0x000001edd81b7390 code [0x000001edd81b76a0, 0x000001edd81b8b48]
Event: 8.335 Thread 0x000001edee4ca800 nmethod 10993 0x000001edde682d90 code [0x000001edde682f40, 0x000001edde683628]
Event: 8.335 Thread 0x000001edee4ca800 10881       4       org.gradle.internal.snapshot.SingletonChildMap::withNode (11 bytes)
Event: 8.340 Thread 0x000001ededf87800 11002       3       kotlin.reflect.jvm.internal.impl.name.FqNameUnsafe::hashCode (8 bytes)
Event: 8.341 Thread 0x000001ededf87800 nmethod 11002 0x000001edd81b9110 code [0x000001edd81b92c0, 0x000001edd81b93e8]
Event: 8.343 Thread 0x000001ededf87800 11003       3       kotlin.jvm.internal.Intrinsics::checkNotNull (8 bytes)
Event: 8.343 Thread 0x000001ededf87800 nmethod 11003 0x000001edd81b9490 code [0x000001edd81b96a0, 0x000001edd81b9b48]
Event: 8.359 Thread 0x000001ededf7b000 nmethod 10858 0x000001edde683810 code [0x000001edde683be0, 0x000001edde688a70]
Event: 8.359 Thread 0x000001ededf7b000 11001       4       java.lang.Integer::getChars (131 bytes)
Event: 8.363 Thread 0x000001ededf7b000 nmethod 11001 0x000001edde68b910 code [0x000001edde68bac0, 0x000001edde68be78]
Event: 8.363 Thread 0x000001ededf7b000 10874       4       java.util.concurrent.TimeUnit::toNanos (45 bytes)

GC Heap History (20 events):
Event: 1.491 GC heap after
{Heap after GC invocations=2 (full 0):
 garbage-first heap   total 260096K, used 16962K [0x0000000080000000, 0x0000000100000000)
  region size 1024K, 11 young (11264K), 11 survivors (11264K)
 Metaspace       used 20645K, capacity 21081K, committed 21248K, reserved 1067008K
  class space    used 2539K, capacity 2695K, committed 2816K, reserved 1048576K
}
Event: 1.785 GC heap before
{Heap before GC invocations=3 (full 0):
 garbage-first heap   total 260096K, used 59970K [0x0000000080000000, 0x0000000100000000)
  region size 1024K, 53 young (54272K), 11 survivors (11264K)
 Metaspace       used 24883K, capacity 25444K, committed 25472K, reserved 1071104K
  class space    used 3218K, capacity 3431K, committed 3456K, reserved 1048576K
}
Event: 1.790 GC heap after
{Heap after GC invocations=4 (full 0):
 garbage-first heap   total 260096K, used 18535K [0x0000000080000000, 0x0000000100000000)
  region size 1024K, 3 young (3072K), 3 survivors (3072K)
 Metaspace       used 24883K, capacity 25444K, committed 25472K, reserved 1071104K
  class space    used 3218K, capacity 3431K, committed 3456K, reserved 1048576K
}
Event: 2.397 GC heap before
{Heap before GC invocations=4 (full 0):
 garbage-first heap   total 260096K, used 89191K [0x0000000080000000, 0x0000000100000000)
  region size 1024K, 73 young (74752K), 3 survivors (3072K)
 Metaspace       used 35007K, capacity 35786K, committed 35840K, reserved 1081344K
  class space    used 4564K, capacity 4863K, committed 4864K, reserved 1048576K
}
Event: 2.405 GC heap after
{Heap after GC invocations=5 (full 0):
 garbage-first heap   total 260096K, used 22240K [0x0000000080000000, 0x0000000100000000)
  region size 1024K, 6 young (6144K), 6 survivors (6144K)
 Metaspace       used 35007K, capacity 35786K, committed 35840K, reserved 1081344K
  class space    used 4564K, capacity 4863K, committed 4864K, reserved 1048576K
}
Event: 3.359 GC heap before
{Heap before GC invocations=6 (full 0):
 garbage-first heap   total 260096K, used 156384K [0x0000000080000000, 0x0000000100000000)
  region size 1024K, 134 young (137216K), 6 survivors (6144K)
 Metaspace       used 45704K, capacity 46836K, committed 47052K, reserved 1089536K
  class space    used 5883K, capacity 6314K, committed 6400K, reserved 1048576K
}
Event: 3.367 GC heap after
{Heap after GC invocations=7 (full 0):
 garbage-first heap   total 260096K, used 29135K [0x0000000080000000, 0x0000000100000000)
  region size 1024K, 13 young (13312K), 13 survivors (13312K)
 Metaspace       used 45704K, capacity 46836K, committed 47052K, reserved 1089536K
  class space    used 5883K, capacity 6314K, committed 6400K, reserved 1048576K
}
Event: 4.425 GC heap before
{Heap before GC invocations=7 (full 0):
 garbage-first heap   total 260096K, used 174543K [0x0000000080000000, 0x0000000100000000)
  region size 1024K, 151 young (154624K), 13 survivors (13312K)
 Metaspace       used 57053K, capacity 58378K, committed 58444K, reserved 1099776K
  class space    used 7284K, capacity 7797K, committed 7808K, reserved 1048576K
}
Event: 4.437 GC heap after
{Heap after GC invocations=8 (full 0):
 garbage-first heap   total 260096K, used 44779K [0x0000000080000000, 0x0000000100000000)
  region size 1024K, 18 young (18432K), 18 survivors (18432K)
 Metaspace       used 57053K, capacity 58378K, committed 58444K, reserved 1099776K
  class space    used 7284K, capacity 7797K, committed 7808K, reserved 1048576K
}
Event: 4.534 GC heap before
{Heap before GC invocations=8 (full 0):
 garbage-first heap   total 260096K, used 51947K [0x0000000080000000, 0x0000000100000000)
  region size 1024K, 26 young (26624K), 18 survivors (18432K)
 Metaspace       used 58606K, capacity 60121K, committed 60236K, reserved 1101824K
  class space    used 7487K, capacity 8038K, committed 8064K, reserved 1048576K
}
Event: 4.549 GC heap after
{Heap after GC invocations=9 (full 0):
 garbage-first heap   total 260096K, used 47557K [0x0000000080000000, 0x0000000100000000)
  region size 1024K, 3 young (3072K), 3 survivors (3072K)
 Metaspace       used 58606K, capacity 60121K, committed 60236K, reserved 1101824K
  class space    used 7487K, capacity 8038K, committed 8064K, reserved 1048576K
}
Event: 5.666 GC heap before
{Heap before GC invocations=10 (full 0):
 garbage-first heap   total 260096K, used 192965K [0x0000000080000000, 0x0000000100000000)
  region size 1024K, 145 young (148480K), 3 survivors (3072K)
 Metaspace       used 70227K, capacity 71939K, committed 72268K, reserved 1112064K
  class space    used 9148K, capacity 9781K, committed 9856K, reserved 1048576K
}
Event: 5.675 GC heap after
{Heap after GC invocations=11 (full 0):
 garbage-first heap   total 260096K, used 56313K [0x0000000080000000, 0x0000000100000000)
  region size 1024K, 12 young (12288K), 12 survivors (12288K)
 Metaspace       used 70227K, capacity 71939K, committed 72268K, reserved 1112064K
  class space    used 9148K, capacity 9781K, committed 9856K, reserved 1048576K
}
Event: 6.806 GC heap before
{Heap before GC invocations=12 (full 0):
 garbage-first heap   total 260096K, used 196601K [0x0000000080000000, 0x0000000100000000)
  region size 1024K, 149 young (152576K), 12 survivors (12288K)
 Metaspace       used 80570K, capacity 82783K, committed 82892K, reserved 1120256K
  class space    used 10659K, capacity 11515K, committed 11520K, reserved 1048576K
}
Event: 6.818 GC heap after
{Heap after GC invocations=13 (full 0):
 garbage-first heap   total 260096K, used 65241K [0x0000000080000000, 0x0000000100000000)
  region size 1024K, 9 young (9216K), 9 survivors (9216K)
 Metaspace       used 80570K, capacity 82783K, committed 82892K, reserved 1120256K
  class space    used 10659K, capacity 11515K, committed 11520K, reserved 1048576K
}
Event: 7.806 GC heap before
{Heap before GC invocations=13 (full 0):
 garbage-first heap   total 260096K, used 217817K [0x0000000080000000, 0x0000000100000000)
  region size 1024K, 142 young (145408K), 9 survivors (9216K)
 Metaspace       used 88741K, capacity 91000K, committed 91212K, reserved 1128448K
  class space    used 11531K, capacity 12388K, committed 12416K, reserved 1048576K
}
Event: 7.816 GC heap after
{Heap after GC invocations=14 (full 0):
 garbage-first heap   total 260096K, used 70678K [0x0000000080000000, 0x0000000100000000)
  region size 1024K, 15 young (15360K), 15 survivors (15360K)
 Metaspace       used 88741K, capacity 91000K, committed 91212K, reserved 1128448K
  class space    used 11531K, capacity 12388K, committed 12416K, reserved 1048576K
}
Event: 8.272 GC heap before
{Heap before GC invocations=14 (full 0):
 garbage-first heap   total 260096K, used 203798K [0x0000000080000000, 0x0000000100000000)
  region size 1024K, 146 young (149504K), 15 survivors (15360K)
 Metaspace       used 91392K, capacity 93764K, committed 93900K, reserved 1130496K
  class space    used 11832K, capacity 12737K, committed 12800K, reserved 1048576K
}
Event: 8.285 GC heap after
{Heap after GC invocations=15 (full 0):
 garbage-first heap   total 260096K, used 77741K [0x0000000080000000, 0x0000000100000000)
  region size 1024K, 13 young (13312K), 13 survivors (13312K)
 Metaspace       used 91392K, capacity 93764K, committed 93900K, reserved 1130496K
  class space    used 11832K, capacity 12737K, committed 12800K, reserved 1048576K
}
Event: 8.363 GC heap before
{Heap before GC invocations=15 (full 0):
 garbage-first heap   total 260096K, used 93101K [0x0000000080000000, 0x0000000100000000)
  region size 1024K, 29 young (29696K), 13 survivors (13312K)
 Metaspace       used 92397K, capacity 94727K, committed 94796K, reserved 1138688K
  class space    used 11952K, capacity 12866K, committed 12928K, reserved 1048576K
}

Deoptimization events (20 events):
Event: 8.196 Thread 0x000001edf33a6000 DEOPT PACKING pc=0x000001edde567da4 sp=0x0000003da32fdd20
Event: 8.196 Thread 0x000001edf33a6000 DEOPT UNPACKING pc=0x000001edd658662f sp=0x0000003da32fdc78 mode 2
Event: 8.196 Thread 0x000001edf0cbd000 DEOPT PACKING pc=0x000001edd8133455 sp=0x0000003da4dfddf0
Event: 8.196 Thread 0x000001edf0cbd000 DEOPT UNPACKING pc=0x000001edd6586dde sp=0x0000003da4dfd310 mode 0
Event: 8.196 Thread 0x000001edf0cbd000 Uncommon trap: trap_request=0xffffffde fr.pc=0x000001edde567da4 relative=0x0000000000000264
Event: 8.196 Thread 0x000001edf0cbd000 Uncommon trap: reason=class_check action=maybe_recompile pc=0x000001edde567da4 method=java.util.concurrent.ConcurrentHashMap.get(Ljava/lang/Object;)Ljava/lang/Object; @ 93 c2
Event: 8.196 Thread 0x000001edf0cbd000 DEOPT PACKING pc=0x000001edde567da4 sp=0x0000003da4dfdde0
Event: 8.196 Thread 0x000001edf0cbd000 DEOPT UNPACKING pc=0x000001edd658662f sp=0x0000003da4dfdd38 mode 2
Event: 8.198 Thread 0x000001edf0cbb000 Uncommon trap: trap_request=0xffffffde fr.pc=0x000001edde567da4 relative=0x0000000000000264
Event: 8.198 Thread 0x000001edf0cbb000 Uncommon trap: reason=class_check action=maybe_recompile pc=0x000001edde567da4 method=java.util.concurrent.ConcurrentHashMap.get(Ljava/lang/Object;)Ljava/lang/Object; @ 93 c2
Event: 8.198 Thread 0x000001edf0cbb000 DEOPT PACKING pc=0x000001edde567da4 sp=0x0000003da47fdc50
Event: 8.198 Thread 0x000001edf0cbb000 DEOPT UNPACKING pc=0x000001edd658662f sp=0x0000003da47fdba8 mode 2
Event: 8.286 Thread 0x000001edf33ad000 Uncommon trap: trap_request=0xffffff7e fr.pc=0x000001edde67bd0c relative=0x000000000000256c
Event: 8.286 Thread 0x000001edf33ad000 Uncommon trap: reason=predicate action=maybe_recompile pc=0x000001edde67bd0c method=java.util.TimSort.reverseRange([Ljava/lang/Object;II)V @ 5 c2
Event: 8.286 Thread 0x000001edf33ad000 DEOPT PACKING pc=0x000001edde67bd0c sp=0x0000003da39fc900
Event: 8.286 Thread 0x000001edf33ad000 DEOPT UNPACKING pc=0x000001edd658662f sp=0x0000003da39fc758 mode 2
Event: 8.287 Thread 0x000001edf0bad000 Uncommon trap: trap_request=0xffffff4d fr.pc=0x000001edde51b52c relative=0x0000000000000d8c
Event: 8.287 Thread 0x000001edf0bad000 Uncommon trap: reason=unstable_if action=reinterpret pc=0x000001edde51b52c method=com.google.common.collect.MapMakerInternalMap$Segment.drainKeyReferenceQueue(Ljava/lang/ref/ReferenceQueue;)V @ 8 c2
Event: 8.287 Thread 0x000001edf0bad000 DEOPT PACKING pc=0x000001edde51b52c sp=0x0000003da14fe1e0
Event: 8.287 Thread 0x000001edf0bad000 DEOPT UNPACKING pc=0x000001edd658662f sp=0x0000003da14fe0e0 mode 2

Classes redefined (0 events):
No events

Internal exceptions (20 events):
Event: 6.669 Thread 0x000001edf0cb9800 Exception <a 'java/lang/NoSuchMethodError'{0x000000008913e4c8}: 'java.lang.Object java.lang.invoke.DirectMethodHandle$Holder.invokeSpecialIFC(java.lang.Object, java.lang.Object, java.lang.Object)'> (0x000000008913e4c8) thrown at [./src/hotspot/share/interpreter/linkResolver.cpp, line 773]
Event: 6.669 Thread 0x000001edf5a02800 Exception <a 'java/lang/NoSuchMethodError'{0x00000000891b48e0}: 'java.lang.Object java.lang.invoke.DirectMethodHandle$Holder.invokeSpecialIFC(java.lang.Object, java.lang.Object, java.lang.Object)'> (0x00000000891b48e0) thrown at [./src/hotspot/share/interpreter/linkResolver.cpp, line 773]
Event: 6.669 Thread 0x000001edf0cc0000 Exception <a 'java/lang/NoSuchMethodError'{0x00000000891eeb88}: 'java.lang.Object java.lang.invoke.DirectMethodHandle$Holder.invokeSpecialIFC(java.lang.Object, java.lang.Object, java.lang.Object)'> (0x00000000891eeb88) thrown at [./src/hotspot/share/interpreter/linkResolver.cpp, line 773]
Event: 6.669 Thread 0x000001edf33a9000 Exception <a 'java/lang/NoSuchMethodError'{0x0000000089174ff8}: 'java.lang.Object java.lang.invoke.DirectMethodHandle$Holder.invokeSpecialIFC(java.lang.Object, java.lang.Object, java.lang.Object)'> (0x0000000089174ff8) thrown at [./src/hotspot/share/interpreter/linkResolver.cpp, line 773]
Event: 6.690 Thread 0x000001edf5a02800 Exception <a 'java/lang/NoSuchMethodError'{0x0000000088daaf10}: 'int java.lang.invoke.DirectMethodHandle$Holder.invokeStaticInit(java.lang.Object, java.lang.Object, java.lang.Object, java.lang.Object, java.lang.Object)'> (0x0000000088daaf10) thrown at [./src/hotspot/share/interpreter/linkResolver.cpp, line 773]
Event: 7.004 Thread 0x000001edf0cbb000 Exception <a 'java/lang/NoSuchMethodError'{0x000000008d7504a0}: 'void java.lang.invoke.DirectMethodHandle$Holder.invokeVirtual(java.lang.Object, java.lang.Object)'> (0x000000008d7504a0) thrown at [./src/hotspot/share/interpreter/linkResolver.cpp, line 773]
Event: 7.161 Thread 0x000001edf37d0800 Implicit null exception at 0x000001edde33be84 to 0x000001edde33c07c
Event: 7.310 Thread 0x000001edf37d0800 Implicit null exception at 0x000001edde5a9b26 to 0x000001edde5aa4c7
Event: 7.611 Thread 0x000001edf37d0800 Exception <a 'java/lang/NoSuchMethodError'{0x0000000089844cf0}: <clinit>> (0x0000000089844cf0) thrown at [./src/hotspot/share/prims/jni.cpp, line 1362]
Event: 7.613 Thread 0x000001edf37d0800 Exception <a 'java/lang/NoSuchMethodError'{0x000000008986d740}: <clinit>> (0x000000008986d740) thrown at [./src/hotspot/share/prims/jni.cpp, line 1362]
Event: 7.678 Thread 0x000001edf37da800 Exception <a 'java/lang/NoSuchMethodError'{0x0000000088e73770}: 'void java.lang.invoke.DirectMethodHandle$Holder.invokeStatic(java.lang.Object, java.lang.Object, java.lang.Object, java.lang.Object, java.lang.Object, java.lang.Object, java.lang.Object)'> (0x0000000088e73770) thrown at [./src/hotspot/share/interpreter/linkResolver.cpp, line 773]
Event: 7.916 Thread 0x000001edf37d7000 Exception <a 'java/lang/NoSuchMethodError'{0x000000008e6a2870}: <clinit>> (0x000000008e6a2870) thrown at [./src/hotspot/share/prims/jni.cpp, line 1362]
Event: 7.916 Thread 0x000001edf37d7000 Exception <a 'java/lang/NoSuchMethodError'{0x000000008e6a3e60}: <clinit>> (0x000000008e6a3e60) thrown at [./src/hotspot/share/prims/jni.cpp, line 1362]
Event: 7.916 Thread 0x000001edf37d7000 Exception <a 'java/lang/NoSuchMethodError'{0x000000008e6a6250}: <clinit>> (0x000000008e6a6250) thrown at [./src/hotspot/share/prims/jni.cpp, line 1362]
Event: 7.917 Thread 0x000001edf37d7000 Exception <a 'java/lang/NoSuchMethodError'{0x000000008e6be1f8}: <clinit>> (0x000000008e6be1f8) thrown at [./src/hotspot/share/prims/jni.cpp, line 1362]
Event: 7.917 Thread 0x000001edf37d7000 Exception <a 'java/lang/NoSuchMethodError'{0x000000008e6bf6d8}: <clinit>> (0x000000008e6bf6d8) thrown at [./src/hotspot/share/prims/jni.cpp, line 1362]
Event: 7.994 Thread 0x000001edf37d7000 Exception <a 'java/lang/NoSuchMethodError'{0x000000008d4cb888}: <clinit>> (0x000000008d4cb888) thrown at [./src/hotspot/share/prims/jni.cpp, line 1362]
Event: 7.996 Thread 0x000001edf37d7000 Exception <a 'java/lang/NoSuchMethodError'{0x000000008d30c988}: <clinit>> (0x000000008d30c988) thrown at [./src/hotspot/share/prims/jni.cpp, line 1362]
Event: 7.997 Thread 0x000001edf37d7000 Exception <a 'java/lang/NoSuchMethodError'{0x000000008d31fa38}: <clinit>> (0x000000008d31fa38) thrown at [./src/hotspot/share/prims/jni.cpp, line 1362]
Event: 8.104 Thread 0x000001edf37dc000 Exception <a 'java/lang/NoSuchMethodError'{0x000000008b6a4aa0}: 'int java.lang.invoke.DirectMethodHandle$Holder.invokeSpecial(java.lang.Object, java.lang.Object, java.lang.Object, java.lang.Object, java.lang.Object)'> (0x000000008b6a4aa0) thrown at [./src/hotspot/share/interpreter/linkResolver.cpp, line 773]

Events (20 events):
Event: 8.358 loading class kotlin/reflect/jvm/internal/impl/metadata/deserialization/TypeTable done
Event: 8.359 loading class kotlin/reflect/jvm/internal/impl/metadata/deserialization/VersionRequirementTable
Event: 8.359 loading class kotlin/reflect/jvm/internal/impl/metadata/deserialization/VersionRequirementTable done
Event: 8.359 loading class kotlin/reflect/jvm/internal/impl/metadata/deserialization/VersionRequirementTable$Companion
Event: 8.359 loading class kotlin/reflect/jvm/internal/impl/metadata/deserialization/VersionRequirementTable$Companion done
Event: 8.359 loading class kotlin/reflect/jvm/internal/impl/serialization/deserialization/DeserializationContext
Event: 8.359 loading class kotlin/reflect/jvm/internal/impl/serialization/deserialization/DeserializationContext done
Event: 8.359 loading class kotlin/reflect/jvm/internal/impl/serialization/deserialization/TypeDeserializer
Event: 8.359 loading class kotlin/reflect/jvm/internal/impl/serialization/deserialization/TypeDeserializer done
Event: 8.361 loading class kotlin/reflect/jvm/internal/impl/serialization/deserialization/TypeDeserializer$classifierDescriptors$1
Event: 8.361 loading class kotlin/reflect/jvm/internal/impl/serialization/deserialization/TypeDeserializer$classifierDescriptors$1 done
Event: 8.361 loading class kotlin/reflect/jvm/internal/impl/serialization/deserialization/TypeDeserializer$typeAliasDescriptors$1
Event: 8.361 loading class kotlin/reflect/jvm/internal/impl/serialization/deserialization/TypeDeserializer$typeAliasDescriptors$1 done
Event: 8.361 loading class kotlin/reflect/jvm/internal/impl/serialization/deserialization/MemberDeserializer
Event: 8.361 loading class kotlin/reflect/jvm/internal/impl/serialization/deserialization/MemberDeserializer done
Event: 8.362 loading class kotlin/reflect/jvm/internal/impl/serialization/deserialization/descriptors/DeserializedClassDescriptor
Event: 8.362 loading class kotlin/reflect/jvm/internal/impl/serialization/deserialization/descriptors/DeserializedClassDescriptor done
Event: 8.363 loading class kotlin/reflect/jvm/internal/impl/descriptors/DeserializedDescriptor
Event: 8.363 loading class kotlin/reflect/jvm/internal/impl/descriptors/DeserializedDescriptor done
Event: 8.363 Executing VM operation: CollectForMetadataAllocation


Dynamic libraries:
0x00007ff7d9a50000 - 0x00007ff7d9a5a000 	C:\Program Files\Android\Android Studio\jre\bin\java.exe
0x00007fff70b30000 - 0x00007fff70d25000 	C:\WINDOWS\SYSTEM32\ntdll.dll
0x00007fff6f310000 - 0x00007fff6f3ce000 	C:\WINDOWS\System32\KERNEL32.DLL
0x00007fff6e540000 - 0x00007fff6e808000 	C:\WINDOWS\System32\KERNELBASE.dll
0x00007fff6e250000 - 0x00007fff6e350000 	C:\WINDOWS\System32\ucrtbase.dll
0x00007fff694e0000 - 0x00007fff694f9000 	C:\Program Files\Android\Android Studio\jre\bin\jli.dll
0x00007fff5afe0000 - 0x00007fff5aff7000 	C:\Program Files\Android\Android Studio\jre\bin\VCRUNTIME140.dll
0x00007fff702e0000 - 0x00007fff70480000 	C:\WINDOWS\System32\USER32.dll
0x00007fff6e350000 - 0x00007fff6e372000 	C:\WINDOWS\System32\win32u.dll
0x00007fff62e70000 - 0x00007fff6310a000 	C:\WINDOWS\WinSxS\amd64_microsoft.windows.common-controls_6595b64144ccf1df_6.0.19041.1110_none_60b5254171f9507e\COMCTL32.dll
0x00007fff6f2e0000 - 0x00007fff6f30b000 	C:\WINDOWS\System32\GDI32.dll
0x00007fff6faf0000 - 0x00007fff6fb8e000 	C:\WINDOWS\System32\msvcrt.dll
0x00007fff6ea80000 - 0x00007fff6eb8b000 	C:\WINDOWS\System32\gdi32full.dll
0x00007fff6e3f0000 - 0x00007fff6e48d000 	C:\WINDOWS\System32\msvcp_win.dll
0x00007fff6f0d0000 - 0x00007fff6f100000 	C:\WINDOWS\System32\IMM32.DLL
0x00007fff325e0000 - 0x00007fff3267d000 	C:\Program Files\Android\Android Studio\jre\bin\msvcp140.dll
0x00007fff23020000 - 0x00007fff23af5000 	C:\Program Files\Android\Android Studio\jre\bin\server\jvm.dll
0x00007fff708c0000 - 0x00007fff7096e000 	C:\WINDOWS\System32\ADVAPI32.dll
0x00007fff6f240000 - 0x00007fff6f2dc000 	C:\WINDOWS\System32\sechost.dll
0x00007fff70500000 - 0x00007fff70625000 	C:\WINDOWS\System32\RPCRT4.dll
0x00007fff6f100000 - 0x00007fff6f108000 	C:\WINDOWS\System32\PSAPI.DLL
0x00007fff5b720000 - 0x00007fff5b747000 	C:\WINDOWS\SYSTEM32\WINMM.dll
0x00007fff65f40000 - 0x00007fff65f49000 	C:\WINDOWS\SYSTEM32\WSOCK32.dll
0x00007fff69180000 - 0x00007fff6918a000 	C:\WINDOWS\SYSTEM32\VERSION.dll
0x00007fff70970000 - 0x00007fff709db000 	C:\WINDOWS\System32\WS2_32.dll
0x00007fff6c180000 - 0x00007fff6c192000 	C:\WINDOWS\SYSTEM32\kernel.appcore.dll
0x00007fff58110000 - 0x00007fff58121000 	C:\Program Files\Android\Android Studio\jre\bin\verify.dll
0x00007fff5a7d0000 - 0x00007fff5a9b4000 	C:\WINDOWS\SYSTEM32\DBGHELP.DLL
0x00007fff59fc0000 - 0x00007fff59fec000 	C:\WINDOWS\SYSTEM32\dbgcore.DLL
0x00007fff6e970000 - 0x00007fff6e9f2000 	C:\WINDOWS\System32\bcryptPrimitives.dll
0x00007fff3a5e0000 - 0x00007fff3a609000 	C:\Program Files\Android\Android Studio\jre\bin\java.dll
0x00007fff5b2c0000 - 0x00007fff5b2cb000 	C:\Program Files\Android\Android Studio\jre\bin\jimage.dll
0x00007fff47c20000 - 0x00007fff47c38000 	C:\Program Files\Android\Android Studio\jre\bin\zip.dll
0x00007fff6fb90000 - 0x00007fff702d4000 	C:\WINDOWS\System32\SHELL32.dll
0x00007fff6c380000 - 0x00007fff6cb14000 	C:\WINDOWS\SYSTEM32\windows.storage.dll
0x00007fff6f3d0000 - 0x00007fff6f724000 	C:\WINDOWS\System32\combase.dll
0x00007fff6dcb0000 - 0x00007fff6dcdc000 	C:\WINDOWS\SYSTEM32\Wldp.dll
0x00007fff709e0000 - 0x00007fff70a8d000 	C:\WINDOWS\System32\SHCORE.dll
0x00007fff70a90000 - 0x00007fff70ae5000 	C:\WINDOWS\System32\shlwapi.dll
0x00007fff6e190000 - 0x00007fff6e1af000 	C:\WINDOWS\SYSTEM32\profapi.dll
0x00007fff47a80000 - 0x00007fff47a9a000 	C:\Program Files\Android\Android Studio\jre\bin\net.dll
0x00007fff67870000 - 0x00007fff67979000 	C:\WINDOWS\SYSTEM32\WINHTTP.dll
0x00007fff6d940000 - 0x00007fff6d9aa000 	C:\WINDOWS\system32\mswsock.dll
0x00007fff45420000 - 0x00007fff45434000 	C:\Program Files\Android\Android Studio\jre\bin\nio.dll
0x00007fff384c0000 - 0x00007fff384e7000 	C:\Users\Shrooq\.gradle\native\e1d6ef7f7dcc3fd88c89a11ec53ec762bb8ba0a96d01ffa2cd45eb1d1d8dd5c5\windows-amd64\native-platform.dll
0x00007fff62c40000 - 0x00007fff62d84000 	C:\Users\Shrooq\.gradle\native\5664cfc778a61ccfe75a443a1ab52a65af34e5dc3c78e0209fed803814484fcb\windows-amd64\native-platform-file-events.dll
0x00007fff5afb0000 - 0x00007fff5afba000 	C:\Program Files\Android\Android Studio\jre\bin\management.dll
0x00007fff5a070000 - 0x00007fff5a07d000 	C:\Program Files\Android\Android Studio\jre\bin\management_ext.dll
0x00007fff6dba0000 - 0x00007fff6dbb8000 	C:\WINDOWS\SYSTEM32\CRYPTSP.dll
0x00007fff6d2c0000 - 0x00007fff6d2f4000 	C:\WINDOWS\system32\rsaenh.dll
0x00007fff6ea50000 - 0x00007fff6ea77000 	C:\WINDOWS\System32\bcrypt.dll
0x00007fff6e150000 - 0x00007fff6e17e000 	C:\WINDOWS\SYSTEM32\USERENV.dll
0x00007fff6db90000 - 0x00007fff6db9c000 	C:\WINDOWS\SYSTEM32\CRYPTBASE.dll
0x00007fff6d630000 - 0x00007fff6d66b000 	C:\WINDOWS\SYSTEM32\IPHLPAPI.DLL
0x00007fff6f8c0000 - 0x00007fff6f8c8000 	C:\WINDOWS\System32\NSI.dll
0x00007fff681c0000 - 0x00007fff681d7000 	C:\WINDOWS\SYSTEM32\dhcpcsvc6.DLL
0x00007fff681a0000 - 0x00007fff681bd000 	C:\WINDOWS\SYSTEM32\dhcpcsvc.DLL
0x00007fff6d670000 - 0x00007fff6d73a000 	C:\WINDOWS\SYSTEM32\DNSAPI.dll
0x00007fff6cf50000 - 0x00007fff6cf83000 	C:\WINDOWS\SYSTEM32\ntmarta.dll

dbghelp: loaded successfully - version: 4.0.5 - missing functions: none
symbol engine: initialized successfully - sym options: 0x614 - pdb path: .;C:\Program Files\Android\Android Studio\jre\bin;C:\WINDOWS\SYSTEM32;C:\WINDOWS\WinSxS\amd64_microsoft.windows.common-controls_6595b64144ccf1df_6.0.19041.1110_none_60b5254171f9507e;C:\Program Files\Android\Android Studio\jre\bin\server;C:\Users\Shrooq\.gradle\native\e1d6ef7f7dcc3fd88c89a11ec53ec762bb8ba0a96d01ffa2cd45eb1d1d8dd5c5\windows-amd64;C:\Users\Shrooq\.gradle\native\5664cfc778a61ccfe75a443a1ab52a65af34e5dc3c78e0209fed803814484fcb\windows-amd64

VM Arguments:
jvm_args: --add-opens=java.base/java.util=ALL-UNNAMED --add-opens=java.base/java.lang=ALL-UNNAMED --add-opens=java.base/java.lang.invoke=ALL-UNNAMED --add-opens=java.base/java.util=ALL-UNNAMED --add-opens=java.prefs/java.util.prefs=ALL-UNNAMED --add-opens=java.prefs/java.util.prefs=ALL-UNNAMED --add-opens=java.base/java.nio.charset=ALL-UNNAMED --add-opens=java.base/java.net=ALL-UNNAMED --add-opens=java.base/java.util.concurrent.atomic=ALL-UNNAMED -Xmx2048m -Dfile.encoding=UTF-8 -Duser.country=US -Duser.language=en -Duser.variant 
java_command: org.gradle.launcher.daemon.bootstrap.GradleDaemon 7.2
java_class_path (initial): C:\Users\Shrooq\.gradle\wrapper\dists\gradle-7.2-bin\2dnblmf4td7x66yl1d74lt32g\gradle-7.2\lib\gradle-launcher-7.2.jar
Launcher Type: SUN_STANDARD

[Global flags]
     intx CICompilerCount                          = 4                                         {product} {ergonomic}
     uint ConcGCThreads                            = 2                                         {product} {ergonomic}
     uint G1ConcRefinementThreads                  = 8                                         {product} {ergonomic}
   size_t G1HeapRegionSize                         = 1048576                                   {product} {ergonomic}
    uintx GCDrainStackTargetSize                   = 64                                        {product} {ergonomic}
   size_t InitialHeapSize                          = 266338304                                 {product} {ergonomic}
   size_t MarkStackSize                            = 4194304                                   {product} {ergonomic}
   size_t MaxHeapSize                              = 2147483648                                {product} {command line}
   size_t MaxNewSize                               = 1287651328                                {product} {ergonomic}
   size_t MinHeapDeltaBytes                        = 1048576                                   {product} {ergonomic}
    uintx NonNMethodCodeHeapSize                   = 5836300                                {pd product} {ergonomic}
    uintx NonProfiledCodeHeapSize                  = 122910970                              {pd product} {ergonomic}
    uintx ProfiledCodeHeapSize                     = 122910970                              {pd product} {ergonomic}
    uintx ReservedCodeCacheSize                    = 251658240                              {pd product} {ergonomic}
     bool SegmentedCodeCache                       = true                                      {product} {ergonomic}
     bool UseCompressedClassPointers               = true                                 {lp64_product} {ergonomic}
     bool UseCompressedOops                        = true                                 {lp64_product} {ergonomic}
     bool UseG1GC                                  = true                                      {product} {ergonomic}
     bool UseLargePagesIndividualAllocation        = false                                  {pd product} {ergonomic}

Logging:
Log output configuration:
 #0: stdout all=warning uptime,level,tags
 #1: stderr all=off uptime,level,tags

Environment Variables:
PATH=C:\WINDOWS\system32;C:\WINDOWS;C:\WINDOWS\System32\Wbem;C:\WINDOWS\System32\WindowsPowerShell\v1.0\;C:\WINDOWS\System32\OpenSSH\;C:\Program Files\Git\cmd;C:\Users\Shrooq\AppData\Local\Microsoft\WindowsApps;C:\Program Files\JetBrains\IntelliJ IDEA Community Edition 2021.3.2\bin;;C:\Program Files\JetBrains\IntelliJ IDEA 2019.2.4\bin;;C:\Program Files\JetBrains\bin;C:\Users\Shrooq\AppData\Local\GitHubDesktop\bin
USERNAME=Shrooq
OS=Windows_NT
PROCESSOR_IDENTIFIER=Intel64 Family 6 Model 158 Stepping 9, GenuineIntel



---------------  S Y S T E M  ---------------

OS: Windows 10 , 64 bit Build 19041 (10.0.19041.1566)
OS uptime: 4 days 20:36 hours

CPU:total 8 (initial active 8) (4 cores per cpu, 2 threads per core) family 6 model 158 stepping 9 microcode 0xb4, cmov, cx8, fxsr, mmx, sse, sse2, sse3, ssse3, sse4.1, sse4.2, popcnt, avx, avx2, aes, clmul, erms, rtm, 3dnowpref, lzcnt, ht, tsc, tscinvbit, bmi1, bmi2, adx, fma

Memory: 4k page, system-wide physical 16247M (948M free)
TotalPageFile size 30370M (AvailPageFile size 3M)
current process WorkingSet (physical memory assigned to process): 525M, peak: 525M
current process commit charge ("private bytes"): 575M, peak: 576M

vm_info: OpenJDK 64-Bit Server VM (11.0.11+9-b60-7590822) for windows-amd64 JRE (11.0.11+9-b60-7590822), built on Jul 29 2021 21:43:44 by "builder" with MS VC++ 14.0 (VS2015)

END.
